[2025-03-20T18:35:09.126+0000] {taskinstance.py:1157} INFO - Dependencies all met for dep_context=non-requeueable deps ti=<TaskInstance: transaction-facts_generator.generate_txn_fact_data scheduled__2025-03-18T00:00:00+00:00 [queued]>
[2025-03-20T18:35:09.153+0000] {taskinstance.py:1157} INFO - Dependencies all met for dep_context=requeueable deps ti=<TaskInstance: transaction-facts_generator.generate_txn_fact_data scheduled__2025-03-18T00:00:00+00:00 [queued]>
[2025-03-20T18:35:09.154+0000] {taskinstance.py:1359} INFO - Starting attempt 1 of 2
[2025-03-20T18:35:09.202+0000] {taskinstance.py:1380} INFO - Executing <Task(KafkaProduceOperator): generate_txn_fact_data> on 2025-03-18 00:00:00+00:00
[2025-03-20T18:35:09.209+0000] {standard_task_runner.py:57} INFO - Started process 238 to run task
[2025-03-20T18:35:09.216+0000] {standard_task_runner.py:84} INFO - Running: ['***', 'tasks', 'run', 'transaction-facts_generator', 'generate_txn_fact_data', 'scheduled__2025-03-18T00:00:00+00:00', '--job-id', '14', '--raw', '--subdir', 'DAGS_FOLDER/transaction_facts_generator.py', '--cfg-path', '/tmp/tmpw2euhdlo']
[2025-03-20T18:35:09.220+0000] {standard_task_runner.py:85} INFO - Job 14: Subtask generate_txn_fact_data
[2025-03-20T18:35:09.325+0000] {task_command.py:415} INFO - Running <TaskInstance: transaction-facts_generator.generate_txn_fact_data scheduled__2025-03-18T00:00:00+00:00 [running]> on host c601b8b43588
[2025-03-20T18:35:09.698+0000] {taskinstance.py:1660} INFO - Exporting env vars: AIRFLOW_CTX_DAG_OWNER='kebishaa' AIRFLOW_CTX_DAG_ID='transaction-facts_generator' AIRFLOW_CTX_TASK_ID='generate_txn_fact_data' AIRFLOW_CTX_EXECUTION_DATE='2025-03-18T00:00:00+00:00' AIRFLOW_CTX_TRY_NUMBER='1' AIRFLOW_CTX_DAG_RUN_ID='scheduled__2025-03-18T00:00:00+00:00'
[2025-03-20T18:35:09.738+0000] {conn.py:385} INFO - <BrokerConnection client_id=kafka-python-producer-1, node_id=bootstrap-0 host=kafka_broker:9092 <connecting> [IPv4 ('172.18.0.3', 9092)]>: connecting to kafka_broker:9092 [('172.18.0.3', 9092) IPv4]
[2025-03-20T18:35:10.114+0000] {conn.py:593} INFO - Broker version identified as 2.5
[2025-03-20T18:35:10.119+0000] {conn.py:445} INFO - <BrokerConnection client_id=kafka-python-producer-1, node_id=bootstrap-0 host=kafka_broker:9092 <checking_api_versions_recv> [IPv4 ('172.18.0.3', 9092)]>: Connection complete.
[2025-03-20T18:35:10.705+0000] {conn.py:1506} WARNING - DNS lookup failed for kafka-broker:9092, exception was [Errno -2] Name or service not known. Is your advertised.listeners (called advertised.host.name before Kafka 9) correct and resolvable?
[2025-03-20T18:35:10.707+0000] {conn.py:312} ERROR - DNS lookup failed for kafka-broker:9092 (0)
[2025-03-20T18:35:11.112+0000] {conn.py:1506} WARNING - DNS lookup failed for kafka-broker:9092, exception was [Errno -2] Name or service not known. Is your advertised.listeners (called advertised.host.name before Kafka 9) correct and resolvable?
[2025-03-20T18:35:11.115+0000] {conn.py:312} ERROR - DNS lookup failed for kafka-broker:9092 (0)
[2025-03-20T18:35:11.511+0000] {conn.py:1506} WARNING - DNS lookup failed for kafka-broker:9092, exception was [Errno -2] Name or service not known. Is your advertised.listeners (called advertised.host.name before Kafka 9) correct and resolvable?
[2025-03-20T18:35:11.513+0000] {conn.py:312} ERROR - DNS lookup failed for kafka-broker:9092 (0)
[2025-03-20T18:35:11.830+0000] {conn.py:1506} WARNING - DNS lookup failed for kafka-broker:9092, exception was [Errno -2] Name or service not known. Is your advertised.listeners (called advertised.host.name before Kafka 9) correct and resolvable?
[2025-03-20T18:35:11.832+0000] {conn.py:312} ERROR - DNS lookup failed for kafka-broker:9092 (0)
[2025-03-20T18:35:12.124+0000] {conn.py:1506} WARNING - DNS lookup failed for kafka-broker:9092, exception was [Errno -2] Name or service not known. Is your advertised.listeners (called advertised.host.name before Kafka 9) correct and resolvable?
[2025-03-20T18:35:12.125+0000] {conn.py:312} ERROR - DNS lookup failed for kafka-broker:9092 (0)
[2025-03-20T18:35:12.286+0000] {conn.py:1506} WARNING - DNS lookup failed for kafka-broker:9092, exception was [Errno -2] Name or service not known. Is your advertised.listeners (called advertised.host.name before Kafka 9) correct and resolvable?
[2025-03-20T18:35:12.291+0000] {conn.py:312} ERROR - DNS lookup failed for kafka-broker:9092 (0)
[2025-03-20T18:35:12.851+0000] {conn.py:1506} WARNING - DNS lookup failed for kafka-broker:9092, exception was [Errno -2] Name or service not known. Is your advertised.listeners (called advertised.host.name before Kafka 9) correct and resolvable?
[2025-03-20T18:35:12.860+0000] {conn.py:312} ERROR - DNS lookup failed for kafka-broker:9092 (0)
[2025-03-20T18:35:13.186+0000] {conn.py:1506} WARNING - DNS lookup failed for kafka-broker:9092, exception was [Errno -2] Name or service not known. Is your advertised.listeners (called advertised.host.name before Kafka 9) correct and resolvable?
[2025-03-20T18:35:13.198+0000] {conn.py:312} ERROR - DNS lookup failed for kafka-broker:9092 (0)
[2025-03-20T18:35:13.384+0000] {conn.py:1506} WARNING - DNS lookup failed for kafka-broker:9092, exception was [Errno -2] Name or service not known. Is your advertised.listeners (called advertised.host.name before Kafka 9) correct and resolvable?
[2025-03-20T18:35:13.394+0000] {conn.py:312} ERROR - DNS lookup failed for kafka-broker:9092 (0)
[2025-03-20T18:35:13.526+0000] {conn.py:1506} WARNING - DNS lookup failed for kafka-broker:9092, exception was [Errno -2] Name or service not known. Is your advertised.listeners (called advertised.host.name before Kafka 9) correct and resolvable?
[2025-03-20T18:35:13.528+0000] {conn.py:312} ERROR - DNS lookup failed for kafka-broker:9092 (0)
[2025-03-20T18:35:13.701+0000] {conn.py:1506} WARNING - DNS lookup failed for kafka-broker:9092, exception was [Errno -2] Name or service not known. Is your advertised.listeners (called advertised.host.name before Kafka 9) correct and resolvable?
[2025-03-20T18:35:13.707+0000] {conn.py:312} ERROR - DNS lookup failed for kafka-broker:9092 (0)
[2025-03-20T18:35:13.796+0000] {conn.py:1506} WARNING - DNS lookup failed for kafka-broker:9092, exception was [Errno -2] Name or service not known. Is your advertised.listeners (called advertised.host.name before Kafka 9) correct and resolvable?
[2025-03-20T18:35:13.801+0000] {conn.py:312} ERROR - DNS lookup failed for kafka-broker:9092 (0)
[2025-03-20T18:35:14.024+0000] {conn.py:1506} WARNING - DNS lookup failed for kafka-broker:9092, exception was [Errno -2] Name or service not known. Is your advertised.listeners (called advertised.host.name before Kafka 9) correct and resolvable?
[2025-03-20T18:35:14.026+0000] {conn.py:312} ERROR - DNS lookup failed for kafka-broker:9092 (0)
[2025-03-20T18:35:14.151+0000] {conn.py:1506} WARNING - DNS lookup failed for kafka-broker:9092, exception was [Errno -2] Name or service not known. Is your advertised.listeners (called advertised.host.name before Kafka 9) correct and resolvable?
[2025-03-20T18:35:14.154+0000] {conn.py:312} ERROR - DNS lookup failed for kafka-broker:9092 (0)
[2025-03-20T18:35:14.285+0000] {conn.py:1506} WARNING - DNS lookup failed for kafka-broker:9092, exception was [Errno -2] Name or service not known. Is your advertised.listeners (called advertised.host.name before Kafka 9) correct and resolvable?
[2025-03-20T18:35:14.288+0000] {conn.py:312} ERROR - DNS lookup failed for kafka-broker:9092 (0)
[2025-03-20T18:35:14.441+0000] {conn.py:1506} WARNING - DNS lookup failed for kafka-broker:9092, exception was [Errno -2] Name or service not known. Is your advertised.listeners (called advertised.host.name before Kafka 9) correct and resolvable?
[2025-03-20T18:35:14.442+0000] {conn.py:312} ERROR - DNS lookup failed for kafka-broker:9092 (0)
[2025-03-20T18:35:14.764+0000] {conn.py:1506} WARNING - DNS lookup failed for kafka-broker:9092, exception was [Errno -2] Name or service not known. Is your advertised.listeners (called advertised.host.name before Kafka 9) correct and resolvable?
[2025-03-20T18:35:14.766+0000] {conn.py:312} ERROR - DNS lookup failed for kafka-broker:9092 (0)
[2025-03-20T18:35:14.880+0000] {conn.py:1506} WARNING - DNS lookup failed for kafka-broker:9092, exception was [Errno -2] Name or service not known. Is your advertised.listeners (called advertised.host.name before Kafka 9) correct and resolvable?
[2025-03-20T18:35:14.881+0000] {conn.py:312} ERROR - DNS lookup failed for kafka-broker:9092 (0)
[2025-03-20T18:35:15.280+0000] {conn.py:1506} WARNING - DNS lookup failed for kafka-broker:9092, exception was [Errno -2] Name or service not known. Is your advertised.listeners (called advertised.host.name before Kafka 9) correct and resolvable?
[2025-03-20T18:35:15.283+0000] {conn.py:312} ERROR - DNS lookup failed for kafka-broker:9092 (0)
[2025-03-20T18:35:15.504+0000] {conn.py:1506} WARNING - DNS lookup failed for kafka-broker:9092, exception was [Errno -2] Name or service not known. Is your advertised.listeners (called advertised.host.name before Kafka 9) correct and resolvable?
[2025-03-20T18:35:15.509+0000] {conn.py:312} ERROR - DNS lookup failed for kafka-broker:9092 (0)
[2025-03-20T18:35:15.915+0000] {conn.py:1506} WARNING - DNS lookup failed for kafka-broker:9092, exception was [Errno -2] Name or service not known. Is your advertised.listeners (called advertised.host.name before Kafka 9) correct and resolvable?
[2025-03-20T18:35:15.916+0000] {conn.py:312} ERROR - DNS lookup failed for kafka-broker:9092 (0)
[2025-03-20T18:35:16.239+0000] {conn.py:1506} WARNING - DNS lookup failed for kafka-broker:9092, exception was [Errno -2] Name or service not known. Is your advertised.listeners (called advertised.host.name before Kafka 9) correct and resolvable?
[2025-03-20T18:35:16.244+0000] {conn.py:312} ERROR - DNS lookup failed for kafka-broker:9092 (0)
[2025-03-20T18:35:16.536+0000] {conn.py:1506} WARNING - DNS lookup failed for kafka-broker:9092, exception was [Errno -2] Name or service not known. Is your advertised.listeners (called advertised.host.name before Kafka 9) correct and resolvable?
[2025-03-20T18:35:16.538+0000] {conn.py:312} ERROR - DNS lookup failed for kafka-broker:9092 (0)
[2025-03-20T18:35:16.733+0000] {conn.py:1506} WARNING - DNS lookup failed for kafka-broker:9092, exception was [Errno -2] Name or service not known. Is your advertised.listeners (called advertised.host.name before Kafka 9) correct and resolvable?
[2025-03-20T18:35:16.734+0000] {conn.py:312} ERROR - DNS lookup failed for kafka-broker:9092 (0)
[2025-03-20T18:35:17.121+0000] {conn.py:1506} WARNING - DNS lookup failed for kafka-broker:9092, exception was [Errno -2] Name or service not known. Is your advertised.listeners (called advertised.host.name before Kafka 9) correct and resolvable?
[2025-03-20T18:35:17.123+0000] {conn.py:312} ERROR - DNS lookup failed for kafka-broker:9092 (0)
[2025-03-20T18:35:17.240+0000] {conn.py:1506} WARNING - DNS lookup failed for kafka-broker:9092, exception was [Errno -2] Name or service not known. Is your advertised.listeners (called advertised.host.name before Kafka 9) correct and resolvable?
[2025-03-20T18:35:17.243+0000] {conn.py:312} ERROR - DNS lookup failed for kafka-broker:9092 (0)
[2025-03-20T18:35:17.378+0000] {conn.py:1506} WARNING - DNS lookup failed for kafka-broker:9092, exception was [Errno -2] Name or service not known. Is your advertised.listeners (called advertised.host.name before Kafka 9) correct and resolvable?
[2025-03-20T18:35:17.382+0000] {conn.py:312} ERROR - DNS lookup failed for kafka-broker:9092 (0)
[2025-03-20T18:35:17.502+0000] {conn.py:1506} WARNING - DNS lookup failed for kafka-broker:9092, exception was [Errno -2] Name or service not known. Is your advertised.listeners (called advertised.host.name before Kafka 9) correct and resolvable?
[2025-03-20T18:35:17.506+0000] {conn.py:312} ERROR - DNS lookup failed for kafka-broker:9092 (0)
[2025-03-20T18:35:17.648+0000] {conn.py:1506} WARNING - DNS lookup failed for kafka-broker:9092, exception was [Errno -2] Name or service not known. Is your advertised.listeners (called advertised.host.name before Kafka 9) correct and resolvable?
[2025-03-20T18:35:17.649+0000] {conn.py:312} ERROR - DNS lookup failed for kafka-broker:9092 (0)
[2025-03-20T18:35:17.823+0000] {conn.py:1506} WARNING - DNS lookup failed for kafka-broker:9092, exception was [Errno -2] Name or service not known. Is your advertised.listeners (called advertised.host.name before Kafka 9) correct and resolvable?
[2025-03-20T18:35:17.826+0000] {conn.py:312} ERROR - DNS lookup failed for kafka-broker:9092 (0)
[2025-03-20T18:35:17.978+0000] {conn.py:1506} WARNING - DNS lookup failed for kafka-broker:9092, exception was [Errno -2] Name or service not known. Is your advertised.listeners (called advertised.host.name before Kafka 9) correct and resolvable?
[2025-03-20T18:35:17.979+0000] {conn.py:312} ERROR - DNS lookup failed for kafka-broker:9092 (0)
[2025-03-20T18:35:18.103+0000] {conn.py:1506} WARNING - DNS lookup failed for kafka-broker:9092, exception was [Errno -2] Name or service not known. Is your advertised.listeners (called advertised.host.name before Kafka 9) correct and resolvable?
[2025-03-20T18:35:18.105+0000] {conn.py:312} ERROR - DNS lookup failed for kafka-broker:9092 (0)
[2025-03-20T18:35:18.265+0000] {conn.py:1506} WARNING - DNS lookup failed for kafka-broker:9092, exception was [Errno -2] Name or service not known. Is your advertised.listeners (called advertised.host.name before Kafka 9) correct and resolvable?
[2025-03-20T18:35:18.269+0000] {conn.py:312} ERROR - DNS lookup failed for kafka-broker:9092 (0)
[2025-03-20T18:35:18.578+0000] {conn.py:1506} WARNING - DNS lookup failed for kafka-broker:9092, exception was [Errno -2] Name or service not known. Is your advertised.listeners (called advertised.host.name before Kafka 9) correct and resolvable?
[2025-03-20T18:35:18.585+0000] {conn.py:312} ERROR - DNS lookup failed for kafka-broker:9092 (0)
[2025-03-20T18:35:18.752+0000] {conn.py:1506} WARNING - DNS lookup failed for kafka-broker:9092, exception was [Errno -2] Name or service not known. Is your advertised.listeners (called advertised.host.name before Kafka 9) correct and resolvable?
[2025-03-20T18:35:18.754+0000] {conn.py:312} ERROR - DNS lookup failed for kafka-broker:9092 (0)
[2025-03-20T18:35:19.065+0000] {conn.py:1506} WARNING - DNS lookup failed for kafka-broker:9092, exception was [Errno -2] Name or service not known. Is your advertised.listeners (called advertised.host.name before Kafka 9) correct and resolvable?
[2025-03-20T18:35:19.069+0000] {conn.py:312} ERROR - DNS lookup failed for kafka-broker:9092 (0)
[2025-03-20T18:35:19.351+0000] {conn.py:1506} WARNING - DNS lookup failed for kafka-broker:9092, exception was [Errno -2] Name or service not known. Is your advertised.listeners (called advertised.host.name before Kafka 9) correct and resolvable?
[2025-03-20T18:35:19.352+0000] {conn.py:312} ERROR - DNS lookup failed for kafka-broker:9092 (0)
[2025-03-20T18:35:19.505+0000] {conn.py:1506} WARNING - DNS lookup failed for kafka-broker:9092, exception was [Errno -2] Name or service not known. Is your advertised.listeners (called advertised.host.name before Kafka 9) correct and resolvable?
[2025-03-20T18:35:19.508+0000] {conn.py:312} ERROR - DNS lookup failed for kafka-broker:9092 (0)
[2025-03-20T18:35:19.657+0000] {conn.py:1506} WARNING - DNS lookup failed for kafka-broker:9092, exception was [Errno -2] Name or service not known. Is your advertised.listeners (called advertised.host.name before Kafka 9) correct and resolvable?
[2025-03-20T18:35:19.658+0000] {conn.py:312} ERROR - DNS lookup failed for kafka-broker:9092 (0)
[2025-03-20T18:35:19.819+0000] {conn.py:1506} WARNING - DNS lookup failed for kafka-broker:9092, exception was [Errno -2] Name or service not known. Is your advertised.listeners (called advertised.host.name before Kafka 9) correct and resolvable?
[2025-03-20T18:35:19.820+0000] {conn.py:312} ERROR - DNS lookup failed for kafka-broker:9092 (0)
[2025-03-20T18:35:20.011+0000] {conn.py:1506} WARNING - DNS lookup failed for kafka-broker:9092, exception was [Errno -2] Name or service not known. Is your advertised.listeners (called advertised.host.name before Kafka 9) correct and resolvable?
[2025-03-20T18:35:20.015+0000] {conn.py:312} ERROR - DNS lookup failed for kafka-broker:9092 (0)
[2025-03-20T18:35:20.158+0000] {conn.py:1506} WARNING - DNS lookup failed for kafka-broker:9092, exception was [Errno -2] Name or service not known. Is your advertised.listeners (called advertised.host.name before Kafka 9) correct and resolvable?
[2025-03-20T18:35:20.162+0000] {conn.py:312} ERROR - DNS lookup failed for kafka-broker:9092 (0)
[2025-03-20T18:35:20.274+0000] {conn.py:1506} WARNING - DNS lookup failed for kafka-broker:9092, exception was [Errno -2] Name or service not known. Is your advertised.listeners (called advertised.host.name before Kafka 9) correct and resolvable?
[2025-03-20T18:35:20.276+0000] {conn.py:312} ERROR - DNS lookup failed for kafka-broker:9092 (0)
[2025-03-20T18:35:20.423+0000] {conn.py:1506} WARNING - DNS lookup failed for kafka-broker:9092, exception was [Errno -2] Name or service not known. Is your advertised.listeners (called advertised.host.name before Kafka 9) correct and resolvable?
[2025-03-20T18:35:20.424+0000] {conn.py:312} ERROR - DNS lookup failed for kafka-broker:9092 (0)
[2025-03-20T18:35:20.548+0000] {conn.py:1506} WARNING - DNS lookup failed for kafka-broker:9092, exception was [Errno -2] Name or service not known. Is your advertised.listeners (called advertised.host.name before Kafka 9) correct and resolvable?
[2025-03-20T18:35:20.551+0000] {conn.py:312} ERROR - DNS lookup failed for kafka-broker:9092 (0)
[2025-03-20T18:35:20.745+0000] {conn.py:1506} WARNING - DNS lookup failed for kafka-broker:9092, exception was [Errno -2] Name or service not known. Is your advertised.listeners (called advertised.host.name before Kafka 9) correct and resolvable?
[2025-03-20T18:35:20.747+0000] {conn.py:312} ERROR - DNS lookup failed for kafka-broker:9092 (0)
[2025-03-20T18:35:20.868+0000] {conn.py:1506} WARNING - DNS lookup failed for kafka-broker:9092, exception was [Errno -2] Name or service not known. Is your advertised.listeners (called advertised.host.name before Kafka 9) correct and resolvable?
[2025-03-20T18:35:20.871+0000] {conn.py:312} ERROR - DNS lookup failed for kafka-broker:9092 (0)
[2025-03-20T18:35:21.064+0000] {conn.py:1506} WARNING - DNS lookup failed for kafka-broker:9092, exception was [Errno -2] Name or service not known. Is your advertised.listeners (called advertised.host.name before Kafka 9) correct and resolvable?
[2025-03-20T18:35:21.065+0000] {conn.py:312} ERROR - DNS lookup failed for kafka-broker:9092 (0)
[2025-03-20T18:35:21.225+0000] {conn.py:1506} WARNING - DNS lookup failed for kafka-broker:9092, exception was [Errno -2] Name or service not known. Is your advertised.listeners (called advertised.host.name before Kafka 9) correct and resolvable?
[2025-03-20T18:35:21.230+0000] {conn.py:312} ERROR - DNS lookup failed for kafka-broker:9092 (0)
[2025-03-20T18:35:21.382+0000] {conn.py:1506} WARNING - DNS lookup failed for kafka-broker:9092, exception was [Errno -2] Name or service not known. Is your advertised.listeners (called advertised.host.name before Kafka 9) correct and resolvable?
[2025-03-20T18:35:21.385+0000] {conn.py:312} ERROR - DNS lookup failed for kafka-broker:9092 (0)
[2025-03-20T18:35:21.517+0000] {conn.py:1506} WARNING - DNS lookup failed for kafka-broker:9092, exception was [Errno -2] Name or service not known. Is your advertised.listeners (called advertised.host.name before Kafka 9) correct and resolvable?
[2025-03-20T18:35:21.518+0000] {conn.py:312} ERROR - DNS lookup failed for kafka-broker:9092 (0)
[2025-03-20T18:35:21.630+0000] {conn.py:1506} WARNING - DNS lookup failed for kafka-broker:9092, exception was [Errno -2] Name or service not known. Is your advertised.listeners (called advertised.host.name before Kafka 9) correct and resolvable?
[2025-03-20T18:35:21.632+0000] {conn.py:312} ERROR - DNS lookup failed for kafka-broker:9092 (0)
[2025-03-20T18:35:21.753+0000] {conn.py:1506} WARNING - DNS lookup failed for kafka-broker:9092, exception was [Errno -2] Name or service not known. Is your advertised.listeners (called advertised.host.name before Kafka 9) correct and resolvable?
[2025-03-20T18:35:21.757+0000] {conn.py:312} ERROR - DNS lookup failed for kafka-broker:9092 (0)
[2025-03-20T18:35:22.351+0000] {conn.py:1506} WARNING - DNS lookup failed for kafka-broker:9092, exception was [Errno -2] Name or service not known. Is your advertised.listeners (called advertised.host.name before Kafka 9) correct and resolvable?
[2025-03-20T18:35:22.352+0000] {conn.py:312} ERROR - DNS lookup failed for kafka-broker:9092 (0)
[2025-03-20T18:35:22.471+0000] {conn.py:1506} WARNING - DNS lookup failed for kafka-broker:9092, exception was [Errno -2] Name or service not known. Is your advertised.listeners (called advertised.host.name before Kafka 9) correct and resolvable?
[2025-03-20T18:35:22.474+0000] {conn.py:312} ERROR - DNS lookup failed for kafka-broker:9092 (0)
[2025-03-20T18:35:22.616+0000] {conn.py:1506} WARNING - DNS lookup failed for kafka-broker:9092, exception was [Errno -2] Name or service not known. Is your advertised.listeners (called advertised.host.name before Kafka 9) correct and resolvable?
[2025-03-20T18:35:22.619+0000] {conn.py:312} ERROR - DNS lookup failed for kafka-broker:9092 (0)
[2025-03-20T18:35:22.742+0000] {conn.py:1506} WARNING - DNS lookup failed for kafka-broker:9092, exception was [Errno -2] Name or service not known. Is your advertised.listeners (called advertised.host.name before Kafka 9) correct and resolvable?
[2025-03-20T18:35:22.745+0000] {conn.py:312} ERROR - DNS lookup failed for kafka-broker:9092 (0)
[2025-03-20T18:35:22.880+0000] {conn.py:1506} WARNING - DNS lookup failed for kafka-broker:9092, exception was [Errno -2] Name or service not known. Is your advertised.listeners (called advertised.host.name before Kafka 9) correct and resolvable?
[2025-03-20T18:35:22.881+0000] {conn.py:312} ERROR - DNS lookup failed for kafka-broker:9092 (0)
[2025-03-20T18:35:22.991+0000] {conn.py:1506} WARNING - DNS lookup failed for kafka-broker:9092, exception was [Errno -2] Name or service not known. Is your advertised.listeners (called advertised.host.name before Kafka 9) correct and resolvable?
[2025-03-20T18:35:22.993+0000] {conn.py:312} ERROR - DNS lookup failed for kafka-broker:9092 (0)
[2025-03-20T18:35:23.131+0000] {conn.py:1506} WARNING - DNS lookup failed for kafka-broker:9092, exception was [Errno -2] Name or service not known. Is your advertised.listeners (called advertised.host.name before Kafka 9) correct and resolvable?
[2025-03-20T18:35:23.133+0000] {conn.py:312} ERROR - DNS lookup failed for kafka-broker:9092 (0)
[2025-03-20T18:35:23.258+0000] {conn.py:1506} WARNING - DNS lookup failed for kafka-broker:9092, exception was [Errno -2] Name or service not known. Is your advertised.listeners (called advertised.host.name before Kafka 9) correct and resolvable?
[2025-03-20T18:35:23.263+0000] {conn.py:312} ERROR - DNS lookup failed for kafka-broker:9092 (0)
[2025-03-20T18:35:23.425+0000] {conn.py:1506} WARNING - DNS lookup failed for kafka-broker:9092, exception was [Errno -2] Name or service not known. Is your advertised.listeners (called advertised.host.name before Kafka 9) correct and resolvable?
[2025-03-20T18:35:23.427+0000] {conn.py:312} ERROR - DNS lookup failed for kafka-broker:9092 (0)
[2025-03-20T18:35:23.563+0000] {conn.py:1506} WARNING - DNS lookup failed for kafka-broker:9092, exception was [Errno -2] Name or service not known. Is your advertised.listeners (called advertised.host.name before Kafka 9) correct and resolvable?
[2025-03-20T18:35:23.565+0000] {conn.py:312} ERROR - DNS lookup failed for kafka-broker:9092 (0)
[2025-03-20T18:35:23.722+0000] {conn.py:1506} WARNING - DNS lookup failed for kafka-broker:9092, exception was [Errno -2] Name or service not known. Is your advertised.listeners (called advertised.host.name before Kafka 9) correct and resolvable?
[2025-03-20T18:35:23.723+0000] {conn.py:312} ERROR - DNS lookup failed for kafka-broker:9092 (0)
[2025-03-20T18:35:23.849+0000] {conn.py:1506} WARNING - DNS lookup failed for kafka-broker:9092, exception was [Errno -2] Name or service not known. Is your advertised.listeners (called advertised.host.name before Kafka 9) correct and resolvable?
[2025-03-20T18:35:23.851+0000] {conn.py:312} ERROR - DNS lookup failed for kafka-broker:9092 (0)
[2025-03-20T18:35:24.001+0000] {conn.py:1506} WARNING - DNS lookup failed for kafka-broker:9092, exception was [Errno -2] Name or service not known. Is your advertised.listeners (called advertised.host.name before Kafka 9) correct and resolvable?
[2025-03-20T18:35:24.002+0000] {conn.py:312} ERROR - DNS lookup failed for kafka-broker:9092 (0)
[2025-03-20T18:35:24.145+0000] {conn.py:1506} WARNING - DNS lookup failed for kafka-broker:9092, exception was [Errno -2] Name or service not known. Is your advertised.listeners (called advertised.host.name before Kafka 9) correct and resolvable?
[2025-03-20T18:35:24.148+0000] {conn.py:312} ERROR - DNS lookup failed for kafka-broker:9092 (0)
[2025-03-20T18:35:24.306+0000] {conn.py:1506} WARNING - DNS lookup failed for kafka-broker:9092, exception was [Errno -2] Name or service not known. Is your advertised.listeners (called advertised.host.name before Kafka 9) correct and resolvable?
[2025-03-20T18:35:24.307+0000] {conn.py:312} ERROR - DNS lookup failed for kafka-broker:9092 (0)
[2025-03-20T18:35:24.441+0000] {conn.py:1506} WARNING - DNS lookup failed for kafka-broker:9092, exception was [Errno -2] Name or service not known. Is your advertised.listeners (called advertised.host.name before Kafka 9) correct and resolvable?
[2025-03-20T18:35:24.443+0000] {conn.py:312} ERROR - DNS lookup failed for kafka-broker:9092 (0)
[2025-03-20T18:35:29.644+0000] {conn.py:1506} WARNING - DNS lookup failed for kafka-broker:9092, exception was [Errno -2] Name or service not known. Is your advertised.listeners (called advertised.host.name before Kafka 9) correct and resolvable?
[2025-03-20T18:35:29.650+0000] {conn.py:312} ERROR - DNS lookup failed for kafka-broker:9092 (0)
[2025-03-20T18:35:29.766+0000] {conn.py:1506} WARNING - DNS lookup failed for kafka-broker:9092, exception was [Errno -2] Name or service not known. Is your advertised.listeners (called advertised.host.name before Kafka 9) correct and resolvable?
[2025-03-20T18:35:29.771+0000] {conn.py:312} ERROR - DNS lookup failed for kafka-broker:9092 (0)
[2025-03-20T18:35:29.918+0000] {conn.py:1506} WARNING - DNS lookup failed for kafka-broker:9092, exception was [Errno -2] Name or service not known. Is your advertised.listeners (called advertised.host.name before Kafka 9) correct and resolvable?
[2025-03-20T18:35:29.922+0000] {conn.py:312} ERROR - DNS lookup failed for kafka-broker:9092 (0)
[2025-03-20T18:35:30.252+0000] {conn.py:1506} WARNING - DNS lookup failed for kafka-broker:9092, exception was [Errno -2] Name or service not known. Is your advertised.listeners (called advertised.host.name before Kafka 9) correct and resolvable?
[2025-03-20T18:35:30.258+0000] {conn.py:312} ERROR - DNS lookup failed for kafka-broker:9092 (0)
[2025-03-20T18:35:30.444+0000] {conn.py:1506} WARNING - DNS lookup failed for kafka-broker:9092, exception was [Errno -2] Name or service not known. Is your advertised.listeners (called advertised.host.name before Kafka 9) correct and resolvable?
[2025-03-20T18:35:30.447+0000] {conn.py:312} ERROR - DNS lookup failed for kafka-broker:9092 (0)
[2025-03-20T18:35:30.786+0000] {conn.py:1506} WARNING - DNS lookup failed for kafka-broker:9092, exception was [Errno -2] Name or service not known. Is your advertised.listeners (called advertised.host.name before Kafka 9) correct and resolvable?
[2025-03-20T18:35:30.789+0000] {conn.py:312} ERROR - DNS lookup failed for kafka-broker:9092 (0)
[2025-03-20T18:35:30.966+0000] {conn.py:1506} WARNING - DNS lookup failed for kafka-broker:9092, exception was [Errno -2] Name or service not known. Is your advertised.listeners (called advertised.host.name before Kafka 9) correct and resolvable?
[2025-03-20T18:35:30.971+0000] {conn.py:312} ERROR - DNS lookup failed for kafka-broker:9092 (0)
[2025-03-20T18:35:31.081+0000] {conn.py:1506} WARNING - DNS lookup failed for kafka-broker:9092, exception was [Errno -2] Name or service not known. Is your advertised.listeners (called advertised.host.name before Kafka 9) correct and resolvable?
[2025-03-20T18:35:31.088+0000] {conn.py:312} ERROR - DNS lookup failed for kafka-broker:9092 (0)
[2025-03-20T18:35:31.202+0000] {conn.py:1506} WARNING - DNS lookup failed for kafka-broker:9092, exception was [Errno -2] Name or service not known. Is your advertised.listeners (called advertised.host.name before Kafka 9) correct and resolvable?
[2025-03-20T18:35:31.203+0000] {conn.py:312} ERROR - DNS lookup failed for kafka-broker:9092 (0)
[2025-03-20T18:35:31.302+0000] {conn.py:1506} WARNING - DNS lookup failed for kafka-broker:9092, exception was [Errno -2] Name or service not known. Is your advertised.listeners (called advertised.host.name before Kafka 9) correct and resolvable?
[2025-03-20T18:35:31.303+0000] {conn.py:312} ERROR - DNS lookup failed for kafka-broker:9092 (0)
[2025-03-20T18:35:31.485+0000] {conn.py:1506} WARNING - DNS lookup failed for kafka-broker:9092, exception was [Errno -2] Name or service not known. Is your advertised.listeners (called advertised.host.name before Kafka 9) correct and resolvable?
[2025-03-20T18:35:31.488+0000] {conn.py:312} ERROR - DNS lookup failed for kafka-broker:9092 (0)
[2025-03-20T18:35:31.619+0000] {conn.py:1506} WARNING - DNS lookup failed for kafka-broker:9092, exception was [Errno -2] Name or service not known. Is your advertised.listeners (called advertised.host.name before Kafka 9) correct and resolvable?
[2025-03-20T18:35:31.622+0000] {conn.py:312} ERROR - DNS lookup failed for kafka-broker:9092 (0)
[2025-03-20T18:35:31.735+0000] {conn.py:1506} WARNING - DNS lookup failed for kafka-broker:9092, exception was [Errno -2] Name or service not known. Is your advertised.listeners (called advertised.host.name before Kafka 9) correct and resolvable?
[2025-03-20T18:35:31.738+0000] {conn.py:312} ERROR - DNS lookup failed for kafka-broker:9092 (0)
[2025-03-20T18:35:31.873+0000] {conn.py:1506} WARNING - DNS lookup failed for kafka-broker:9092, exception was [Errno -2] Name or service not known. Is your advertised.listeners (called advertised.host.name before Kafka 9) correct and resolvable?
[2025-03-20T18:35:31.878+0000] {conn.py:312} ERROR - DNS lookup failed for kafka-broker:9092 (0)
[2025-03-20T18:35:31.998+0000] {conn.py:1506} WARNING - DNS lookup failed for kafka-broker:9092, exception was [Errno -2] Name or service not known. Is your advertised.listeners (called advertised.host.name before Kafka 9) correct and resolvable?
[2025-03-20T18:35:32.003+0000] {conn.py:312} ERROR - DNS lookup failed for kafka-broker:9092 (0)
[2025-03-20T18:35:32.130+0000] {conn.py:1506} WARNING - DNS lookup failed for kafka-broker:9092, exception was [Errno -2] Name or service not known. Is your advertised.listeners (called advertised.host.name before Kafka 9) correct and resolvable?
[2025-03-20T18:35:32.133+0000] {conn.py:312} ERROR - DNS lookup failed for kafka-broker:9092 (0)
[2025-03-20T18:35:32.253+0000] {conn.py:1506} WARNING - DNS lookup failed for kafka-broker:9092, exception was [Errno -2] Name or service not known. Is your advertised.listeners (called advertised.host.name before Kafka 9) correct and resolvable?
[2025-03-20T18:35:32.256+0000] {conn.py:312} ERROR - DNS lookup failed for kafka-broker:9092 (0)
[2025-03-20T18:35:32.378+0000] {conn.py:1506} WARNING - DNS lookup failed for kafka-broker:9092, exception was [Errno -2] Name or service not known. Is your advertised.listeners (called advertised.host.name before Kafka 9) correct and resolvable?
[2025-03-20T18:35:32.381+0000] {conn.py:312} ERROR - DNS lookup failed for kafka-broker:9092 (0)
[2025-03-20T18:35:32.528+0000] {conn.py:1506} WARNING - DNS lookup failed for kafka-broker:9092, exception was [Errno -2] Name or service not known. Is your advertised.listeners (called advertised.host.name before Kafka 9) correct and resolvable?
[2025-03-20T18:35:32.529+0000] {conn.py:312} ERROR - DNS lookup failed for kafka-broker:9092 (0)
[2025-03-20T18:35:32.649+0000] {conn.py:1506} WARNING - DNS lookup failed for kafka-broker:9092, exception was [Errno -2] Name or service not known. Is your advertised.listeners (called advertised.host.name before Kafka 9) correct and resolvable?
[2025-03-20T18:35:32.651+0000] {conn.py:312} ERROR - DNS lookup failed for kafka-broker:9092 (0)
[2025-03-20T18:35:32.772+0000] {conn.py:1506} WARNING - DNS lookup failed for kafka-broker:9092, exception was [Errno -2] Name or service not known. Is your advertised.listeners (called advertised.host.name before Kafka 9) correct and resolvable?
[2025-03-20T18:35:32.773+0000] {conn.py:312} ERROR - DNS lookup failed for kafka-broker:9092 (0)
[2025-03-20T18:35:32.892+0000] {conn.py:1506} WARNING - DNS lookup failed for kafka-broker:9092, exception was [Errno -2] Name or service not known. Is your advertised.listeners (called advertised.host.name before Kafka 9) correct and resolvable?
[2025-03-20T18:35:32.895+0000] {conn.py:312} ERROR - DNS lookup failed for kafka-broker:9092 (0)
[2025-03-20T18:35:33.002+0000] {conn.py:1506} WARNING - DNS lookup failed for kafka-broker:9092, exception was [Errno -2] Name or service not known. Is your advertised.listeners (called advertised.host.name before Kafka 9) correct and resolvable?
[2025-03-20T18:35:33.004+0000] {conn.py:312} ERROR - DNS lookup failed for kafka-broker:9092 (0)
[2025-03-20T18:35:33.111+0000] {conn.py:1506} WARNING - DNS lookup failed for kafka-broker:9092, exception was [Errno -2] Name or service not known. Is your advertised.listeners (called advertised.host.name before Kafka 9) correct and resolvable?
[2025-03-20T18:35:33.112+0000] {conn.py:312} ERROR - DNS lookup failed for kafka-broker:9092 (0)
[2025-03-20T18:35:33.232+0000] {conn.py:1506} WARNING - DNS lookup failed for kafka-broker:9092, exception was [Errno -2] Name or service not known. Is your advertised.listeners (called advertised.host.name before Kafka 9) correct and resolvable?
[2025-03-20T18:35:33.233+0000] {conn.py:312} ERROR - DNS lookup failed for kafka-broker:9092 (0)
[2025-03-20T18:35:33.349+0000] {conn.py:1506} WARNING - DNS lookup failed for kafka-broker:9092, exception was [Errno -2] Name or service not known. Is your advertised.listeners (called advertised.host.name before Kafka 9) correct and resolvable?
[2025-03-20T18:35:33.352+0000] {conn.py:312} ERROR - DNS lookup failed for kafka-broker:9092 (0)
[2025-03-20T18:35:33.482+0000] {conn.py:1506} WARNING - DNS lookup failed for kafka-broker:9092, exception was [Errno -2] Name or service not known. Is your advertised.listeners (called advertised.host.name before Kafka 9) correct and resolvable?
[2025-03-20T18:35:33.487+0000] {conn.py:312} ERROR - DNS lookup failed for kafka-broker:9092 (0)
[2025-03-20T18:35:33.623+0000] {conn.py:1506} WARNING - DNS lookup failed for kafka-broker:9092, exception was [Errno -2] Name or service not known. Is your advertised.listeners (called advertised.host.name before Kafka 9) correct and resolvable?
[2025-03-20T18:35:33.626+0000] {conn.py:312} ERROR - DNS lookup failed for kafka-broker:9092 (0)
[2025-03-20T18:35:33.755+0000] {conn.py:1506} WARNING - DNS lookup failed for kafka-broker:9092, exception was [Errno -2] Name or service not known. Is your advertised.listeners (called advertised.host.name before Kafka 9) correct and resolvable?
[2025-03-20T18:35:33.758+0000] {conn.py:312} ERROR - DNS lookup failed for kafka-broker:9092 (0)
[2025-03-20T18:35:33.892+0000] {conn.py:1506} WARNING - DNS lookup failed for kafka-broker:9092, exception was [Errno -2] Name or service not known. Is your advertised.listeners (called advertised.host.name before Kafka 9) correct and resolvable?
[2025-03-20T18:35:33.898+0000] {conn.py:312} ERROR - DNS lookup failed for kafka-broker:9092 (0)
[2025-03-20T18:35:34.017+0000] {conn.py:1506} WARNING - DNS lookup failed for kafka-broker:9092, exception was [Errno -2] Name or service not known. Is your advertised.listeners (called advertised.host.name before Kafka 9) correct and resolvable?
[2025-03-20T18:35:34.018+0000] {conn.py:312} ERROR - DNS lookup failed for kafka-broker:9092 (0)
[2025-03-20T18:35:34.138+0000] {conn.py:1506} WARNING - DNS lookup failed for kafka-broker:9092, exception was [Errno -2] Name or service not known. Is your advertised.listeners (called advertised.host.name before Kafka 9) correct and resolvable?
[2025-03-20T18:35:34.144+0000] {conn.py:312} ERROR - DNS lookup failed for kafka-broker:9092 (0)
[2025-03-20T18:35:34.268+0000] {conn.py:1506} WARNING - DNS lookup failed for kafka-broker:9092, exception was [Errno -2] Name or service not known. Is your advertised.listeners (called advertised.host.name before Kafka 9) correct and resolvable?
[2025-03-20T18:35:34.271+0000] {conn.py:312} ERROR - DNS lookup failed for kafka-broker:9092 (0)
[2025-03-20T18:35:34.398+0000] {conn.py:1506} WARNING - DNS lookup failed for kafka-broker:9092, exception was [Errno -2] Name or service not known. Is your advertised.listeners (called advertised.host.name before Kafka 9) correct and resolvable?
[2025-03-20T18:35:34.402+0000] {conn.py:312} ERROR - DNS lookup failed for kafka-broker:9092 (0)
[2025-03-20T18:35:34.525+0000] {conn.py:1506} WARNING - DNS lookup failed for kafka-broker:9092, exception was [Errno -2] Name or service not known. Is your advertised.listeners (called advertised.host.name before Kafka 9) correct and resolvable?
[2025-03-20T18:35:34.530+0000] {conn.py:312} ERROR - DNS lookup failed for kafka-broker:9092 (0)
[2025-03-20T18:35:34.654+0000] {conn.py:1506} WARNING - DNS lookup failed for kafka-broker:9092, exception was [Errno -2] Name or service not known. Is your advertised.listeners (called advertised.host.name before Kafka 9) correct and resolvable?
[2025-03-20T18:35:34.657+0000] {conn.py:312} ERROR - DNS lookup failed for kafka-broker:9092 (0)
[2025-03-20T18:35:34.780+0000] {conn.py:1506} WARNING - DNS lookup failed for kafka-broker:9092, exception was [Errno -2] Name or service not known. Is your advertised.listeners (called advertised.host.name before Kafka 9) correct and resolvable?
[2025-03-20T18:35:34.783+0000] {conn.py:312} ERROR - DNS lookup failed for kafka-broker:9092 (0)
[2025-03-20T18:35:34.921+0000] {conn.py:1506} WARNING - DNS lookup failed for kafka-broker:9092, exception was [Errno -2] Name or service not known. Is your advertised.listeners (called advertised.host.name before Kafka 9) correct and resolvable?
[2025-03-20T18:35:34.925+0000] {conn.py:312} ERROR - DNS lookup failed for kafka-broker:9092 (0)
[2025-03-20T18:35:35.324+0000] {conn.py:1506} WARNING - DNS lookup failed for kafka-broker:9092, exception was [Errno -2] Name or service not known. Is your advertised.listeners (called advertised.host.name before Kafka 9) correct and resolvable?
[2025-03-20T18:35:35.326+0000] {conn.py:312} ERROR - DNS lookup failed for kafka-broker:9092 (0)
[2025-03-20T18:35:35.450+0000] {conn.py:1506} WARNING - DNS lookup failed for kafka-broker:9092, exception was [Errno -2] Name or service not known. Is your advertised.listeners (called advertised.host.name before Kafka 9) correct and resolvable?
[2025-03-20T18:35:35.452+0000] {conn.py:312} ERROR - DNS lookup failed for kafka-broker:9092 (0)
[2025-03-20T18:35:35.628+0000] {conn.py:1506} WARNING - DNS lookup failed for kafka-broker:9092, exception was [Errno -2] Name or service not known. Is your advertised.listeners (called advertised.host.name before Kafka 9) correct and resolvable?
[2025-03-20T18:35:35.629+0000] {conn.py:312} ERROR - DNS lookup failed for kafka-broker:9092 (0)
[2025-03-20T18:35:35.701+0000] {conn.py:1506} WARNING - DNS lookup failed for kafka-broker:9092, exception was [Errno -2] Name or service not known. Is your advertised.listeners (called advertised.host.name before Kafka 9) correct and resolvable?
[2025-03-20T18:35:35.702+0000] {conn.py:312} ERROR - DNS lookup failed for kafka-broker:9092 (0)
[2025-03-20T18:35:35.816+0000] {conn.py:1506} WARNING - DNS lookup failed for kafka-broker:9092, exception was [Errno -2] Name or service not known. Is your advertised.listeners (called advertised.host.name before Kafka 9) correct and resolvable?
[2025-03-20T18:35:35.818+0000] {conn.py:312} ERROR - DNS lookup failed for kafka-broker:9092 (0)
[2025-03-20T18:35:35.939+0000] {conn.py:1506} WARNING - DNS lookup failed for kafka-broker:9092, exception was [Errno -2] Name or service not known. Is your advertised.listeners (called advertised.host.name before Kafka 9) correct and resolvable?
[2025-03-20T18:35:35.944+0000] {conn.py:312} ERROR - DNS lookup failed for kafka-broker:9092 (0)
[2025-03-20T18:35:36.137+0000] {conn.py:1506} WARNING - DNS lookup failed for kafka-broker:9092, exception was [Errno -2] Name or service not known. Is your advertised.listeners (called advertised.host.name before Kafka 9) correct and resolvable?
[2025-03-20T18:35:36.141+0000] {conn.py:312} ERROR - DNS lookup failed for kafka-broker:9092 (0)
[2025-03-20T18:35:36.260+0000] {conn.py:1506} WARNING - DNS lookup failed for kafka-broker:9092, exception was [Errno -2] Name or service not known. Is your advertised.listeners (called advertised.host.name before Kafka 9) correct and resolvable?
[2025-03-20T18:35:36.263+0000] {conn.py:312} ERROR - DNS lookup failed for kafka-broker:9092 (0)
[2025-03-20T18:35:36.389+0000] {conn.py:1506} WARNING - DNS lookup failed for kafka-broker:9092, exception was [Errno -2] Name or service not known. Is your advertised.listeners (called advertised.host.name before Kafka 9) correct and resolvable?
[2025-03-20T18:35:36.395+0000] {conn.py:312} ERROR - DNS lookup failed for kafka-broker:9092 (0)
[2025-03-20T18:35:36.535+0000] {conn.py:1506} WARNING - DNS lookup failed for kafka-broker:9092, exception was [Errno -2] Name or service not known. Is your advertised.listeners (called advertised.host.name before Kafka 9) correct and resolvable?
[2025-03-20T18:35:36.538+0000] {conn.py:312} ERROR - DNS lookup failed for kafka-broker:9092 (0)
[2025-03-20T18:35:36.700+0000] {conn.py:1506} WARNING - DNS lookup failed for kafka-broker:9092, exception was [Errno -2] Name or service not known. Is your advertised.listeners (called advertised.host.name before Kafka 9) correct and resolvable?
[2025-03-20T18:35:36.701+0000] {conn.py:312} ERROR - DNS lookup failed for kafka-broker:9092 (0)
[2025-03-20T18:35:36.807+0000] {conn.py:1506} WARNING - DNS lookup failed for kafka-broker:9092, exception was [Errno -2] Name or service not known. Is your advertised.listeners (called advertised.host.name before Kafka 9) correct and resolvable?
[2025-03-20T18:35:36.808+0000] {conn.py:312} ERROR - DNS lookup failed for kafka-broker:9092 (0)
[2025-03-20T18:35:36.928+0000] {conn.py:1506} WARNING - DNS lookup failed for kafka-broker:9092, exception was [Errno -2] Name or service not known. Is your advertised.listeners (called advertised.host.name before Kafka 9) correct and resolvable?
[2025-03-20T18:35:36.930+0000] {conn.py:312} ERROR - DNS lookup failed for kafka-broker:9092 (0)
[2025-03-20T18:35:37.070+0000] {conn.py:1506} WARNING - DNS lookup failed for kafka-broker:9092, exception was [Errno -2] Name or service not known. Is your advertised.listeners (called advertised.host.name before Kafka 9) correct and resolvable?
[2025-03-20T18:35:37.074+0000] {conn.py:312} ERROR - DNS lookup failed for kafka-broker:9092 (0)
[2025-03-20T18:35:42.356+0000] {conn.py:1506} WARNING - DNS lookup failed for kafka-broker:9092, exception was [Errno -2] Name or service not known. Is your advertised.listeners (called advertised.host.name before Kafka 9) correct and resolvable?
[2025-03-20T18:35:42.362+0000] {conn.py:312} ERROR - DNS lookup failed for kafka-broker:9092 (0)
[2025-03-20T18:35:42.737+0000] {conn.py:1506} WARNING - DNS lookup failed for kafka-broker:9092, exception was [Errno -2] Name or service not known. Is your advertised.listeners (called advertised.host.name before Kafka 9) correct and resolvable?
[2025-03-20T18:35:42.739+0000] {conn.py:312} ERROR - DNS lookup failed for kafka-broker:9092 (0)
[2025-03-20T18:35:42.848+0000] {conn.py:1506} WARNING - DNS lookup failed for kafka-broker:9092, exception was [Errno -2] Name or service not known. Is your advertised.listeners (called advertised.host.name before Kafka 9) correct and resolvable?
[2025-03-20T18:35:42.849+0000] {conn.py:312} ERROR - DNS lookup failed for kafka-broker:9092 (0)
[2025-03-20T18:35:42.987+0000] {conn.py:1506} WARNING - DNS lookup failed for kafka-broker:9092, exception was [Errno -2] Name or service not known. Is your advertised.listeners (called advertised.host.name before Kafka 9) correct and resolvable?
[2025-03-20T18:35:42.989+0000] {conn.py:312} ERROR - DNS lookup failed for kafka-broker:9092 (0)
[2025-03-20T18:35:43.100+0000] {conn.py:1506} WARNING - DNS lookup failed for kafka-broker:9092, exception was [Errno -2] Name or service not known. Is your advertised.listeners (called advertised.host.name before Kafka 9) correct and resolvable?
[2025-03-20T18:35:43.102+0000] {conn.py:312} ERROR - DNS lookup failed for kafka-broker:9092 (0)
[2025-03-20T18:35:43.213+0000] {conn.py:1506} WARNING - DNS lookup failed for kafka-broker:9092, exception was [Errno -2] Name or service not known. Is your advertised.listeners (called advertised.host.name before Kafka 9) correct and resolvable?
[2025-03-20T18:35:43.214+0000] {conn.py:312} ERROR - DNS lookup failed for kafka-broker:9092 (0)
[2025-03-20T18:35:43.333+0000] {conn.py:1506} WARNING - DNS lookup failed for kafka-broker:9092, exception was [Errno -2] Name or service not known. Is your advertised.listeners (called advertised.host.name before Kafka 9) correct and resolvable?
[2025-03-20T18:35:43.334+0000] {conn.py:312} ERROR - DNS lookup failed for kafka-broker:9092 (0)
[2025-03-20T18:35:43.466+0000] {conn.py:1506} WARNING - DNS lookup failed for kafka-broker:9092, exception was [Errno -2] Name or service not known. Is your advertised.listeners (called advertised.host.name before Kafka 9) correct and resolvable?
[2025-03-20T18:35:43.470+0000] {conn.py:312} ERROR - DNS lookup failed for kafka-broker:9092 (0)
[2025-03-20T18:35:43.606+0000] {conn.py:1506} WARNING - DNS lookup failed for kafka-broker:9092, exception was [Errno -2] Name or service not known. Is your advertised.listeners (called advertised.host.name before Kafka 9) correct and resolvable?
[2025-03-20T18:35:43.610+0000] {conn.py:312} ERROR - DNS lookup failed for kafka-broker:9092 (0)
[2025-03-20T18:35:43.732+0000] {conn.py:1506} WARNING - DNS lookup failed for kafka-broker:9092, exception was [Errno -2] Name or service not known. Is your advertised.listeners (called advertised.host.name before Kafka 9) correct and resolvable?
[2025-03-20T18:35:43.735+0000] {conn.py:312} ERROR - DNS lookup failed for kafka-broker:9092 (0)
[2025-03-20T18:35:43.855+0000] {conn.py:1506} WARNING - DNS lookup failed for kafka-broker:9092, exception was [Errno -2] Name or service not known. Is your advertised.listeners (called advertised.host.name before Kafka 9) correct and resolvable?
[2025-03-20T18:35:43.859+0000] {conn.py:312} ERROR - DNS lookup failed for kafka-broker:9092 (0)
[2025-03-20T18:35:44.045+0000] {conn.py:1506} WARNING - DNS lookup failed for kafka-broker:9092, exception was [Errno -2] Name or service not known. Is your advertised.listeners (called advertised.host.name before Kafka 9) correct and resolvable?
[2025-03-20T18:35:44.050+0000] {conn.py:312} ERROR - DNS lookup failed for kafka-broker:9092 (0)
[2025-03-20T18:35:44.174+0000] {conn.py:1506} WARNING - DNS lookup failed for kafka-broker:9092, exception was [Errno -2] Name or service not known. Is your advertised.listeners (called advertised.host.name before Kafka 9) correct and resolvable?
[2025-03-20T18:35:44.175+0000] {conn.py:312} ERROR - DNS lookup failed for kafka-broker:9092 (0)
[2025-03-20T18:35:44.409+0000] {conn.py:1506} WARNING - DNS lookup failed for kafka-broker:9092, exception was [Errno -2] Name or service not known. Is your advertised.listeners (called advertised.host.name before Kafka 9) correct and resolvable?
[2025-03-20T18:35:44.413+0000] {conn.py:312} ERROR - DNS lookup failed for kafka-broker:9092 (0)
[2025-03-20T18:35:44.533+0000] {conn.py:1506} WARNING - DNS lookup failed for kafka-broker:9092, exception was [Errno -2] Name or service not known. Is your advertised.listeners (called advertised.host.name before Kafka 9) correct and resolvable?
[2025-03-20T18:35:44.540+0000] {conn.py:312} ERROR - DNS lookup failed for kafka-broker:9092 (0)
[2025-03-20T18:35:44.745+0000] {conn.py:1506} WARNING - DNS lookup failed for kafka-broker:9092, exception was [Errno -2] Name or service not known. Is your advertised.listeners (called advertised.host.name before Kafka 9) correct and resolvable?
[2025-03-20T18:35:44.746+0000] {conn.py:312} ERROR - DNS lookup failed for kafka-broker:9092 (0)
[2025-03-20T18:35:44.840+0000] {conn.py:1506} WARNING - DNS lookup failed for kafka-broker:9092, exception was [Errno -2] Name or service not known. Is your advertised.listeners (called advertised.host.name before Kafka 9) correct and resolvable?
[2025-03-20T18:35:44.841+0000] {conn.py:312} ERROR - DNS lookup failed for kafka-broker:9092 (0)
[2025-03-20T18:35:44.954+0000] {conn.py:1506} WARNING - DNS lookup failed for kafka-broker:9092, exception was [Errno -2] Name or service not known. Is your advertised.listeners (called advertised.host.name before Kafka 9) correct and resolvable?
[2025-03-20T18:35:44.955+0000] {conn.py:312} ERROR - DNS lookup failed for kafka-broker:9092 (0)
[2025-03-20T18:35:45.081+0000] {conn.py:1506} WARNING - DNS lookup failed for kafka-broker:9092, exception was [Errno -2] Name or service not known. Is your advertised.listeners (called advertised.host.name before Kafka 9) correct and resolvable?
[2025-03-20T18:35:45.083+0000] {conn.py:312} ERROR - DNS lookup failed for kafka-broker:9092 (0)
[2025-03-20T18:35:45.299+0000] {conn.py:1506} WARNING - DNS lookup failed for kafka-broker:9092, exception was [Errno -2] Name or service not known. Is your advertised.listeners (called advertised.host.name before Kafka 9) correct and resolvable?
[2025-03-20T18:35:45.303+0000] {conn.py:312} ERROR - DNS lookup failed for kafka-broker:9092 (0)
[2025-03-20T18:35:45.608+0000] {conn.py:1506} WARNING - DNS lookup failed for kafka-broker:9092, exception was [Errno -2] Name or service not known. Is your advertised.listeners (called advertised.host.name before Kafka 9) correct and resolvable?
[2025-03-20T18:35:45.610+0000] {conn.py:312} ERROR - DNS lookup failed for kafka-broker:9092 (0)
[2025-03-20T18:35:46.021+0000] {conn.py:1506} WARNING - DNS lookup failed for kafka-broker:9092, exception was [Errno -2] Name or service not known. Is your advertised.listeners (called advertised.host.name before Kafka 9) correct and resolvable?
[2025-03-20T18:35:46.024+0000] {conn.py:312} ERROR - DNS lookup failed for kafka-broker:9092 (0)
[2025-03-20T18:35:46.343+0000] {conn.py:1506} WARNING - DNS lookup failed for kafka-broker:9092, exception was [Errno -2] Name or service not known. Is your advertised.listeners (called advertised.host.name before Kafka 9) correct and resolvable?
[2025-03-20T18:35:46.347+0000] {conn.py:312} ERROR - DNS lookup failed for kafka-broker:9092 (0)
[2025-03-20T18:35:46.456+0000] {conn.py:1506} WARNING - DNS lookup failed for kafka-broker:9092, exception was [Errno -2] Name or service not known. Is your advertised.listeners (called advertised.host.name before Kafka 9) correct and resolvable?
[2025-03-20T18:35:46.457+0000] {conn.py:312} ERROR - DNS lookup failed for kafka-broker:9092 (0)
[2025-03-20T18:35:46.620+0000] {conn.py:1506} WARNING - DNS lookup failed for kafka-broker:9092, exception was [Errno -2] Name or service not known. Is your advertised.listeners (called advertised.host.name before Kafka 9) correct and resolvable?
[2025-03-20T18:35:46.622+0000] {conn.py:312} ERROR - DNS lookup failed for kafka-broker:9092 (0)
[2025-03-20T18:35:46.696+0000] {conn.py:1506} WARNING - DNS lookup failed for kafka-broker:9092, exception was [Errno -2] Name or service not known. Is your advertised.listeners (called advertised.host.name before Kafka 9) correct and resolvable?
[2025-03-20T18:35:46.697+0000] {conn.py:312} ERROR - DNS lookup failed for kafka-broker:9092 (0)
[2025-03-20T18:35:46.818+0000] {conn.py:1506} WARNING - DNS lookup failed for kafka-broker:9092, exception was [Errno -2] Name or service not known. Is your advertised.listeners (called advertised.host.name before Kafka 9) correct and resolvable?
[2025-03-20T18:35:46.820+0000] {conn.py:312} ERROR - DNS lookup failed for kafka-broker:9092 (0)
[2025-03-20T18:35:46.937+0000] {conn.py:1506} WARNING - DNS lookup failed for kafka-broker:9092, exception was [Errno -2] Name or service not known. Is your advertised.listeners (called advertised.host.name before Kafka 9) correct and resolvable?
[2025-03-20T18:35:46.939+0000] {conn.py:312} ERROR - DNS lookup failed for kafka-broker:9092 (0)
[2025-03-20T18:35:47.048+0000] {conn.py:1506} WARNING - DNS lookup failed for kafka-broker:9092, exception was [Errno -2] Name or service not known. Is your advertised.listeners (called advertised.host.name before Kafka 9) correct and resolvable?
[2025-03-20T18:35:47.050+0000] {conn.py:312} ERROR - DNS lookup failed for kafka-broker:9092 (0)
[2025-03-20T18:35:47.184+0000] {conn.py:1506} WARNING - DNS lookup failed for kafka-broker:9092, exception was [Errno -2] Name or service not known. Is your advertised.listeners (called advertised.host.name before Kafka 9) correct and resolvable?
[2025-03-20T18:35:47.185+0000] {conn.py:312} ERROR - DNS lookup failed for kafka-broker:9092 (0)
[2025-03-20T18:35:47.312+0000] {conn.py:1506} WARNING - DNS lookup failed for kafka-broker:9092, exception was [Errno -2] Name or service not known. Is your advertised.listeners (called advertised.host.name before Kafka 9) correct and resolvable?
[2025-03-20T18:35:47.316+0000] {conn.py:312} ERROR - DNS lookup failed for kafka-broker:9092 (0)
[2025-03-20T18:35:47.429+0000] {conn.py:1506} WARNING - DNS lookup failed for kafka-broker:9092, exception was [Errno -2] Name or service not known. Is your advertised.listeners (called advertised.host.name before Kafka 9) correct and resolvable?
[2025-03-20T18:35:47.436+0000] {conn.py:312} ERROR - DNS lookup failed for kafka-broker:9092 (0)
[2025-03-20T18:35:47.551+0000] {conn.py:1506} WARNING - DNS lookup failed for kafka-broker:9092, exception was [Errno -2] Name or service not known. Is your advertised.listeners (called advertised.host.name before Kafka 9) correct and resolvable?
[2025-03-20T18:35:47.555+0000] {conn.py:312} ERROR - DNS lookup failed for kafka-broker:9092 (0)
[2025-03-20T18:35:47.675+0000] {conn.py:1506} WARNING - DNS lookup failed for kafka-broker:9092, exception was [Errno -2] Name or service not known. Is your advertised.listeners (called advertised.host.name before Kafka 9) correct and resolvable?
[2025-03-20T18:35:47.677+0000] {conn.py:312} ERROR - DNS lookup failed for kafka-broker:9092 (0)
[2025-03-20T18:35:47.799+0000] {conn.py:1506} WARNING - DNS lookup failed for kafka-broker:9092, exception was [Errno -2] Name or service not known. Is your advertised.listeners (called advertised.host.name before Kafka 9) correct and resolvable?
[2025-03-20T18:35:47.802+0000] {conn.py:312} ERROR - DNS lookup failed for kafka-broker:9092 (0)
[2025-03-20T18:35:47.913+0000] {conn.py:1506} WARNING - DNS lookup failed for kafka-broker:9092, exception was [Errno -2] Name or service not known. Is your advertised.listeners (called advertised.host.name before Kafka 9) correct and resolvable?
[2025-03-20T18:35:47.915+0000] {conn.py:312} ERROR - DNS lookup failed for kafka-broker:9092 (0)
[2025-03-20T18:35:48.060+0000] {conn.py:1506} WARNING - DNS lookup failed for kafka-broker:9092, exception was [Errno -2] Name or service not known. Is your advertised.listeners (called advertised.host.name before Kafka 9) correct and resolvable?
[2025-03-20T18:35:48.063+0000] {conn.py:312} ERROR - DNS lookup failed for kafka-broker:9092 (0)
[2025-03-20T18:35:48.199+0000] {conn.py:1506} WARNING - DNS lookup failed for kafka-broker:9092, exception was [Errno -2] Name or service not known. Is your advertised.listeners (called advertised.host.name before Kafka 9) correct and resolvable?
[2025-03-20T18:35:48.200+0000] {conn.py:312} ERROR - DNS lookup failed for kafka-broker:9092 (0)
[2025-03-20T18:35:48.315+0000] {conn.py:1506} WARNING - DNS lookup failed for kafka-broker:9092, exception was [Errno -2] Name or service not known. Is your advertised.listeners (called advertised.host.name before Kafka 9) correct and resolvable?
[2025-03-20T18:35:48.317+0000] {conn.py:312} ERROR - DNS lookup failed for kafka-broker:9092 (0)
[2025-03-20T18:35:48.444+0000] {conn.py:1506} WARNING - DNS lookup failed for kafka-broker:9092, exception was [Errno -2] Name or service not known. Is your advertised.listeners (called advertised.host.name before Kafka 9) correct and resolvable?
[2025-03-20T18:35:48.447+0000] {conn.py:312} ERROR - DNS lookup failed for kafka-broker:9092 (0)
[2025-03-20T18:35:48.575+0000] {conn.py:1506} WARNING - DNS lookup failed for kafka-broker:9092, exception was [Errno -2] Name or service not known. Is your advertised.listeners (called advertised.host.name before Kafka 9) correct and resolvable?
[2025-03-20T18:35:48.577+0000] {conn.py:312} ERROR - DNS lookup failed for kafka-broker:9092 (0)
[2025-03-20T18:35:48.707+0000] {conn.py:1506} WARNING - DNS lookup failed for kafka-broker:9092, exception was [Errno -2] Name or service not known. Is your advertised.listeners (called advertised.host.name before Kafka 9) correct and resolvable?
[2025-03-20T18:35:48.711+0000] {conn.py:312} ERROR - DNS lookup failed for kafka-broker:9092 (0)
[2025-03-20T18:35:48.875+0000] {conn.py:1506} WARNING - DNS lookup failed for kafka-broker:9092, exception was [Errno -2] Name or service not known. Is your advertised.listeners (called advertised.host.name before Kafka 9) correct and resolvable?
[2025-03-20T18:35:48.877+0000] {conn.py:312} ERROR - DNS lookup failed for kafka-broker:9092 (0)
[2025-03-20T18:35:48.991+0000] {conn.py:1506} WARNING - DNS lookup failed for kafka-broker:9092, exception was [Errno -2] Name or service not known. Is your advertised.listeners (called advertised.host.name before Kafka 9) correct and resolvable?
[2025-03-20T18:35:48.993+0000] {conn.py:312} ERROR - DNS lookup failed for kafka-broker:9092 (0)
[2025-03-20T18:35:49.132+0000] {conn.py:1506} WARNING - DNS lookup failed for kafka-broker:9092, exception was [Errno -2] Name or service not known. Is your advertised.listeners (called advertised.host.name before Kafka 9) correct and resolvable?
[2025-03-20T18:35:49.134+0000] {conn.py:312} ERROR - DNS lookup failed for kafka-broker:9092 (0)
[2025-03-20T18:35:49.251+0000] {conn.py:1506} WARNING - DNS lookup failed for kafka-broker:9092, exception was [Errno -2] Name or service not known. Is your advertised.listeners (called advertised.host.name before Kafka 9) correct and resolvable?
[2025-03-20T18:35:49.254+0000] {conn.py:312} ERROR - DNS lookup failed for kafka-broker:9092 (0)
[2025-03-20T18:35:49.391+0000] {conn.py:1506} WARNING - DNS lookup failed for kafka-broker:9092, exception was [Errno -2] Name or service not known. Is your advertised.listeners (called advertised.host.name before Kafka 9) correct and resolvable?
[2025-03-20T18:35:49.393+0000] {conn.py:312} ERROR - DNS lookup failed for kafka-broker:9092 (0)
[2025-03-20T18:35:49.534+0000] {conn.py:1506} WARNING - DNS lookup failed for kafka-broker:9092, exception was [Errno -2] Name or service not known. Is your advertised.listeners (called advertised.host.name before Kafka 9) correct and resolvable?
[2025-03-20T18:35:49.536+0000] {conn.py:312} ERROR - DNS lookup failed for kafka-broker:9092 (0)
[2025-03-20T18:35:49.651+0000] {conn.py:1506} WARNING - DNS lookup failed for kafka-broker:9092, exception was [Errno -2] Name or service not known. Is your advertised.listeners (called advertised.host.name before Kafka 9) correct and resolvable?
[2025-03-20T18:35:49.654+0000] {conn.py:312} ERROR - DNS lookup failed for kafka-broker:9092 (0)
[2025-03-20T18:35:49.849+0000] {conn.py:1506} WARNING - DNS lookup failed for kafka-broker:9092, exception was [Errno -2] Name or service not known. Is your advertised.listeners (called advertised.host.name before Kafka 9) correct and resolvable?
[2025-03-20T18:35:49.852+0000] {conn.py:312} ERROR - DNS lookup failed for kafka-broker:9092 (0)
[2025-03-20T18:35:49.976+0000] {conn.py:1506} WARNING - DNS lookup failed for kafka-broker:9092, exception was [Errno -2] Name or service not known. Is your advertised.listeners (called advertised.host.name before Kafka 9) correct and resolvable?
[2025-03-20T18:35:49.978+0000] {conn.py:312} ERROR - DNS lookup failed for kafka-broker:9092 (0)
[2025-03-20T18:35:50.106+0000] {conn.py:1506} WARNING - DNS lookup failed for kafka-broker:9092, exception was [Errno -2] Name or service not known. Is your advertised.listeners (called advertised.host.name before Kafka 9) correct and resolvable?
[2025-03-20T18:35:50.111+0000] {conn.py:312} ERROR - DNS lookup failed for kafka-broker:9092 (0)
[2025-03-20T18:35:50.254+0000] {conn.py:1506} WARNING - DNS lookup failed for kafka-broker:9092, exception was [Errno -2] Name or service not known. Is your advertised.listeners (called advertised.host.name before Kafka 9) correct and resolvable?
[2025-03-20T18:35:50.258+0000] {conn.py:312} ERROR - DNS lookup failed for kafka-broker:9092 (0)
[2025-03-20T18:35:50.387+0000] {conn.py:1506} WARNING - DNS lookup failed for kafka-broker:9092, exception was [Errno -2] Name or service not known. Is your advertised.listeners (called advertised.host.name before Kafka 9) correct and resolvable?
[2025-03-20T18:35:50.390+0000] {conn.py:312} ERROR - DNS lookup failed for kafka-broker:9092 (0)
[2025-03-20T18:35:50.520+0000] {conn.py:1506} WARNING - DNS lookup failed for kafka-broker:9092, exception was [Errno -2] Name or service not known. Is your advertised.listeners (called advertised.host.name before Kafka 9) correct and resolvable?
[2025-03-20T18:35:50.522+0000] {conn.py:312} ERROR - DNS lookup failed for kafka-broker:9092 (0)
[2025-03-20T18:35:50.649+0000] {conn.py:1506} WARNING - DNS lookup failed for kafka-broker:9092, exception was [Errno -2] Name or service not known. Is your advertised.listeners (called advertised.host.name before Kafka 9) correct and resolvable?
[2025-03-20T18:35:50.653+0000] {conn.py:312} ERROR - DNS lookup failed for kafka-broker:9092 (0)
[2025-03-20T18:35:50.772+0000] {conn.py:1506} WARNING - DNS lookup failed for kafka-broker:9092, exception was [Errno -2] Name or service not known. Is your advertised.listeners (called advertised.host.name before Kafka 9) correct and resolvable?
[2025-03-20T18:35:50.781+0000] {conn.py:312} ERROR - DNS lookup failed for kafka-broker:9092 (0)
[2025-03-20T18:35:50.944+0000] {conn.py:1506} WARNING - DNS lookup failed for kafka-broker:9092, exception was [Errno -2] Name or service not known. Is your advertised.listeners (called advertised.host.name before Kafka 9) correct and resolvable?
[2025-03-20T18:35:50.947+0000] {conn.py:312} ERROR - DNS lookup failed for kafka-broker:9092 (0)
[2025-03-20T18:35:51.062+0000] {conn.py:1506} WARNING - DNS lookup failed for kafka-broker:9092, exception was [Errno -2] Name or service not known. Is your advertised.listeners (called advertised.host.name before Kafka 9) correct and resolvable?
[2025-03-20T18:35:51.070+0000] {conn.py:312} ERROR - DNS lookup failed for kafka-broker:9092 (0)
[2025-03-20T18:35:51.200+0000] {conn.py:1506} WARNING - DNS lookup failed for kafka-broker:9092, exception was [Errno -2] Name or service not known. Is your advertised.listeners (called advertised.host.name before Kafka 9) correct and resolvable?
[2025-03-20T18:35:51.205+0000] {conn.py:312} ERROR - DNS lookup failed for kafka-broker:9092 (0)
[2025-03-20T18:35:51.319+0000] {conn.py:1506} WARNING - DNS lookup failed for kafka-broker:9092, exception was [Errno -2] Name or service not known. Is your advertised.listeners (called advertised.host.name before Kafka 9) correct and resolvable?
[2025-03-20T18:35:51.323+0000] {conn.py:312} ERROR - DNS lookup failed for kafka-broker:9092 (0)
[2025-03-20T18:35:51.445+0000] {conn.py:1506} WARNING - DNS lookup failed for kafka-broker:9092, exception was [Errno -2] Name or service not known. Is your advertised.listeners (called advertised.host.name before Kafka 9) correct and resolvable?
[2025-03-20T18:35:51.451+0000] {conn.py:312} ERROR - DNS lookup failed for kafka-broker:9092 (0)
[2025-03-20T18:35:51.587+0000] {conn.py:1506} WARNING - DNS lookup failed for kafka-broker:9092, exception was [Errno -2] Name or service not known. Is your advertised.listeners (called advertised.host.name before Kafka 9) correct and resolvable?
[2025-03-20T18:35:51.592+0000] {conn.py:312} ERROR - DNS lookup failed for kafka-broker:9092 (0)
[2025-03-20T18:35:51.711+0000] {conn.py:1506} WARNING - DNS lookup failed for kafka-broker:9092, exception was [Errno -2] Name or service not known. Is your advertised.listeners (called advertised.host.name before Kafka 9) correct and resolvable?
[2025-03-20T18:35:51.716+0000] {conn.py:312} ERROR - DNS lookup failed for kafka-broker:9092 (0)
[2025-03-20T18:35:51.838+0000] {conn.py:1506} WARNING - DNS lookup failed for kafka-broker:9092, exception was [Errno -2] Name or service not known. Is your advertised.listeners (called advertised.host.name before Kafka 9) correct and resolvable?
[2025-03-20T18:35:51.840+0000] {conn.py:312} ERROR - DNS lookup failed for kafka-broker:9092 (0)
[2025-03-20T18:35:52.037+0000] {conn.py:1506} WARNING - DNS lookup failed for kafka-broker:9092, exception was [Errno -2] Name or service not known. Is your advertised.listeners (called advertised.host.name before Kafka 9) correct and resolvable?
[2025-03-20T18:35:52.042+0000] {conn.py:312} ERROR - DNS lookup failed for kafka-broker:9092 (0)
[2025-03-20T18:35:52.162+0000] {conn.py:1506} WARNING - DNS lookup failed for kafka-broker:9092, exception was [Errno -2] Name or service not known. Is your advertised.listeners (called advertised.host.name before Kafka 9) correct and resolvable?
[2025-03-20T18:35:52.163+0000] {conn.py:312} ERROR - DNS lookup failed for kafka-broker:9092 (0)
[2025-03-20T18:35:52.262+0000] {conn.py:1506} WARNING - DNS lookup failed for kafka-broker:9092, exception was [Errno -2] Name or service not known. Is your advertised.listeners (called advertised.host.name before Kafka 9) correct and resolvable?
[2025-03-20T18:35:52.263+0000] {conn.py:312} ERROR - DNS lookup failed for kafka-broker:9092 (0)
[2025-03-20T18:35:52.383+0000] {conn.py:1506} WARNING - DNS lookup failed for kafka-broker:9092, exception was [Errno -2] Name or service not known. Is your advertised.listeners (called advertised.host.name before Kafka 9) correct and resolvable?
[2025-03-20T18:35:52.385+0000] {conn.py:312} ERROR - DNS lookup failed for kafka-broker:9092 (0)
[2025-03-20T18:35:52.519+0000] {conn.py:1506} WARNING - DNS lookup failed for kafka-broker:9092, exception was [Errno -2] Name or service not known. Is your advertised.listeners (called advertised.host.name before Kafka 9) correct and resolvable?
[2025-03-20T18:35:52.522+0000] {conn.py:312} ERROR - DNS lookup failed for kafka-broker:9092 (0)
[2025-03-20T18:35:52.640+0000] {conn.py:1506} WARNING - DNS lookup failed for kafka-broker:9092, exception was [Errno -2] Name or service not known. Is your advertised.listeners (called advertised.host.name before Kafka 9) correct and resolvable?
[2025-03-20T18:35:52.643+0000] {conn.py:312} ERROR - DNS lookup failed for kafka-broker:9092 (0)
[2025-03-20T18:35:52.762+0000] {conn.py:1506} WARNING - DNS lookup failed for kafka-broker:9092, exception was [Errno -2] Name or service not known. Is your advertised.listeners (called advertised.host.name before Kafka 9) correct and resolvable?
[2025-03-20T18:35:52.768+0000] {conn.py:312} ERROR - DNS lookup failed for kafka-broker:9092 (0)
[2025-03-20T18:35:53.085+0000] {conn.py:1506} WARNING - DNS lookup failed for kafka-broker:9092, exception was [Errno -2] Name or service not known. Is your advertised.listeners (called advertised.host.name before Kafka 9) correct and resolvable?
[2025-03-20T18:35:53.089+0000] {conn.py:312} ERROR - DNS lookup failed for kafka-broker:9092 (0)
[2025-03-20T18:35:53.265+0000] {conn.py:1506} WARNING - DNS lookup failed for kafka-broker:9092, exception was [Errno -2] Name or service not known. Is your advertised.listeners (called advertised.host.name before Kafka 9) correct and resolvable?
[2025-03-20T18:35:53.267+0000] {conn.py:312} ERROR - DNS lookup failed for kafka-broker:9092 (0)
[2025-03-20T18:35:53.695+0000] {conn.py:1506} WARNING - DNS lookup failed for kafka-broker:9092, exception was [Errno -2] Name or service not known. Is your advertised.listeners (called advertised.host.name before Kafka 9) correct and resolvable?
[2025-03-20T18:35:53.697+0000] {conn.py:312} ERROR - DNS lookup failed for kafka-broker:9092 (0)
[2025-03-20T18:35:53.883+0000] {conn.py:1506} WARNING - DNS lookup failed for kafka-broker:9092, exception was [Errno -2] Name or service not known. Is your advertised.listeners (called advertised.host.name before Kafka 9) correct and resolvable?
[2025-03-20T18:35:53.886+0000] {conn.py:312} ERROR - DNS lookup failed for kafka-broker:9092 (0)
[2025-03-20T18:35:54.108+0000] {conn.py:1506} WARNING - DNS lookup failed for kafka-broker:9092, exception was [Errno -2] Name or service not known. Is your advertised.listeners (called advertised.host.name before Kafka 9) correct and resolvable?
[2025-03-20T18:35:54.111+0000] {conn.py:312} ERROR - DNS lookup failed for kafka-broker:9092 (0)
[2025-03-20T18:35:54.314+0000] {conn.py:1506} WARNING - DNS lookup failed for kafka-broker:9092, exception was [Errno -2] Name or service not known. Is your advertised.listeners (called advertised.host.name before Kafka 9) correct and resolvable?
[2025-03-20T18:35:54.317+0000] {conn.py:312} ERROR - DNS lookup failed for kafka-broker:9092 (0)
[2025-03-20T18:35:54.623+0000] {conn.py:1506} WARNING - DNS lookup failed for kafka-broker:9092, exception was [Errno -2] Name or service not known. Is your advertised.listeners (called advertised.host.name before Kafka 9) correct and resolvable?
[2025-03-20T18:35:54.626+0000] {conn.py:312} ERROR - DNS lookup failed for kafka-broker:9092 (0)
[2025-03-20T18:35:54.931+0000] {conn.py:1506} WARNING - DNS lookup failed for kafka-broker:9092, exception was [Errno -2] Name or service not known. Is your advertised.listeners (called advertised.host.name before Kafka 9) correct and resolvable?
[2025-03-20T18:35:54.934+0000] {conn.py:312} ERROR - DNS lookup failed for kafka-broker:9092 (0)
[2025-03-20T18:35:55.135+0000] {conn.py:1506} WARNING - DNS lookup failed for kafka-broker:9092, exception was [Errno -2] Name or service not known. Is your advertised.listeners (called advertised.host.name before Kafka 9) correct and resolvable?
[2025-03-20T18:35:55.142+0000] {conn.py:312} ERROR - DNS lookup failed for kafka-broker:9092 (0)
[2025-03-20T18:35:55.254+0000] {conn.py:1506} WARNING - DNS lookup failed for kafka-broker:9092, exception was [Errno -2] Name or service not known. Is your advertised.listeners (called advertised.host.name before Kafka 9) correct and resolvable?
[2025-03-20T18:35:55.257+0000] {conn.py:312} ERROR - DNS lookup failed for kafka-broker:9092 (0)
[2025-03-20T18:35:55.385+0000] {conn.py:1506} WARNING - DNS lookup failed for kafka-broker:9092, exception was [Errno -2] Name or service not known. Is your advertised.listeners (called advertised.host.name before Kafka 9) correct and resolvable?
[2025-03-20T18:35:55.388+0000] {conn.py:312} ERROR - DNS lookup failed for kafka-broker:9092 (0)
[2025-03-20T18:36:00.701+0000] {conn.py:1506} WARNING - DNS lookup failed for kafka-broker:9092, exception was [Errno -2] Name or service not known. Is your advertised.listeners (called advertised.host.name before Kafka 9) correct and resolvable?
[2025-03-20T18:36:00.702+0000] {conn.py:312} ERROR - DNS lookup failed for kafka-broker:9092 (0)
[2025-03-20T18:36:00.805+0000] {conn.py:1506} WARNING - DNS lookup failed for kafka-broker:9092, exception was [Errno -2] Name or service not known. Is your advertised.listeners (called advertised.host.name before Kafka 9) correct and resolvable?
[2025-03-20T18:36:00.806+0000] {conn.py:312} ERROR - DNS lookup failed for kafka-broker:9092 (0)
[2025-03-20T18:36:00.931+0000] {conn.py:1506} WARNING - DNS lookup failed for kafka-broker:9092, exception was [Errno -2] Name or service not known. Is your advertised.listeners (called advertised.host.name before Kafka 9) correct and resolvable?
[2025-03-20T18:36:00.933+0000] {conn.py:312} ERROR - DNS lookup failed for kafka-broker:9092 (0)
[2025-03-20T18:36:01.045+0000] {conn.py:1506} WARNING - DNS lookup failed for kafka-broker:9092, exception was [Errno -2] Name or service not known. Is your advertised.listeners (called advertised.host.name before Kafka 9) correct and resolvable?
[2025-03-20T18:36:01.046+0000] {conn.py:312} ERROR - DNS lookup failed for kafka-broker:9092 (0)
[2025-03-20T18:36:01.158+0000] {conn.py:1506} WARNING - DNS lookup failed for kafka-broker:9092, exception was [Errno -2] Name or service not known. Is your advertised.listeners (called advertised.host.name before Kafka 9) correct and resolvable?
[2025-03-20T18:36:01.160+0000] {conn.py:312} ERROR - DNS lookup failed for kafka-broker:9092 (0)
[2025-03-20T18:36:01.275+0000] {conn.py:1506} WARNING - DNS lookup failed for kafka-broker:9092, exception was [Errno -2] Name or service not known. Is your advertised.listeners (called advertised.host.name before Kafka 9) correct and resolvable?
[2025-03-20T18:36:01.277+0000] {conn.py:312} ERROR - DNS lookup failed for kafka-broker:9092 (0)
[2025-03-20T18:36:01.392+0000] {conn.py:1506} WARNING - DNS lookup failed for kafka-broker:9092, exception was [Errno -2] Name or service not known. Is your advertised.listeners (called advertised.host.name before Kafka 9) correct and resolvable?
[2025-03-20T18:36:01.393+0000] {conn.py:312} ERROR - DNS lookup failed for kafka-broker:9092 (0)
[2025-03-20T18:36:01.508+0000] {conn.py:1506} WARNING - DNS lookup failed for kafka-broker:9092, exception was [Errno -2] Name or service not known. Is your advertised.listeners (called advertised.host.name before Kafka 9) correct and resolvable?
[2025-03-20T18:36:01.510+0000] {conn.py:312} ERROR - DNS lookup failed for kafka-broker:9092 (0)
[2025-03-20T18:36:01.628+0000] {conn.py:1506} WARNING - DNS lookup failed for kafka-broker:9092, exception was [Errno -2] Name or service not known. Is your advertised.listeners (called advertised.host.name before Kafka 9) correct and resolvable?
[2025-03-20T18:36:01.634+0000] {conn.py:312} ERROR - DNS lookup failed for kafka-broker:9092 (0)
[2025-03-20T18:36:01.811+0000] {conn.py:1506} WARNING - DNS lookup failed for kafka-broker:9092, exception was [Errno -2] Name or service not known. Is your advertised.listeners (called advertised.host.name before Kafka 9) correct and resolvable?
[2025-03-20T18:36:01.814+0000] {conn.py:312} ERROR - DNS lookup failed for kafka-broker:9092 (0)
[2025-03-20T18:36:01.953+0000] {conn.py:1506} WARNING - DNS lookup failed for kafka-broker:9092, exception was [Errno -2] Name or service not known. Is your advertised.listeners (called advertised.host.name before Kafka 9) correct and resolvable?
[2025-03-20T18:36:01.954+0000] {conn.py:312} ERROR - DNS lookup failed for kafka-broker:9092 (0)
[2025-03-20T18:36:02.060+0000] {conn.py:1506} WARNING - DNS lookup failed for kafka-broker:9092, exception was [Errno -2] Name or service not known. Is your advertised.listeners (called advertised.host.name before Kafka 9) correct and resolvable?
[2025-03-20T18:36:02.063+0000] {conn.py:312} ERROR - DNS lookup failed for kafka-broker:9092 (0)
[2025-03-20T18:36:02.183+0000] {conn.py:1506} WARNING - DNS lookup failed for kafka-broker:9092, exception was [Errno -2] Name or service not known. Is your advertised.listeners (called advertised.host.name before Kafka 9) correct and resolvable?
[2025-03-20T18:36:02.185+0000] {conn.py:312} ERROR - DNS lookup failed for kafka-broker:9092 (0)
[2025-03-20T18:36:02.302+0000] {conn.py:1506} WARNING - DNS lookup failed for kafka-broker:9092, exception was [Errno -2] Name or service not known. Is your advertised.listeners (called advertised.host.name before Kafka 9) correct and resolvable?
[2025-03-20T18:36:02.305+0000] {conn.py:312} ERROR - DNS lookup failed for kafka-broker:9092 (0)
[2025-03-20T18:36:02.417+0000] {conn.py:1506} WARNING - DNS lookup failed for kafka-broker:9092, exception was [Errno -2] Name or service not known. Is your advertised.listeners (called advertised.host.name before Kafka 9) correct and resolvable?
[2025-03-20T18:36:02.419+0000] {conn.py:312} ERROR - DNS lookup failed for kafka-broker:9092 (0)
[2025-03-20T18:36:02.523+0000] {conn.py:1506} WARNING - DNS lookup failed for kafka-broker:9092, exception was [Errno -2] Name or service not known. Is your advertised.listeners (called advertised.host.name before Kafka 9) correct and resolvable?
[2025-03-20T18:36:02.525+0000] {conn.py:312} ERROR - DNS lookup failed for kafka-broker:9092 (0)
[2025-03-20T18:36:02.647+0000] {conn.py:1506} WARNING - DNS lookup failed for kafka-broker:9092, exception was [Errno -2] Name or service not known. Is your advertised.listeners (called advertised.host.name before Kafka 9) correct and resolvable?
[2025-03-20T18:36:02.648+0000] {conn.py:312} ERROR - DNS lookup failed for kafka-broker:9092 (0)
[2025-03-20T18:36:02.844+0000] {conn.py:1506} WARNING - DNS lookup failed for kafka-broker:9092, exception was [Errno -2] Name or service not known. Is your advertised.listeners (called advertised.host.name before Kafka 9) correct and resolvable?
[2025-03-20T18:36:02.849+0000] {conn.py:312} ERROR - DNS lookup failed for kafka-broker:9092 (0)
[2025-03-20T18:36:02.959+0000] {conn.py:1506} WARNING - DNS lookup failed for kafka-broker:9092, exception was [Errno -2] Name or service not known. Is your advertised.listeners (called advertised.host.name before Kafka 9) correct and resolvable?
[2025-03-20T18:36:02.960+0000] {conn.py:312} ERROR - DNS lookup failed for kafka-broker:9092 (0)
[2025-03-20T18:36:03.076+0000] {conn.py:1506} WARNING - DNS lookup failed for kafka-broker:9092, exception was [Errno -2] Name or service not known. Is your advertised.listeners (called advertised.host.name before Kafka 9) correct and resolvable?
[2025-03-20T18:36:03.077+0000] {conn.py:312} ERROR - DNS lookup failed for kafka-broker:9092 (0)
[2025-03-20T18:36:03.211+0000] {conn.py:1506} WARNING - DNS lookup failed for kafka-broker:9092, exception was [Errno -2] Name or service not known. Is your advertised.listeners (called advertised.host.name before Kafka 9) correct and resolvable?
[2025-03-20T18:36:03.215+0000] {conn.py:312} ERROR - DNS lookup failed for kafka-broker:9092 (0)
[2025-03-20T18:36:03.327+0000] {conn.py:1506} WARNING - DNS lookup failed for kafka-broker:9092, exception was [Errno -2] Name or service not known. Is your advertised.listeners (called advertised.host.name before Kafka 9) correct and resolvable?
[2025-03-20T18:36:03.337+0000] {conn.py:312} ERROR - DNS lookup failed for kafka-broker:9092 (0)
[2025-03-20T18:36:03.471+0000] {conn.py:1506} WARNING - DNS lookup failed for kafka-broker:9092, exception was [Errno -2] Name or service not known. Is your advertised.listeners (called advertised.host.name before Kafka 9) correct and resolvable?
[2025-03-20T18:36:03.475+0000] {conn.py:312} ERROR - DNS lookup failed for kafka-broker:9092 (0)
[2025-03-20T18:36:03.858+0000] {conn.py:1506} WARNING - DNS lookup failed for kafka-broker:9092, exception was [Errno -2] Name or service not known. Is your advertised.listeners (called advertised.host.name before Kafka 9) correct and resolvable?
[2025-03-20T18:36:03.865+0000] {conn.py:312} ERROR - DNS lookup failed for kafka-broker:9092 (0)
[2025-03-20T18:36:04.013+0000] {conn.py:1506} WARNING - DNS lookup failed for kafka-broker:9092, exception was [Errno -2] Name or service not known. Is your advertised.listeners (called advertised.host.name before Kafka 9) correct and resolvable?
[2025-03-20T18:36:04.018+0000] {conn.py:312} ERROR - DNS lookup failed for kafka-broker:9092 (0)
[2025-03-20T18:36:04.142+0000] {conn.py:1506} WARNING - DNS lookup failed for kafka-broker:9092, exception was [Errno -2] Name or service not known. Is your advertised.listeners (called advertised.host.name before Kafka 9) correct and resolvable?
[2025-03-20T18:36:04.145+0000] {conn.py:312} ERROR - DNS lookup failed for kafka-broker:9092 (0)
[2025-03-20T18:36:04.283+0000] {conn.py:1506} WARNING - DNS lookup failed for kafka-broker:9092, exception was [Errno -2] Name or service not known. Is your advertised.listeners (called advertised.host.name before Kafka 9) correct and resolvable?
[2025-03-20T18:36:04.288+0000] {conn.py:312} ERROR - DNS lookup failed for kafka-broker:9092 (0)
[2025-03-20T18:36:04.403+0000] {conn.py:1506} WARNING - DNS lookup failed for kafka-broker:9092, exception was [Errno -2] Name or service not known. Is your advertised.listeners (called advertised.host.name before Kafka 9) correct and resolvable?
[2025-03-20T18:36:04.405+0000] {conn.py:312} ERROR - DNS lookup failed for kafka-broker:9092 (0)
[2025-03-20T18:36:04.519+0000] {conn.py:1506} WARNING - DNS lookup failed for kafka-broker:9092, exception was [Errno -2] Name or service not known. Is your advertised.listeners (called advertised.host.name before Kafka 9) correct and resolvable?
[2025-03-20T18:36:04.520+0000] {conn.py:312} ERROR - DNS lookup failed for kafka-broker:9092 (0)
[2025-03-20T18:36:04.700+0000] {conn.py:1506} WARNING - DNS lookup failed for kafka-broker:9092, exception was [Errno -2] Name or service not known. Is your advertised.listeners (called advertised.host.name before Kafka 9) correct and resolvable?
[2025-03-20T18:36:04.701+0000] {conn.py:312} ERROR - DNS lookup failed for kafka-broker:9092 (0)
[2025-03-20T18:36:04.829+0000] {conn.py:1506} WARNING - DNS lookup failed for kafka-broker:9092, exception was [Errno -2] Name or service not known. Is your advertised.listeners (called advertised.host.name before Kafka 9) correct and resolvable?
[2025-03-20T18:36:04.833+0000] {conn.py:312} ERROR - DNS lookup failed for kafka-broker:9092 (0)
[2025-03-20T18:36:04.964+0000] {conn.py:1506} WARNING - DNS lookup failed for kafka-broker:9092, exception was [Errno -2] Name or service not known. Is your advertised.listeners (called advertised.host.name before Kafka 9) correct and resolvable?
[2025-03-20T18:36:04.972+0000] {conn.py:312} ERROR - DNS lookup failed for kafka-broker:9092 (0)
[2025-03-20T18:36:05.078+0000] {conn.py:1506} WARNING - DNS lookup failed for kafka-broker:9092, exception was [Errno -2] Name or service not known. Is your advertised.listeners (called advertised.host.name before Kafka 9) correct and resolvable?
[2025-03-20T18:36:05.079+0000] {conn.py:312} ERROR - DNS lookup failed for kafka-broker:9092 (0)
[2025-03-20T18:36:05.202+0000] {conn.py:1506} WARNING - DNS lookup failed for kafka-broker:9092, exception was [Errno -2] Name or service not known. Is your advertised.listeners (called advertised.host.name before Kafka 9) correct and resolvable?
[2025-03-20T18:36:05.204+0000] {conn.py:312} ERROR - DNS lookup failed for kafka-broker:9092 (0)
[2025-03-20T18:36:05.345+0000] {conn.py:1506} WARNING - DNS lookup failed for kafka-broker:9092, exception was [Errno -2] Name or service not known. Is your advertised.listeners (called advertised.host.name before Kafka 9) correct and resolvable?
[2025-03-20T18:36:05.349+0000] {conn.py:312} ERROR - DNS lookup failed for kafka-broker:9092 (0)
[2025-03-20T18:36:10.142+0000] {taskinstance.py:1935} ERROR - Task failed with exception
Traceback (most recent call last):
  File "/opt/airflow/plugins/kafka_operator.py", line 58, in execute
    producer.send(self.kafka_topic, value=transaction)
  File "/home/airflow/.local/lib/python3.8/site-packages/kafka/producer/kafka.py", line 609, in send
    self._wait_on_metadata(topic, timeout - elapsed)
  File "/home/airflow/.local/lib/python3.8/site-packages/kafka/producer/kafka.py", line 742, in _wait_on_metadata
    raise Errors.KafkaTimeoutError(
kafka.errors.KafkaTimeoutError: KafkaTimeoutError: Failed to update metadata after 60.0 secs.
[2025-03-20T18:36:10.313+0000] {taskinstance.py:1398} INFO - Marking task as UP_FOR_RETRY. dag_id=transaction-facts_generator, task_id=generate_txn_fact_data, execution_date=20250318T000000, start_date=20250320T183509, end_date=20250320T183610
[2025-03-20T18:36:10.437+0000] {standard_task_runner.py:104} ERROR - Failed to execute job 14 for task generate_txn_fact_data (KafkaTimeoutError: Failed to update metadata after 60.0 secs.; 238)
[2025-03-20T18:36:10.492+0000] {local_task_job_runner.py:228} INFO - Task exited with return code 1
[2025-03-20T18:36:10.562+0000] {taskinstance.py:2776} INFO - 0 downstream tasks scheduled from follow-on schedule check
