[2025-03-22T06:34:38.103+0000] {processor.py:157} INFO - Started process (PID=210) to work on /opt/airflow/dags/branch_dim_generator.py
[2025-03-22T06:34:38.108+0000] {processor.py:829} INFO - Processing file /opt/airflow/dags/branch_dim_generator.py for tasks to queue
[2025-03-22T06:34:38.127+0000] {logging_mixin.py:151} INFO - [2025-03-22T06:34:38.116+0000] {dagbag.py:539} INFO - Filling up the DagBag from /opt/airflow/dags/branch_dim_generator.py
[2025-03-22T06:34:38.784+0000] {processor.py:839} INFO - DAG(s) dict_keys(['branch_dim_generator']) retrieved from /opt/airflow/dags/branch_dim_generator.py
[2025-03-22T06:34:39.020+0000] {logging_mixin.py:151} INFO - [2025-03-22T06:34:39.019+0000] {dag.py:2915} INFO - Sync 1 DAGs
[2025-03-22T06:35:03.591+0000] {logging_mixin.py:151} INFO - [2025-03-22T06:35:03.591+0000] {dag.py:3696} INFO - Setting next_dagrun for branch_dim_generator to 2025-03-22T00:00:00+00:00, run_after=2025-03-23T00:00:00+00:00
[2025-03-22T06:35:04.039+0000] {processor.py:179} INFO - Processing /opt/airflow/dags/branch_dim_generator.py took 25.952 seconds
[2025-03-22T06:35:34.549+0000] {processor.py:157} INFO - Started process (PID=256) to work on /opt/airflow/dags/branch_dim_generator.py
[2025-03-22T06:35:34.552+0000] {processor.py:829} INFO - Processing file /opt/airflow/dags/branch_dim_generator.py for tasks to queue
[2025-03-22T06:35:34.557+0000] {logging_mixin.py:151} INFO - [2025-03-22T06:35:34.556+0000] {dagbag.py:539} INFO - Filling up the DagBag from /opt/airflow/dags/branch_dim_generator.py
[2025-03-22T06:35:36.312+0000] {processor.py:839} INFO - DAG(s) dict_keys(['branch_dim_generator']) retrieved from /opt/airflow/dags/branch_dim_generator.py
[2025-03-22T06:35:36.537+0000] {logging_mixin.py:151} INFO - [2025-03-22T06:35:36.532+0000] {dag.py:2915} INFO - Sync 1 DAGs
[2025-03-22T06:35:36.685+0000] {logging_mixin.py:151} INFO - [2025-03-22T06:35:36.684+0000] {dag.py:3696} INFO - Setting next_dagrun for branch_dim_generator to 2025-03-22T00:00:00+00:00, run_after=2025-03-23T00:00:00+00:00
[2025-03-22T06:35:36.844+0000] {processor.py:179} INFO - Processing /opt/airflow/dags/branch_dim_generator.py took 2.302 seconds
[2025-03-22T06:36:07.443+0000] {processor.py:157} INFO - Started process (PID=296) to work on /opt/airflow/dags/branch_dim_generator.py
[2025-03-22T06:36:07.447+0000] {processor.py:829} INFO - Processing file /opt/airflow/dags/branch_dim_generator.py for tasks to queue
[2025-03-22T06:36:07.450+0000] {logging_mixin.py:151} INFO - [2025-03-22T06:36:07.449+0000] {dagbag.py:539} INFO - Filling up the DagBag from /opt/airflow/dags/branch_dim_generator.py
[2025-03-22T06:36:08.112+0000] {processor.py:839} INFO - DAG(s) dict_keys(['branch_dim_generator']) retrieved from /opt/airflow/dags/branch_dim_generator.py
[2025-03-22T06:36:08.166+0000] {logging_mixin.py:151} INFO - [2025-03-22T06:36:08.165+0000] {dag.py:2915} INFO - Sync 1 DAGs
[2025-03-22T06:36:08.225+0000] {logging_mixin.py:151} INFO - [2025-03-22T06:36:08.224+0000] {dag.py:3696} INFO - Setting next_dagrun for branch_dim_generator to 2025-03-22T00:00:00+00:00, run_after=2025-03-23T00:00:00+00:00
[2025-03-22T06:36:08.411+0000] {processor.py:179} INFO - Processing /opt/airflow/dags/branch_dim_generator.py took 0.978 seconds
[2025-03-22T06:36:44.298+0000] {processor.py:157} INFO - Started process (PID=342) to work on /opt/airflow/dags/branch_dim_generator.py
[2025-03-22T06:36:44.303+0000] {processor.py:829} INFO - Processing file /opt/airflow/dags/branch_dim_generator.py for tasks to queue
[2025-03-22T06:36:44.310+0000] {logging_mixin.py:151} INFO - [2025-03-22T06:36:44.307+0000] {dagbag.py:539} INFO - Filling up the DagBag from /opt/airflow/dags/branch_dim_generator.py
[2025-03-22T06:36:45.458+0000] {processor.py:839} INFO - DAG(s) dict_keys(['branch_dim_generator']) retrieved from /opt/airflow/dags/branch_dim_generator.py
[2025-03-22T06:36:45.566+0000] {logging_mixin.py:151} INFO - [2025-03-22T06:36:45.565+0000] {dag.py:2915} INFO - Sync 1 DAGs
[2025-03-22T06:36:45.824+0000] {logging_mixin.py:151} INFO - [2025-03-22T06:36:45.824+0000] {dag.py:3696} INFO - Setting next_dagrun for branch_dim_generator to 2025-03-22T00:00:00+00:00, run_after=2025-03-23T00:00:00+00:00
[2025-03-22T06:36:46.154+0000] {processor.py:179} INFO - Processing /opt/airflow/dags/branch_dim_generator.py took 1.869 seconds
[2025-03-22T06:38:02.015+0000] {processor.py:157} INFO - Started process (PID=384) to work on /opt/airflow/dags/branch_dim_generator.py
[2025-03-22T06:38:02.022+0000] {processor.py:829} INFO - Processing file /opt/airflow/dags/branch_dim_generator.py for tasks to queue
[2025-03-22T06:38:02.029+0000] {logging_mixin.py:151} INFO - [2025-03-22T06:38:02.026+0000] {dagbag.py:539} INFO - Filling up the DagBag from /opt/airflow/dags/branch_dim_generator.py
[2025-03-22T06:38:08.174+0000] {processor.py:839} INFO - DAG(s) dict_keys(['branch_dim_generator']) retrieved from /opt/airflow/dags/branch_dim_generator.py
[2025-03-22T06:38:11.341+0000] {logging_mixin.py:151} INFO - [2025-03-22T06:38:11.339+0000] {dag.py:2915} INFO - Sync 1 DAGs
[2025-03-22T06:38:11.581+0000] {logging_mixin.py:151} INFO - [2025-03-22T06:38:11.580+0000] {dag.py:3696} INFO - Setting next_dagrun for branch_dim_generator to 2025-03-22T00:00:00+00:00, run_after=2025-03-23T00:00:00+00:00
[2025-03-22T06:38:17.368+0000] {processor.py:179} INFO - Processing /opt/airflow/dags/branch_dim_generator.py took 15.369 seconds
[2025-03-22T06:38:48.457+0000] {processor.py:157} INFO - Started process (PID=427) to work on /opt/airflow/dags/branch_dim_generator.py
[2025-03-22T06:38:48.461+0000] {processor.py:829} INFO - Processing file /opt/airflow/dags/branch_dim_generator.py for tasks to queue
[2025-03-22T06:38:48.465+0000] {logging_mixin.py:151} INFO - [2025-03-22T06:38:48.462+0000] {dagbag.py:539} INFO - Filling up the DagBag from /opt/airflow/dags/branch_dim_generator.py
[2025-03-22T06:38:52.263+0000] {processor.py:839} INFO - DAG(s) dict_keys(['branch_dim_generator']) retrieved from /opt/airflow/dags/branch_dim_generator.py
[2025-03-22T06:38:58.631+0000] {logging_mixin.py:151} INFO - [2025-03-22T06:38:58.628+0000] {dag.py:2915} INFO - Sync 1 DAGs
[2025-03-22T06:38:59.868+0000] {logging_mixin.py:151} INFO - [2025-03-22T06:38:59.868+0000] {dag.py:3696} INFO - Setting next_dagrun for branch_dim_generator to 2025-03-22T00:00:00+00:00, run_after=2025-03-23T00:00:00+00:00
[2025-03-22T06:39:03.020+0000] {processor.py:179} INFO - Processing /opt/airflow/dags/branch_dim_generator.py took 14.573 seconds
[2025-03-22T06:39:33.323+0000] {processor.py:157} INFO - Started process (PID=466) to work on /opt/airflow/dags/branch_dim_generator.py
[2025-03-22T06:39:33.326+0000] {processor.py:829} INFO - Processing file /opt/airflow/dags/branch_dim_generator.py for tasks to queue
[2025-03-22T06:39:33.332+0000] {logging_mixin.py:151} INFO - [2025-03-22T06:39:33.330+0000] {dagbag.py:539} INFO - Filling up the DagBag from /opt/airflow/dags/branch_dim_generator.py
[2025-03-22T06:39:34.537+0000] {processor.py:839} INFO - DAG(s) dict_keys(['branch_dim_generator']) retrieved from /opt/airflow/dags/branch_dim_generator.py
[2025-03-22T06:39:34.625+0000] {logging_mixin.py:151} INFO - [2025-03-22T06:39:34.624+0000] {dag.py:2915} INFO - Sync 1 DAGs
[2025-03-22T06:39:34.683+0000] {logging_mixin.py:151} INFO - [2025-03-22T06:39:34.683+0000] {dag.py:3696} INFO - Setting next_dagrun for branch_dim_generator to 2025-03-22T00:00:00+00:00, run_after=2025-03-23T00:00:00+00:00
[2025-03-22T06:39:35.810+0000] {processor.py:179} INFO - Processing /opt/airflow/dags/branch_dim_generator.py took 2.497 seconds
