[2025-03-22T06:34:03.420+0000] {processor.py:157} INFO - Started process (PID=191) to work on /opt/airflow/dags/transaction_facts_generator.py
[2025-03-22T06:34:03.424+0000] {processor.py:829} INFO - Processing file /opt/airflow/dags/transaction_facts_generator.py for tasks to queue
[2025-03-22T06:34:03.429+0000] {logging_mixin.py:151} INFO - [2025-03-22T06:34:03.428+0000] {dagbag.py:539} INFO - Filling up the DagBag from /opt/airflow/dags/transaction_facts_generator.py
[2025-03-22T06:34:03.531+0000] {processor.py:839} INFO - DAG(s) dict_keys(['transaction-facts_generator']) retrieved from /opt/airflow/dags/transaction_facts_generator.py
[2025-03-22T06:34:03.754+0000] {logging_mixin.py:151} INFO - [2025-03-22T06:34:03.754+0000] {dag.py:2915} INFO - Sync 1 DAGs
[2025-03-22T06:34:03.851+0000] {logging_mixin.py:151} INFO - [2025-03-22T06:34:03.850+0000] {dag.py:3696} INFO - Setting next_dagrun for transaction-facts_generator to 2025-03-22T00:00:00+00:00, run_after=2025-03-23T00:00:00+00:00
[2025-03-22T06:34:33.169+0000] {processor.py:179} INFO - Processing /opt/airflow/dags/transaction_facts_generator.py took 29.765 seconds
[2025-03-22T06:35:11.380+0000] {processor.py:157} INFO - Started process (PID=242) to work on /opt/airflow/dags/transaction_facts_generator.py
[2025-03-22T06:35:11.384+0000] {processor.py:829} INFO - Processing file /opt/airflow/dags/transaction_facts_generator.py for tasks to queue
[2025-03-22T06:35:11.388+0000] {logging_mixin.py:151} INFO - [2025-03-22T06:35:11.387+0000] {dagbag.py:539} INFO - Filling up the DagBag from /opt/airflow/dags/transaction_facts_generator.py
[2025-03-22T06:35:11.431+0000] {processor.py:839} INFO - DAG(s) dict_keys(['transaction-facts_generator']) retrieved from /opt/airflow/dags/transaction_facts_generator.py
[2025-03-22T06:35:11.508+0000] {logging_mixin.py:151} INFO - [2025-03-22T06:35:11.508+0000] {dag.py:2915} INFO - Sync 1 DAGs
[2025-03-22T06:35:12.038+0000] {logging_mixin.py:151} INFO - [2025-03-22T06:35:12.038+0000] {dag.py:3696} INFO - Setting next_dagrun for transaction-facts_generator to 2025-03-22T00:00:00+00:00, run_after=2025-03-23T00:00:00+00:00
[2025-03-22T06:35:12.437+0000] {processor.py:179} INFO - Processing /opt/airflow/dags/transaction_facts_generator.py took 1.075 seconds
[2025-03-22T06:35:42.771+0000] {processor.py:157} INFO - Started process (PID=286) to work on /opt/airflow/dags/transaction_facts_generator.py
[2025-03-22T06:35:42.773+0000] {processor.py:829} INFO - Processing file /opt/airflow/dags/transaction_facts_generator.py for tasks to queue
[2025-03-22T06:35:42.775+0000] {logging_mixin.py:151} INFO - [2025-03-22T06:35:42.774+0000] {dagbag.py:539} INFO - Filling up the DagBag from /opt/airflow/dags/transaction_facts_generator.py
[2025-03-22T06:35:42.798+0000] {processor.py:839} INFO - DAG(s) dict_keys(['transaction-facts_generator']) retrieved from /opt/airflow/dags/transaction_facts_generator.py
[2025-03-22T06:35:42.845+0000] {logging_mixin.py:151} INFO - [2025-03-22T06:35:42.845+0000] {dag.py:2915} INFO - Sync 1 DAGs
[2025-03-22T06:35:42.899+0000] {logging_mixin.py:151} INFO - [2025-03-22T06:35:42.898+0000] {dag.py:3696} INFO - Setting next_dagrun for transaction-facts_generator to 2025-03-22T00:00:00+00:00, run_after=2025-03-23T00:00:00+00:00
[2025-03-22T06:35:43.065+0000] {processor.py:179} INFO - Processing /opt/airflow/dags/transaction_facts_generator.py took 0.303 seconds
[2025-03-22T06:36:15.805+0000] {processor.py:157} INFO - Started process (PID=325) to work on /opt/airflow/dags/transaction_facts_generator.py
[2025-03-22T06:36:15.819+0000] {processor.py:829} INFO - Processing file /opt/airflow/dags/transaction_facts_generator.py for tasks to queue
[2025-03-22T06:36:15.826+0000] {logging_mixin.py:151} INFO - [2025-03-22T06:36:15.822+0000] {dagbag.py:539} INFO - Filling up the DagBag from /opt/airflow/dags/transaction_facts_generator.py
[2025-03-22T06:36:15.901+0000] {processor.py:839} INFO - DAG(s) dict_keys(['transaction-facts_generator']) retrieved from /opt/airflow/dags/transaction_facts_generator.py
[2025-03-22T06:36:16.065+0000] {logging_mixin.py:151} INFO - [2025-03-22T06:36:16.065+0000] {dag.py:2915} INFO - Sync 1 DAGs
[2025-03-22T06:36:16.215+0000] {logging_mixin.py:151} INFO - [2025-03-22T06:36:16.212+0000] {dag.py:3696} INFO - Setting next_dagrun for transaction-facts_generator to 2025-03-22T00:00:00+00:00, run_after=2025-03-23T00:00:00+00:00
[2025-03-22T06:36:16.340+0000] {processor.py:179} INFO - Processing /opt/airflow/dags/transaction_facts_generator.py took 0.576 seconds
[2025-03-22T06:36:47.476+0000] {processor.py:157} INFO - Started process (PID=360) to work on /opt/airflow/dags/transaction_facts_generator.py
[2025-03-22T06:36:47.479+0000] {processor.py:829} INFO - Processing file /opt/airflow/dags/transaction_facts_generator.py for tasks to queue
[2025-03-22T06:36:47.483+0000] {logging_mixin.py:151} INFO - [2025-03-22T06:36:47.482+0000] {dagbag.py:539} INFO - Filling up the DagBag from /opt/airflow/dags/transaction_facts_generator.py
[2025-03-22T06:36:47.530+0000] {processor.py:839} INFO - DAG(s) dict_keys(['transaction-facts_generator']) retrieved from /opt/airflow/dags/transaction_facts_generator.py
[2025-03-22T06:36:47.611+0000] {logging_mixin.py:151} INFO - [2025-03-22T06:36:47.610+0000] {dag.py:2915} INFO - Sync 1 DAGs
[2025-03-22T06:36:47.763+0000] {logging_mixin.py:151} INFO - [2025-03-22T06:36:47.763+0000] {dag.py:3696} INFO - Setting next_dagrun for transaction-facts_generator to 2025-03-22T00:00:00+00:00, run_after=2025-03-23T00:00:00+00:00
[2025-03-22T06:36:47.889+0000] {processor.py:179} INFO - Processing /opt/airflow/dags/transaction_facts_generator.py took 0.421 seconds
[2025-03-22T06:38:21.761+0000] {processor.py:157} INFO - Started process (PID=406) to work on /opt/airflow/dags/transaction_facts_generator.py
[2025-03-22T06:38:21.763+0000] {processor.py:829} INFO - Processing file /opt/airflow/dags/transaction_facts_generator.py for tasks to queue
[2025-03-22T06:38:21.769+0000] {logging_mixin.py:151} INFO - [2025-03-22T06:38:21.768+0000] {dagbag.py:539} INFO - Filling up the DagBag from /opt/airflow/dags/transaction_facts_generator.py
[2025-03-22T06:38:21.809+0000] {processor.py:839} INFO - DAG(s) dict_keys(['transaction-facts_generator']) retrieved from /opt/airflow/dags/transaction_facts_generator.py
[2025-03-22T06:38:21.879+0000] {logging_mixin.py:151} INFO - [2025-03-22T06:38:21.879+0000] {dag.py:2915} INFO - Sync 1 DAGs
[2025-03-22T06:38:21.934+0000] {logging_mixin.py:151} INFO - [2025-03-22T06:38:21.933+0000] {dag.py:3696} INFO - Setting next_dagrun for transaction-facts_generator to 2025-03-22T00:00:00+00:00, run_after=2025-03-23T00:00:00+00:00
[2025-03-22T06:38:22.305+0000] {processor.py:179} INFO - Processing /opt/airflow/dags/transaction_facts_generator.py took 0.329 seconds
[2025-03-22T06:39:04.293+0000] {processor.py:157} INFO - Started process (PID=446) to work on /opt/airflow/dags/transaction_facts_generator.py
[2025-03-22T06:39:04.295+0000] {processor.py:829} INFO - Processing file /opt/airflow/dags/transaction_facts_generator.py for tasks to queue
[2025-03-22T06:39:04.297+0000] {logging_mixin.py:151} INFO - [2025-03-22T06:39:04.296+0000] {dagbag.py:539} INFO - Filling up the DagBag from /opt/airflow/dags/transaction_facts_generator.py
[2025-03-22T06:39:04.351+0000] {processor.py:839} INFO - DAG(s) dict_keys(['transaction-facts_generator']) retrieved from /opt/airflow/dags/transaction_facts_generator.py
[2025-03-22T06:39:04.409+0000] {logging_mixin.py:151} INFO - [2025-03-22T06:39:04.408+0000] {dag.py:2915} INFO - Sync 1 DAGs
[2025-03-22T06:39:04.454+0000] {logging_mixin.py:151} INFO - [2025-03-22T06:39:04.454+0000] {dag.py:3696} INFO - Setting next_dagrun for transaction-facts_generator to 2025-03-22T00:00:00+00:00, run_after=2025-03-23T00:00:00+00:00
[2025-03-22T06:39:04.859+0000] {processor.py:179} INFO - Processing /opt/airflow/dags/transaction_facts_generator.py took 0.573 seconds
[2025-03-22T06:39:37.177+0000] {processor.py:157} INFO - Started process (PID=491) to work on /opt/airflow/dags/transaction_facts_generator.py
[2025-03-22T06:39:37.179+0000] {processor.py:829} INFO - Processing file /opt/airflow/dags/transaction_facts_generator.py for tasks to queue
[2025-03-22T06:39:37.183+0000] {logging_mixin.py:151} INFO - [2025-03-22T06:39:37.182+0000] {dagbag.py:539} INFO - Filling up the DagBag from /opt/airflow/dags/transaction_facts_generator.py
[2025-03-22T06:39:37.206+0000] {processor.py:839} INFO - DAG(s) dict_keys(['transaction-facts_generator']) retrieved from /opt/airflow/dags/transaction_facts_generator.py
[2025-03-22T06:39:37.254+0000] {logging_mixin.py:151} INFO - [2025-03-22T06:39:37.253+0000] {dag.py:2915} INFO - Sync 1 DAGs
[2025-03-22T06:39:37.294+0000] {logging_mixin.py:151} INFO - [2025-03-22T06:39:37.294+0000] {dag.py:3696} INFO - Setting next_dagrun for transaction-facts_generator to 2025-03-22T00:00:00+00:00, run_after=2025-03-23T00:00:00+00:00
[2025-03-22T06:39:37.723+0000] {processor.py:179} INFO - Processing /opt/airflow/dags/transaction_facts_generator.py took 0.552 seconds
