[2025-03-21T13:58:02.161+0000] {taskinstance.py:1157} INFO - Dependencies all met for dep_context=non-requeueable deps ti=<TaskInstance: transaction-facts_generator.generate_txn_fact_data scheduled__2025-03-20T00:00:00+00:00 [queued]>
[2025-03-21T13:58:02.177+0000] {taskinstance.py:1157} INFO - Dependencies all met for dep_context=requeueable deps ti=<TaskInstance: transaction-facts_generator.generate_txn_fact_data scheduled__2025-03-20T00:00:00+00:00 [queued]>
[2025-03-21T13:58:02.178+0000] {taskinstance.py:1359} INFO - Starting attempt 2 of 2
[2025-03-21T13:58:02.987+0000] {taskinstance.py:1380} INFO - Executing <Task(KafkaProduceOperator): generate_txn_fact_data> on 2025-03-20 00:00:00+00:00
[2025-03-21T13:58:03.004+0000] {standard_task_runner.py:57} INFO - Started process 175 to run task
[2025-03-21T13:58:03.013+0000] {standard_task_runner.py:84} INFO - Running: ['***', 'tasks', 'run', 'transaction-facts_generator', 'generate_txn_fact_data', 'scheduled__2025-03-20T00:00:00+00:00', '--job-id', '28', '--raw', '--subdir', 'DAGS_FOLDER/transaction_facts_generator.py', '--cfg-path', '/tmp/tmp2p_21yj_']
[2025-03-21T13:58:03.018+0000] {standard_task_runner.py:85} INFO - Job 28: Subtask generate_txn_fact_data
[2025-03-21T13:58:03.832+0000] {task_command.py:415} INFO - Running <TaskInstance: transaction-facts_generator.generate_txn_fact_data scheduled__2025-03-20T00:00:00+00:00 [running]> on host c601b8b43588
[2025-03-21T13:58:05.085+0000] {taskinstance.py:1660} INFO - Exporting env vars: AIRFLOW_CTX_DAG_OWNER='kebishaa' AIRFLOW_CTX_DAG_ID='transaction-facts_generator' AIRFLOW_CTX_TASK_ID='generate_txn_fact_data' AIRFLOW_CTX_EXECUTION_DATE='2025-03-20T00:00:00+00:00' AIRFLOW_CTX_TRY_NUMBER='2' AIRFLOW_CTX_DAG_RUN_ID='scheduled__2025-03-20T00:00:00+00:00'
[2025-03-21T13:58:05.097+0000] {conn.py:385} INFO - <BrokerConnection client_id=kafka-python-producer-1, node_id=bootstrap-0 host=kafka_broker:9092 <connecting> [IPv4 ('172.18.0.7', 9092)]>: connecting to kafka_broker:9092 [('172.18.0.7', 9092) IPv4]
[2025-03-21T13:58:06.183+0000] {conn.py:593} INFO - Broker version identified as 2.5
[2025-03-21T13:58:06.184+0000] {conn.py:445} INFO - <BrokerConnection client_id=kafka-python-producer-1, node_id=bootstrap-0 host=kafka_broker:9092 <checking_api_versions_recv> [IPv4 ('172.18.0.7', 9092)]>: Connection complete.
[2025-03-21T13:58:06.785+0000] {conn.py:1506} WARNING - DNS lookup failed for kafka-broker:9092, exception was [Errno -2] Name or service not known. Is your advertised.listeners (called advertised.host.name before Kafka 9) correct and resolvable?
[2025-03-21T13:58:06.786+0000] {conn.py:312} ERROR - DNS lookup failed for kafka-broker:9092 (0)
[2025-03-21T13:58:06.986+0000] {conn.py:1506} WARNING - DNS lookup failed for kafka-broker:9092, exception was [Errno -2] Name or service not known. Is your advertised.listeners (called advertised.host.name before Kafka 9) correct and resolvable?
[2025-03-21T13:58:06.987+0000] {conn.py:312} ERROR - DNS lookup failed for kafka-broker:9092 (0)
[2025-03-21T13:58:07.109+0000] {conn.py:1506} WARNING - DNS lookup failed for kafka-broker:9092, exception was [Errno -2] Name or service not known. Is your advertised.listeners (called advertised.host.name before Kafka 9) correct and resolvable?
[2025-03-21T13:58:07.113+0000] {conn.py:312} ERROR - DNS lookup failed for kafka-broker:9092 (0)
[2025-03-21T13:58:07.245+0000] {conn.py:1506} WARNING - DNS lookup failed for kafka-broker:9092, exception was [Errno -2] Name or service not known. Is your advertised.listeners (called advertised.host.name before Kafka 9) correct and resolvable?
[2025-03-21T13:58:07.249+0000] {conn.py:312} ERROR - DNS lookup failed for kafka-broker:9092 (0)
[2025-03-21T13:58:07.380+0000] {conn.py:1506} WARNING - DNS lookup failed for kafka-broker:9092, exception was [Errno -2] Name or service not known. Is your advertised.listeners (called advertised.host.name before Kafka 9) correct and resolvable?
[2025-03-21T13:58:07.381+0000] {conn.py:312} ERROR - DNS lookup failed for kafka-broker:9092 (0)
[2025-03-21T13:58:07.477+0000] {conn.py:1506} WARNING - DNS lookup failed for kafka-broker:9092, exception was [Errno -2] Name or service not known. Is your advertised.listeners (called advertised.host.name before Kafka 9) correct and resolvable?
[2025-03-21T13:58:07.478+0000] {conn.py:312} ERROR - DNS lookup failed for kafka-broker:9092 (0)
[2025-03-21T13:58:07.579+0000] {conn.py:1506} WARNING - DNS lookup failed for kafka-broker:9092, exception was [Errno -2] Name or service not known. Is your advertised.listeners (called advertised.host.name before Kafka 9) correct and resolvable?
[2025-03-21T13:58:07.581+0000] {conn.py:312} ERROR - DNS lookup failed for kafka-broker:9092 (0)
[2025-03-21T13:58:07.713+0000] {conn.py:1506} WARNING - DNS lookup failed for kafka-broker:9092, exception was [Errno -2] Name or service not known. Is your advertised.listeners (called advertised.host.name before Kafka 9) correct and resolvable?
[2025-03-21T13:58:07.715+0000] {conn.py:312} ERROR - DNS lookup failed for kafka-broker:9092 (0)
[2025-03-21T13:58:07.838+0000] {conn.py:1506} WARNING - DNS lookup failed for kafka-broker:9092, exception was [Errno -2] Name or service not known. Is your advertised.listeners (called advertised.host.name before Kafka 9) correct and resolvable?
[2025-03-21T13:58:07.840+0000] {conn.py:312} ERROR - DNS lookup failed for kafka-broker:9092 (0)
[2025-03-21T13:58:07.952+0000] {conn.py:1506} WARNING - DNS lookup failed for kafka-broker:9092, exception was [Errno -2] Name or service not known. Is your advertised.listeners (called advertised.host.name before Kafka 9) correct and resolvable?
[2025-03-21T13:58:07.954+0000] {conn.py:312} ERROR - DNS lookup failed for kafka-broker:9092 (0)
[2025-03-21T13:58:08.069+0000] {conn.py:1506} WARNING - DNS lookup failed for kafka-broker:9092, exception was [Errno -2] Name or service not known. Is your advertised.listeners (called advertised.host.name before Kafka 9) correct and resolvable?
[2025-03-21T13:58:08.071+0000] {conn.py:312} ERROR - DNS lookup failed for kafka-broker:9092 (0)
[2025-03-21T13:58:08.292+0000] {conn.py:1506} WARNING - DNS lookup failed for kafka-broker:9092, exception was [Errno -2] Name or service not known. Is your advertised.listeners (called advertised.host.name before Kafka 9) correct and resolvable?
[2025-03-21T13:58:08.294+0000] {conn.py:312} ERROR - DNS lookup failed for kafka-broker:9092 (0)
[2025-03-21T13:58:08.667+0000] {conn.py:1506} WARNING - DNS lookup failed for kafka-broker:9092, exception was [Errno -2] Name or service not known. Is your advertised.listeners (called advertised.host.name before Kafka 9) correct and resolvable?
[2025-03-21T13:58:08.668+0000] {conn.py:312} ERROR - DNS lookup failed for kafka-broker:9092 (0)
[2025-03-21T13:58:08.931+0000] {conn.py:1506} WARNING - DNS lookup failed for kafka-broker:9092, exception was [Errno -2] Name or service not known. Is your advertised.listeners (called advertised.host.name before Kafka 9) correct and resolvable?
[2025-03-21T13:58:08.932+0000] {conn.py:312} ERROR - DNS lookup failed for kafka-broker:9092 (0)
[2025-03-21T13:58:09.041+0000] {conn.py:1506} WARNING - DNS lookup failed for kafka-broker:9092, exception was [Errno -2] Name or service not known. Is your advertised.listeners (called advertised.host.name before Kafka 9) correct and resolvable?
[2025-03-21T13:58:09.042+0000] {conn.py:312} ERROR - DNS lookup failed for kafka-broker:9092 (0)
[2025-03-21T13:58:09.285+0000] {conn.py:1506} WARNING - DNS lookup failed for kafka-broker:9092, exception was [Errno -2] Name or service not known. Is your advertised.listeners (called advertised.host.name before Kafka 9) correct and resolvable?
[2025-03-21T13:58:09.288+0000] {conn.py:312} ERROR - DNS lookup failed for kafka-broker:9092 (0)
[2025-03-21T13:58:09.651+0000] {conn.py:1506} WARNING - DNS lookup failed for kafka-broker:9092, exception was [Errno -2] Name or service not known. Is your advertised.listeners (called advertised.host.name before Kafka 9) correct and resolvable?
[2025-03-21T13:58:09.654+0000] {conn.py:312} ERROR - DNS lookup failed for kafka-broker:9092 (0)
[2025-03-21T13:58:10.044+0000] {conn.py:1506} WARNING - DNS lookup failed for kafka-broker:9092, exception was [Errno -2] Name or service not known. Is your advertised.listeners (called advertised.host.name before Kafka 9) correct and resolvable?
[2025-03-21T13:58:10.045+0000] {conn.py:312} ERROR - DNS lookup failed for kafka-broker:9092 (0)
[2025-03-21T13:58:10.453+0000] {conn.py:1506} WARNING - DNS lookup failed for kafka-broker:9092, exception was [Errno -2] Name or service not known. Is your advertised.listeners (called advertised.host.name before Kafka 9) correct and resolvable?
[2025-03-21T13:58:10.598+0000] {conn.py:312} ERROR - DNS lookup failed for kafka-broker:9092 (0)
[2025-03-21T13:58:10.903+0000] {conn.py:1506} WARNING - DNS lookup failed for kafka-broker:9092, exception was [Errno -2] Name or service not known. Is your advertised.listeners (called advertised.host.name before Kafka 9) correct and resolvable?
[2025-03-21T13:58:10.905+0000] {conn.py:312} ERROR - DNS lookup failed for kafka-broker:9092 (0)
[2025-03-21T13:58:11.168+0000] {conn.py:1506} WARNING - DNS lookup failed for kafka-broker:9092, exception was [Errno -2] Name or service not known. Is your advertised.listeners (called advertised.host.name before Kafka 9) correct and resolvable?
[2025-03-21T13:58:11.175+0000] {conn.py:312} ERROR - DNS lookup failed for kafka-broker:9092 (0)
[2025-03-21T13:58:11.400+0000] {conn.py:1506} WARNING - DNS lookup failed for kafka-broker:9092, exception was [Errno -2] Name or service not known. Is your advertised.listeners (called advertised.host.name before Kafka 9) correct and resolvable?
[2025-03-21T13:58:11.401+0000] {conn.py:312} ERROR - DNS lookup failed for kafka-broker:9092 (0)
[2025-03-21T13:58:11.681+0000] {conn.py:1506} WARNING - DNS lookup failed for kafka-broker:9092, exception was [Errno -2] Name or service not known. Is your advertised.listeners (called advertised.host.name before Kafka 9) correct and resolvable?
[2025-03-21T13:58:11.683+0000] {conn.py:312} ERROR - DNS lookup failed for kafka-broker:9092 (0)
[2025-03-21T13:58:11.995+0000] {conn.py:1506} WARNING - DNS lookup failed for kafka-broker:9092, exception was [Errno -2] Name or service not known. Is your advertised.listeners (called advertised.host.name before Kafka 9) correct and resolvable?
[2025-03-21T13:58:11.996+0000] {conn.py:312} ERROR - DNS lookup failed for kafka-broker:9092 (0)
[2025-03-21T13:58:12.396+0000] {conn.py:1506} WARNING - DNS lookup failed for kafka-broker:9092, exception was [Errno -2] Name or service not known. Is your advertised.listeners (called advertised.host.name before Kafka 9) correct and resolvable?
[2025-03-21T13:58:12.397+0000] {conn.py:312} ERROR - DNS lookup failed for kafka-broker:9092 (0)
[2025-03-21T13:58:12.683+0000] {conn.py:1506} WARNING - DNS lookup failed for kafka-broker:9092, exception was [Errno -2] Name or service not known. Is your advertised.listeners (called advertised.host.name before Kafka 9) correct and resolvable?
[2025-03-21T13:58:12.685+0000] {conn.py:312} ERROR - DNS lookup failed for kafka-broker:9092 (0)
[2025-03-21T13:58:13.013+0000] {conn.py:1506} WARNING - DNS lookup failed for kafka-broker:9092, exception was [Errno -2] Name or service not known. Is your advertised.listeners (called advertised.host.name before Kafka 9) correct and resolvable?
[2025-03-21T13:58:13.014+0000] {conn.py:312} ERROR - DNS lookup failed for kafka-broker:9092 (0)
[2025-03-21T13:58:13.345+0000] {conn.py:1506} WARNING - DNS lookup failed for kafka-broker:9092, exception was [Errno -2] Name or service not known. Is your advertised.listeners (called advertised.host.name before Kafka 9) correct and resolvable?
[2025-03-21T13:58:13.357+0000] {conn.py:312} ERROR - DNS lookup failed for kafka-broker:9092 (0)
[2025-03-21T13:58:13.605+0000] {conn.py:1506} WARNING - DNS lookup failed for kafka-broker:9092, exception was [Errno -2] Name or service not known. Is your advertised.listeners (called advertised.host.name before Kafka 9) correct and resolvable?
[2025-03-21T13:58:13.606+0000] {conn.py:312} ERROR - DNS lookup failed for kafka-broker:9092 (0)
[2025-03-21T13:58:13.745+0000] {conn.py:1506} WARNING - DNS lookup failed for kafka-broker:9092, exception was [Errno -2] Name or service not known. Is your advertised.listeners (called advertised.host.name before Kafka 9) correct and resolvable?
[2025-03-21T13:58:13.748+0000] {conn.py:312} ERROR - DNS lookup failed for kafka-broker:9092 (0)
[2025-03-21T13:58:13.877+0000] {conn.py:1506} WARNING - DNS lookup failed for kafka-broker:9092, exception was [Errno -2] Name or service not known. Is your advertised.listeners (called advertised.host.name before Kafka 9) correct and resolvable?
[2025-03-21T13:58:13.878+0000] {conn.py:312} ERROR - DNS lookup failed for kafka-broker:9092 (0)
[2025-03-21T13:58:14.001+0000] {conn.py:1506} WARNING - DNS lookup failed for kafka-broker:9092, exception was [Errno -2] Name or service not known. Is your advertised.listeners (called advertised.host.name before Kafka 9) correct and resolvable?
[2025-03-21T13:58:14.002+0000] {conn.py:312} ERROR - DNS lookup failed for kafka-broker:9092 (0)
[2025-03-21T13:58:14.194+0000] {conn.py:1506} WARNING - DNS lookup failed for kafka-broker:9092, exception was [Errno -2] Name or service not known. Is your advertised.listeners (called advertised.host.name before Kafka 9) correct and resolvable?
[2025-03-21T13:58:14.195+0000] {conn.py:312} ERROR - DNS lookup failed for kafka-broker:9092 (0)
[2025-03-21T13:58:14.307+0000] {conn.py:1506} WARNING - DNS lookup failed for kafka-broker:9092, exception was [Errno -2] Name or service not known. Is your advertised.listeners (called advertised.host.name before Kafka 9) correct and resolvable?
[2025-03-21T13:58:14.308+0000] {conn.py:312} ERROR - DNS lookup failed for kafka-broker:9092 (0)
[2025-03-21T13:58:14.427+0000] {conn.py:1506} WARNING - DNS lookup failed for kafka-broker:9092, exception was [Errno -2] Name or service not known. Is your advertised.listeners (called advertised.host.name before Kafka 9) correct and resolvable?
[2025-03-21T13:58:14.430+0000] {conn.py:312} ERROR - DNS lookup failed for kafka-broker:9092 (0)
[2025-03-21T13:58:14.586+0000] {conn.py:1506} WARNING - DNS lookup failed for kafka-broker:9092, exception was [Errno -2] Name or service not known. Is your advertised.listeners (called advertised.host.name before Kafka 9) correct and resolvable?
[2025-03-21T13:58:14.589+0000] {conn.py:312} ERROR - DNS lookup failed for kafka-broker:9092 (0)
[2025-03-21T13:58:14.706+0000] {conn.py:1506} WARNING - DNS lookup failed for kafka-broker:9092, exception was [Errno -2] Name or service not known. Is your advertised.listeners (called advertised.host.name before Kafka 9) correct and resolvable?
[2025-03-21T13:58:14.709+0000] {conn.py:312} ERROR - DNS lookup failed for kafka-broker:9092 (0)
[2025-03-21T13:58:14.828+0000] {conn.py:1506} WARNING - DNS lookup failed for kafka-broker:9092, exception was [Errno -2] Name or service not known. Is your advertised.listeners (called advertised.host.name before Kafka 9) correct and resolvable?
[2025-03-21T13:58:14.831+0000] {conn.py:312} ERROR - DNS lookup failed for kafka-broker:9092 (0)
[2025-03-21T13:58:14.943+0000] {conn.py:1506} WARNING - DNS lookup failed for kafka-broker:9092, exception was [Errno -2] Name or service not known. Is your advertised.listeners (called advertised.host.name before Kafka 9) correct and resolvable?
[2025-03-21T13:58:14.944+0000] {conn.py:312} ERROR - DNS lookup failed for kafka-broker:9092 (0)
[2025-03-21T13:58:15.088+0000] {conn.py:1506} WARNING - DNS lookup failed for kafka-broker:9092, exception was [Errno -2] Name or service not known. Is your advertised.listeners (called advertised.host.name before Kafka 9) correct and resolvable?
[2025-03-21T13:58:15.090+0000] {conn.py:312} ERROR - DNS lookup failed for kafka-broker:9092 (0)
[2025-03-21T13:58:15.195+0000] {conn.py:1506} WARNING - DNS lookup failed for kafka-broker:9092, exception was [Errno -2] Name or service not known. Is your advertised.listeners (called advertised.host.name before Kafka 9) correct and resolvable?
[2025-03-21T13:58:15.198+0000] {conn.py:312} ERROR - DNS lookup failed for kafka-broker:9092 (0)
[2025-03-21T13:58:15.322+0000] {conn.py:1506} WARNING - DNS lookup failed for kafka-broker:9092, exception was [Errno -2] Name or service not known. Is your advertised.listeners (called advertised.host.name before Kafka 9) correct and resolvable?
[2025-03-21T13:58:15.324+0000] {conn.py:312} ERROR - DNS lookup failed for kafka-broker:9092 (0)
[2025-03-21T13:58:15.441+0000] {conn.py:1506} WARNING - DNS lookup failed for kafka-broker:9092, exception was [Errno -2] Name or service not known. Is your advertised.listeners (called advertised.host.name before Kafka 9) correct and resolvable?
[2025-03-21T13:58:15.442+0000] {conn.py:312} ERROR - DNS lookup failed for kafka-broker:9092 (0)
[2025-03-21T13:58:15.549+0000] {conn.py:1506} WARNING - DNS lookup failed for kafka-broker:9092, exception was [Errno -2] Name or service not known. Is your advertised.listeners (called advertised.host.name before Kafka 9) correct and resolvable?
[2025-03-21T13:58:15.552+0000] {conn.py:312} ERROR - DNS lookup failed for kafka-broker:9092 (0)
[2025-03-21T13:58:15.681+0000] {conn.py:1506} WARNING - DNS lookup failed for kafka-broker:9092, exception was [Errno -2] Name or service not known. Is your advertised.listeners (called advertised.host.name before Kafka 9) correct and resolvable?
[2025-03-21T13:58:15.684+0000] {conn.py:312} ERROR - DNS lookup failed for kafka-broker:9092 (0)
[2025-03-21T13:58:15.799+0000] {conn.py:1506} WARNING - DNS lookup failed for kafka-broker:9092, exception was [Errno -2] Name or service not known. Is your advertised.listeners (called advertised.host.name before Kafka 9) correct and resolvable?
[2025-03-21T13:58:15.799+0000] {conn.py:312} ERROR - DNS lookup failed for kafka-broker:9092 (0)
[2025-03-21T13:58:15.906+0000] {conn.py:1506} WARNING - DNS lookup failed for kafka-broker:9092, exception was [Errno -2] Name or service not known. Is your advertised.listeners (called advertised.host.name before Kafka 9) correct and resolvable?
[2025-03-21T13:58:15.907+0000] {conn.py:312} ERROR - DNS lookup failed for kafka-broker:9092 (0)
[2025-03-21T13:58:16.016+0000] {conn.py:1506} WARNING - DNS lookup failed for kafka-broker:9092, exception was [Errno -2] Name or service not known. Is your advertised.listeners (called advertised.host.name before Kafka 9) correct and resolvable?
[2025-03-21T13:58:16.018+0000] {conn.py:312} ERROR - DNS lookup failed for kafka-broker:9092 (0)
[2025-03-21T13:58:16.508+0000] {conn.py:1506} WARNING - DNS lookup failed for kafka-broker:9092, exception was [Errno -2] Name or service not known. Is your advertised.listeners (called advertised.host.name before Kafka 9) correct and resolvable?
[2025-03-21T13:58:16.510+0000] {conn.py:312} ERROR - DNS lookup failed for kafka-broker:9092 (0)
[2025-03-21T13:58:16.675+0000] {conn.py:1506} WARNING - DNS lookup failed for kafka-broker:9092, exception was [Errno -2] Name or service not known. Is your advertised.listeners (called advertised.host.name before Kafka 9) correct and resolvable?
[2025-03-21T13:58:16.676+0000] {conn.py:312} ERROR - DNS lookup failed for kafka-broker:9092 (0)
[2025-03-21T13:58:18.672+0000] {conn.py:1506} WARNING - DNS lookup failed for kafka-broker:9092, exception was [Errno -2] Name or service not known. Is your advertised.listeners (called advertised.host.name before Kafka 9) correct and resolvable?
[2025-03-21T13:58:19.684+0000] {conn.py:312} ERROR - DNS lookup failed for kafka-broker:9092 (0)
[2025-03-21T13:58:20.768+0000] {conn.py:1506} WARNING - DNS lookup failed for kafka-broker:9092, exception was [Errno -2] Name or service not known. Is your advertised.listeners (called advertised.host.name before Kafka 9) correct and resolvable?
[2025-03-21T13:58:20.771+0000] {conn.py:312} ERROR - DNS lookup failed for kafka-broker:9092 (0)
[2025-03-21T13:58:21.541+0000] {conn.py:1506} WARNING - DNS lookup failed for kafka-broker:9092, exception was [Errno -2] Name or service not known. Is your advertised.listeners (called advertised.host.name before Kafka 9) correct and resolvable?
[2025-03-21T13:58:22.222+0000] {conn.py:312} ERROR - DNS lookup failed for kafka-broker:9092 (0)
[2025-03-21T13:58:22.658+0000] {conn.py:1506} WARNING - DNS lookup failed for kafka-broker:9092, exception was [Errno -2] Name or service not known. Is your advertised.listeners (called advertised.host.name before Kafka 9) correct and resolvable?
[2025-03-21T13:58:22.661+0000] {conn.py:312} ERROR - DNS lookup failed for kafka-broker:9092 (0)
[2025-03-21T13:58:23.006+0000] {conn.py:1506} WARNING - DNS lookup failed for kafka-broker:9092, exception was [Errno -2] Name or service not known. Is your advertised.listeners (called advertised.host.name before Kafka 9) correct and resolvable?
[2025-03-21T13:58:23.008+0000] {conn.py:312} ERROR - DNS lookup failed for kafka-broker:9092 (0)
[2025-03-21T13:58:23.121+0000] {conn.py:1506} WARNING - DNS lookup failed for kafka-broker:9092, exception was [Errno -2] Name or service not known. Is your advertised.listeners (called advertised.host.name before Kafka 9) correct and resolvable?
[2025-03-21T13:58:23.122+0000] {conn.py:312} ERROR - DNS lookup failed for kafka-broker:9092 (0)
[2025-03-21T13:58:23.244+0000] {conn.py:1506} WARNING - DNS lookup failed for kafka-broker:9092, exception was [Errno -2] Name or service not known. Is your advertised.listeners (called advertised.host.name before Kafka 9) correct and resolvable?
[2025-03-21T13:58:23.246+0000] {conn.py:312} ERROR - DNS lookup failed for kafka-broker:9092 (0)
[2025-03-21T13:58:23.642+0000] {conn.py:1506} WARNING - DNS lookup failed for kafka-broker:9092, exception was [Errno -2] Name or service not known. Is your advertised.listeners (called advertised.host.name before Kafka 9) correct and resolvable?
[2025-03-21T13:58:23.643+0000] {conn.py:312} ERROR - DNS lookup failed for kafka-broker:9092 (0)
[2025-03-21T13:58:24.107+0000] {conn.py:1506} WARNING - DNS lookup failed for kafka-broker:9092, exception was [Errno -2] Name or service not known. Is your advertised.listeners (called advertised.host.name before Kafka 9) correct and resolvable?
[2025-03-21T13:58:24.109+0000] {conn.py:312} ERROR - DNS lookup failed for kafka-broker:9092 (0)
[2025-03-21T13:58:24.225+0000] {conn.py:1506} WARNING - DNS lookup failed for kafka-broker:9092, exception was [Errno -2] Name or service not known. Is your advertised.listeners (called advertised.host.name before Kafka 9) correct and resolvable?
[2025-03-21T13:58:24.228+0000] {conn.py:312} ERROR - DNS lookup failed for kafka-broker:9092 (0)
[2025-03-21T13:58:24.346+0000] {conn.py:1506} WARNING - DNS lookup failed for kafka-broker:9092, exception was [Errno -2] Name or service not known. Is your advertised.listeners (called advertised.host.name before Kafka 9) correct and resolvable?
[2025-03-21T13:58:24.348+0000] {conn.py:312} ERROR - DNS lookup failed for kafka-broker:9092 (0)
[2025-03-21T13:58:24.459+0000] {conn.py:1506} WARNING - DNS lookup failed for kafka-broker:9092, exception was [Errno -2] Name or service not known. Is your advertised.listeners (called advertised.host.name before Kafka 9) correct and resolvable?
[2025-03-21T13:58:24.460+0000] {conn.py:312} ERROR - DNS lookup failed for kafka-broker:9092 (0)
[2025-03-21T13:58:24.987+0000] {conn.py:1506} WARNING - DNS lookup failed for kafka-broker:9092, exception was [Errno -2] Name or service not known. Is your advertised.listeners (called advertised.host.name before Kafka 9) correct and resolvable?
[2025-03-21T13:58:24.989+0000] {conn.py:312} ERROR - DNS lookup failed for kafka-broker:9092 (0)
[2025-03-21T13:58:25.113+0000] {conn.py:1506} WARNING - DNS lookup failed for kafka-broker:9092, exception was [Errno -2] Name or service not known. Is your advertised.listeners (called advertised.host.name before Kafka 9) correct and resolvable?
[2025-03-21T13:58:25.115+0000] {conn.py:312} ERROR - DNS lookup failed for kafka-broker:9092 (0)
[2025-03-21T13:58:25.230+0000] {conn.py:1506} WARNING - DNS lookup failed for kafka-broker:9092, exception was [Errno -2] Name or service not known. Is your advertised.listeners (called advertised.host.name before Kafka 9) correct and resolvable?
[2025-03-21T13:58:25.235+0000] {conn.py:312} ERROR - DNS lookup failed for kafka-broker:9092 (0)
[2025-03-21T13:58:25.350+0000] {conn.py:1506} WARNING - DNS lookup failed for kafka-broker:9092, exception was [Errno -2] Name or service not known. Is your advertised.listeners (called advertised.host.name before Kafka 9) correct and resolvable?
[2025-03-21T13:58:25.352+0000] {conn.py:312} ERROR - DNS lookup failed for kafka-broker:9092 (0)
[2025-03-21T13:58:25.461+0000] {conn.py:1506} WARNING - DNS lookup failed for kafka-broker:9092, exception was [Errno -2] Name or service not known. Is your advertised.listeners (called advertised.host.name before Kafka 9) correct and resolvable?
[2025-03-21T13:58:25.464+0000] {conn.py:312} ERROR - DNS lookup failed for kafka-broker:9092 (0)
[2025-03-21T13:58:25.580+0000] {conn.py:1506} WARNING - DNS lookup failed for kafka-broker:9092, exception was [Errno -2] Name or service not known. Is your advertised.listeners (called advertised.host.name before Kafka 9) correct and resolvable?
[2025-03-21T13:58:25.582+0000] {conn.py:312} ERROR - DNS lookup failed for kafka-broker:9092 (0)
[2025-03-21T13:58:25.695+0000] {conn.py:1506} WARNING - DNS lookup failed for kafka-broker:9092, exception was [Errno -2] Name or service not known. Is your advertised.listeners (called advertised.host.name before Kafka 9) correct and resolvable?
[2025-03-21T13:58:25.697+0000] {conn.py:312} ERROR - DNS lookup failed for kafka-broker:9092 (0)
[2025-03-21T13:58:25.807+0000] {conn.py:1506} WARNING - DNS lookup failed for kafka-broker:9092, exception was [Errno -2] Name or service not known. Is your advertised.listeners (called advertised.host.name before Kafka 9) correct and resolvable?
[2025-03-21T13:58:25.808+0000] {conn.py:312} ERROR - DNS lookup failed for kafka-broker:9092 (0)
[2025-03-21T13:58:25.940+0000] {conn.py:1506} WARNING - DNS lookup failed for kafka-broker:9092, exception was [Errno -2] Name or service not known. Is your advertised.listeners (called advertised.host.name before Kafka 9) correct and resolvable?
[2025-03-21T13:58:25.941+0000] {conn.py:312} ERROR - DNS lookup failed for kafka-broker:9092 (0)
[2025-03-21T13:58:26.100+0000] {conn.py:1506} WARNING - DNS lookup failed for kafka-broker:9092, exception was [Errno -2] Name or service not known. Is your advertised.listeners (called advertised.host.name before Kafka 9) correct and resolvable?
[2025-03-21T13:58:26.103+0000] {conn.py:312} ERROR - DNS lookup failed for kafka-broker:9092 (0)
[2025-03-21T13:58:26.220+0000] {conn.py:1506} WARNING - DNS lookup failed for kafka-broker:9092, exception was [Errno -2] Name or service not known. Is your advertised.listeners (called advertised.host.name before Kafka 9) correct and resolvable?
[2025-03-21T13:58:26.223+0000] {conn.py:312} ERROR - DNS lookup failed for kafka-broker:9092 (0)
[2025-03-21T13:58:26.397+0000] {conn.py:1506} WARNING - DNS lookup failed for kafka-broker:9092, exception was [Errno -2] Name or service not known. Is your advertised.listeners (called advertised.host.name before Kafka 9) correct and resolvable?
[2025-03-21T13:58:26.398+0000] {conn.py:312} ERROR - DNS lookup failed for kafka-broker:9092 (0)
[2025-03-21T13:58:26.511+0000] {conn.py:1506} WARNING - DNS lookup failed for kafka-broker:9092, exception was [Errno -2] Name or service not known. Is your advertised.listeners (called advertised.host.name before Kafka 9) correct and resolvable?
[2025-03-21T13:58:26.514+0000] {conn.py:312} ERROR - DNS lookup failed for kafka-broker:9092 (0)
[2025-03-21T13:58:26.686+0000] {conn.py:1506} WARNING - DNS lookup failed for kafka-broker:9092, exception was [Errno -2] Name or service not known. Is your advertised.listeners (called advertised.host.name before Kafka 9) correct and resolvable?
[2025-03-21T13:58:26.689+0000] {conn.py:312} ERROR - DNS lookup failed for kafka-broker:9092 (0)
[2025-03-21T13:58:26.802+0000] {conn.py:1506} WARNING - DNS lookup failed for kafka-broker:9092, exception was [Errno -2] Name or service not known. Is your advertised.listeners (called advertised.host.name before Kafka 9) correct and resolvable?
[2025-03-21T13:58:26.804+0000] {conn.py:312} ERROR - DNS lookup failed for kafka-broker:9092 (0)
[2025-03-21T13:58:26.967+0000] {conn.py:1506} WARNING - DNS lookup failed for kafka-broker:9092, exception was [Errno -2] Name or service not known. Is your advertised.listeners (called advertised.host.name before Kafka 9) correct and resolvable?
[2025-03-21T13:58:26.969+0000] {conn.py:312} ERROR - DNS lookup failed for kafka-broker:9092 (0)
[2025-03-21T13:58:27.094+0000] {conn.py:1506} WARNING - DNS lookup failed for kafka-broker:9092, exception was [Errno -2] Name or service not known. Is your advertised.listeners (called advertised.host.name before Kafka 9) correct and resolvable?
[2025-03-21T13:58:27.333+0000] {conn.py:312} ERROR - DNS lookup failed for kafka-broker:9092 (0)
[2025-03-21T13:58:27.500+0000] {conn.py:1506} WARNING - DNS lookup failed for kafka-broker:9092, exception was [Errno -2] Name or service not known. Is your advertised.listeners (called advertised.host.name before Kafka 9) correct and resolvable?
[2025-03-21T13:58:27.503+0000] {conn.py:312} ERROR - DNS lookup failed for kafka-broker:9092 (0)
[2025-03-21T13:58:27.621+0000] {conn.py:1506} WARNING - DNS lookup failed for kafka-broker:9092, exception was [Errno -2] Name or service not known. Is your advertised.listeners (called advertised.host.name before Kafka 9) correct and resolvable?
[2025-03-21T13:58:27.623+0000] {conn.py:312} ERROR - DNS lookup failed for kafka-broker:9092 (0)
[2025-03-21T13:58:27.748+0000] {conn.py:1506} WARNING - DNS lookup failed for kafka-broker:9092, exception was [Errno -2] Name or service not known. Is your advertised.listeners (called advertised.host.name before Kafka 9) correct and resolvable?
[2025-03-21T13:58:27.750+0000] {conn.py:312} ERROR - DNS lookup failed for kafka-broker:9092 (0)
[2025-03-21T13:58:27.871+0000] {conn.py:1506} WARNING - DNS lookup failed for kafka-broker:9092, exception was [Errno -2] Name or service not known. Is your advertised.listeners (called advertised.host.name before Kafka 9) correct and resolvable?
[2025-03-21T13:58:27.875+0000] {conn.py:312} ERROR - DNS lookup failed for kafka-broker:9092 (0)
[2025-03-21T13:58:33.251+0000] {conn.py:1506} WARNING - DNS lookup failed for kafka-broker:9092, exception was [Errno -2] Name or service not known. Is your advertised.listeners (called advertised.host.name before Kafka 9) correct and resolvable?
[2025-03-21T13:58:33.253+0000] {conn.py:312} ERROR - DNS lookup failed for kafka-broker:9092 (0)
[2025-03-21T13:58:33.449+0000] {conn.py:1506} WARNING - DNS lookup failed for kafka-broker:9092, exception was [Errno -2] Name or service not known. Is your advertised.listeners (called advertised.host.name before Kafka 9) correct and resolvable?
[2025-03-21T13:58:33.450+0000] {conn.py:312} ERROR - DNS lookup failed for kafka-broker:9092 (0)
[2025-03-21T13:58:34.785+0000] {conn.py:1506} WARNING - DNS lookup failed for kafka-broker:9092, exception was [Errno -2] Name or service not known. Is your advertised.listeners (called advertised.host.name before Kafka 9) correct and resolvable?
[2025-03-21T13:58:34.788+0000] {conn.py:312} ERROR - DNS lookup failed for kafka-broker:9092 (0)
[2025-03-21T13:58:35.174+0000] {conn.py:1506} WARNING - DNS lookup failed for kafka-broker:9092, exception was [Errno -2] Name or service not known. Is your advertised.listeners (called advertised.host.name before Kafka 9) correct and resolvable?
[2025-03-21T13:58:35.176+0000] {conn.py:312} ERROR - DNS lookup failed for kafka-broker:9092 (0)
[2025-03-21T13:58:35.331+0000] {conn.py:1506} WARNING - DNS lookup failed for kafka-broker:9092, exception was [Errno -2] Name or service not known. Is your advertised.listeners (called advertised.host.name before Kafka 9) correct and resolvable?
[2025-03-21T13:58:35.333+0000] {conn.py:312} ERROR - DNS lookup failed for kafka-broker:9092 (0)
[2025-03-21T13:58:35.450+0000] {conn.py:1506} WARNING - DNS lookup failed for kafka-broker:9092, exception was [Errno -2] Name or service not known. Is your advertised.listeners (called advertised.host.name before Kafka 9) correct and resolvable?
[2025-03-21T13:58:35.452+0000] {conn.py:312} ERROR - DNS lookup failed for kafka-broker:9092 (0)
[2025-03-21T13:58:35.568+0000] {conn.py:1506} WARNING - DNS lookup failed for kafka-broker:9092, exception was [Errno -2] Name or service not known. Is your advertised.listeners (called advertised.host.name before Kafka 9) correct and resolvable?
[2025-03-21T13:58:35.571+0000] {conn.py:312} ERROR - DNS lookup failed for kafka-broker:9092 (0)
[2025-03-21T13:58:35.680+0000] {conn.py:1506} WARNING - DNS lookup failed for kafka-broker:9092, exception was [Errno -2] Name or service not known. Is your advertised.listeners (called advertised.host.name before Kafka 9) correct and resolvable?
[2025-03-21T13:58:35.685+0000] {conn.py:312} ERROR - DNS lookup failed for kafka-broker:9092 (0)
[2025-03-21T13:58:35.808+0000] {conn.py:1506} WARNING - DNS lookup failed for kafka-broker:9092, exception was [Errno -2] Name or service not known. Is your advertised.listeners (called advertised.host.name before Kafka 9) correct and resolvable?
[2025-03-21T13:58:35.809+0000] {conn.py:312} ERROR - DNS lookup failed for kafka-broker:9092 (0)
[2025-03-21T13:58:35.929+0000] {conn.py:1506} WARNING - DNS lookup failed for kafka-broker:9092, exception was [Errno -2] Name or service not known. Is your advertised.listeners (called advertised.host.name before Kafka 9) correct and resolvable?
[2025-03-21T13:58:35.930+0000] {conn.py:312} ERROR - DNS lookup failed for kafka-broker:9092 (0)
[2025-03-21T13:58:36.031+0000] {conn.py:1506} WARNING - DNS lookup failed for kafka-broker:9092, exception was [Errno -2] Name or service not known. Is your advertised.listeners (called advertised.host.name before Kafka 9) correct and resolvable?
[2025-03-21T13:58:36.032+0000] {conn.py:312} ERROR - DNS lookup failed for kafka-broker:9092 (0)
[2025-03-21T13:58:36.135+0000] {conn.py:1506} WARNING - DNS lookup failed for kafka-broker:9092, exception was [Errno -2] Name or service not known. Is your advertised.listeners (called advertised.host.name before Kafka 9) correct and resolvable?
[2025-03-21T13:58:36.136+0000] {conn.py:312} ERROR - DNS lookup failed for kafka-broker:9092 (0)
[2025-03-21T13:58:36.241+0000] {conn.py:1506} WARNING - DNS lookup failed for kafka-broker:9092, exception was [Errno -2] Name or service not known. Is your advertised.listeners (called advertised.host.name before Kafka 9) correct and resolvable?
[2025-03-21T13:58:36.242+0000] {conn.py:312} ERROR - DNS lookup failed for kafka-broker:9092 (0)
[2025-03-21T13:58:36.390+0000] {conn.py:1506} WARNING - DNS lookup failed for kafka-broker:9092, exception was [Errno -2] Name or service not known. Is your advertised.listeners (called advertised.host.name before Kafka 9) correct and resolvable?
[2025-03-21T13:58:36.391+0000] {conn.py:312} ERROR - DNS lookup failed for kafka-broker:9092 (0)
[2025-03-21T13:58:36.500+0000] {conn.py:1506} WARNING - DNS lookup failed for kafka-broker:9092, exception was [Errno -2] Name or service not known. Is your advertised.listeners (called advertised.host.name before Kafka 9) correct and resolvable?
[2025-03-21T13:58:36.502+0000] {conn.py:312} ERROR - DNS lookup failed for kafka-broker:9092 (0)
[2025-03-21T13:58:36.605+0000] {conn.py:1506} WARNING - DNS lookup failed for kafka-broker:9092, exception was [Errno -2] Name or service not known. Is your advertised.listeners (called advertised.host.name before Kafka 9) correct and resolvable?
[2025-03-21T13:58:36.606+0000] {conn.py:312} ERROR - DNS lookup failed for kafka-broker:9092 (0)
[2025-03-21T13:58:36.710+0000] {conn.py:1506} WARNING - DNS lookup failed for kafka-broker:9092, exception was [Errno -2] Name or service not known. Is your advertised.listeners (called advertised.host.name before Kafka 9) correct and resolvable?
[2025-03-21T13:58:36.712+0000] {conn.py:312} ERROR - DNS lookup failed for kafka-broker:9092 (0)
[2025-03-21T13:58:36.822+0000] {conn.py:1506} WARNING - DNS lookup failed for kafka-broker:9092, exception was [Errno -2] Name or service not known. Is your advertised.listeners (called advertised.host.name before Kafka 9) correct and resolvable?
[2025-03-21T13:58:36.824+0000] {conn.py:312} ERROR - DNS lookup failed for kafka-broker:9092 (0)
[2025-03-21T13:58:36.938+0000] {conn.py:1506} WARNING - DNS lookup failed for kafka-broker:9092, exception was [Errno -2] Name or service not known. Is your advertised.listeners (called advertised.host.name before Kafka 9) correct and resolvable?
[2025-03-21T13:58:36.939+0000] {conn.py:312} ERROR - DNS lookup failed for kafka-broker:9092 (0)
[2025-03-21T13:58:37.045+0000] {conn.py:1506} WARNING - DNS lookup failed for kafka-broker:9092, exception was [Errno -2] Name or service not known. Is your advertised.listeners (called advertised.host.name before Kafka 9) correct and resolvable?
[2025-03-21T13:58:37.046+0000] {conn.py:312} ERROR - DNS lookup failed for kafka-broker:9092 (0)
[2025-03-21T13:58:37.172+0000] {conn.py:1506} WARNING - DNS lookup failed for kafka-broker:9092, exception was [Errno -2] Name or service not known. Is your advertised.listeners (called advertised.host.name before Kafka 9) correct and resolvable?
[2025-03-21T13:58:37.172+0000] {conn.py:312} ERROR - DNS lookup failed for kafka-broker:9092 (0)
[2025-03-21T13:58:37.278+0000] {conn.py:1506} WARNING - DNS lookup failed for kafka-broker:9092, exception was [Errno -2] Name or service not known. Is your advertised.listeners (called advertised.host.name before Kafka 9) correct and resolvable?
[2025-03-21T13:58:37.280+0000] {conn.py:312} ERROR - DNS lookup failed for kafka-broker:9092 (0)
[2025-03-21T13:58:37.431+0000] {conn.py:1506} WARNING - DNS lookup failed for kafka-broker:9092, exception was [Errno -2] Name or service not known. Is your advertised.listeners (called advertised.host.name before Kafka 9) correct and resolvable?
[2025-03-21T13:58:37.432+0000] {conn.py:312} ERROR - DNS lookup failed for kafka-broker:9092 (0)
[2025-03-21T13:58:37.545+0000] {conn.py:1506} WARNING - DNS lookup failed for kafka-broker:9092, exception was [Errno -2] Name or service not known. Is your advertised.listeners (called advertised.host.name before Kafka 9) correct and resolvable?
[2025-03-21T13:58:37.547+0000] {conn.py:312} ERROR - DNS lookup failed for kafka-broker:9092 (0)
[2025-03-21T13:58:37.656+0000] {conn.py:1506} WARNING - DNS lookup failed for kafka-broker:9092, exception was [Errno -2] Name or service not known. Is your advertised.listeners (called advertised.host.name before Kafka 9) correct and resolvable?
[2025-03-21T13:58:37.657+0000] {conn.py:312} ERROR - DNS lookup failed for kafka-broker:9092 (0)
[2025-03-21T13:58:37.774+0000] {conn.py:1506} WARNING - DNS lookup failed for kafka-broker:9092, exception was [Errno -2] Name or service not known. Is your advertised.listeners (called advertised.host.name before Kafka 9) correct and resolvable?
[2025-03-21T13:58:37.775+0000] {conn.py:312} ERROR - DNS lookup failed for kafka-broker:9092 (0)
[2025-03-21T13:58:37.893+0000] {conn.py:1506} WARNING - DNS lookup failed for kafka-broker:9092, exception was [Errno -2] Name or service not known. Is your advertised.listeners (called advertised.host.name before Kafka 9) correct and resolvable?
[2025-03-21T13:58:37.894+0000] {conn.py:312} ERROR - DNS lookup failed for kafka-broker:9092 (0)
[2025-03-21T13:58:38.019+0000] {conn.py:1506} WARNING - DNS lookup failed for kafka-broker:9092, exception was [Errno -2] Name or service not known. Is your advertised.listeners (called advertised.host.name before Kafka 9) correct and resolvable?
[2025-03-21T13:58:38.023+0000] {conn.py:312} ERROR - DNS lookup failed for kafka-broker:9092 (0)
[2025-03-21T13:58:38.192+0000] {conn.py:1506} WARNING - DNS lookup failed for kafka-broker:9092, exception was [Errno -2] Name or service not known. Is your advertised.listeners (called advertised.host.name before Kafka 9) correct and resolvable?
[2025-03-21T13:58:38.195+0000] {conn.py:312} ERROR - DNS lookup failed for kafka-broker:9092 (0)
[2025-03-21T13:58:38.341+0000] {conn.py:1506} WARNING - DNS lookup failed for kafka-broker:9092, exception was [Errno -2] Name or service not known. Is your advertised.listeners (called advertised.host.name before Kafka 9) correct and resolvable?
[2025-03-21T13:58:38.344+0000] {conn.py:312} ERROR - DNS lookup failed for kafka-broker:9092 (0)
[2025-03-21T13:58:38.508+0000] {conn.py:1506} WARNING - DNS lookup failed for kafka-broker:9092, exception was [Errno -2] Name or service not known. Is your advertised.listeners (called advertised.host.name before Kafka 9) correct and resolvable?
[2025-03-21T13:58:38.510+0000] {conn.py:312} ERROR - DNS lookup failed for kafka-broker:9092 (0)
[2025-03-21T13:58:38.621+0000] {conn.py:1506} WARNING - DNS lookup failed for kafka-broker:9092, exception was [Errno -2] Name or service not known. Is your advertised.listeners (called advertised.host.name before Kafka 9) correct and resolvable?
[2025-03-21T13:58:38.622+0000] {conn.py:312} ERROR - DNS lookup failed for kafka-broker:9092 (0)
[2025-03-21T13:58:38.786+0000] {conn.py:1506} WARNING - DNS lookup failed for kafka-broker:9092, exception was [Errno -2] Name or service not known. Is your advertised.listeners (called advertised.host.name before Kafka 9) correct and resolvable?
[2025-03-21T13:58:38.787+0000] {conn.py:312} ERROR - DNS lookup failed for kafka-broker:9092 (0)
[2025-03-21T13:58:39.083+0000] {conn.py:1506} WARNING - DNS lookup failed for kafka-broker:9092, exception was [Errno -2] Name or service not known. Is your advertised.listeners (called advertised.host.name before Kafka 9) correct and resolvable?
[2025-03-21T13:58:39.085+0000] {conn.py:312} ERROR - DNS lookup failed for kafka-broker:9092 (0)
[2025-03-21T13:58:39.196+0000] {conn.py:1506} WARNING - DNS lookup failed for kafka-broker:9092, exception was [Errno -2] Name or service not known. Is your advertised.listeners (called advertised.host.name before Kafka 9) correct and resolvable?
[2025-03-21T13:58:39.197+0000] {conn.py:312} ERROR - DNS lookup failed for kafka-broker:9092 (0)
[2025-03-21T13:58:39.298+0000] {conn.py:1506} WARNING - DNS lookup failed for kafka-broker:9092, exception was [Errno -2] Name or service not known. Is your advertised.listeners (called advertised.host.name before Kafka 9) correct and resolvable?
[2025-03-21T13:58:39.300+0000] {conn.py:312} ERROR - DNS lookup failed for kafka-broker:9092 (0)
[2025-03-21T13:58:39.402+0000] {conn.py:1506} WARNING - DNS lookup failed for kafka-broker:9092, exception was [Errno -2] Name or service not known. Is your advertised.listeners (called advertised.host.name before Kafka 9) correct and resolvable?
[2025-03-21T13:58:39.404+0000] {conn.py:312} ERROR - DNS lookup failed for kafka-broker:9092 (0)
[2025-03-21T13:58:39.530+0000] {conn.py:1506} WARNING - DNS lookup failed for kafka-broker:9092, exception was [Errno -2] Name or service not known. Is your advertised.listeners (called advertised.host.name before Kafka 9) correct and resolvable?
[2025-03-21T13:58:39.534+0000] {conn.py:312} ERROR - DNS lookup failed for kafka-broker:9092 (0)
[2025-03-21T13:58:39.634+0000] {conn.py:1506} WARNING - DNS lookup failed for kafka-broker:9092, exception was [Errno -2] Name or service not known. Is your advertised.listeners (called advertised.host.name before Kafka 9) correct and resolvable?
[2025-03-21T13:58:39.636+0000] {conn.py:312} ERROR - DNS lookup failed for kafka-broker:9092 (0)
[2025-03-21T13:58:39.748+0000] {conn.py:1506} WARNING - DNS lookup failed for kafka-broker:9092, exception was [Errno -2] Name or service not known. Is your advertised.listeners (called advertised.host.name before Kafka 9) correct and resolvable?
[2025-03-21T13:58:39.750+0000] {conn.py:312} ERROR - DNS lookup failed for kafka-broker:9092 (0)
[2025-03-21T13:58:39.861+0000] {conn.py:1506} WARNING - DNS lookup failed for kafka-broker:9092, exception was [Errno -2] Name or service not known. Is your advertised.listeners (called advertised.host.name before Kafka 9) correct and resolvable?
[2025-03-21T13:58:39.862+0000] {conn.py:312} ERROR - DNS lookup failed for kafka-broker:9092 (0)
[2025-03-21T13:58:39.977+0000] {conn.py:1506} WARNING - DNS lookup failed for kafka-broker:9092, exception was [Errno -2] Name or service not known. Is your advertised.listeners (called advertised.host.name before Kafka 9) correct and resolvable?
[2025-03-21T13:58:40.101+0000] {conn.py:312} ERROR - DNS lookup failed for kafka-broker:9092 (0)
[2025-03-21T13:58:40.373+0000] {conn.py:1506} WARNING - DNS lookup failed for kafka-broker:9092, exception was [Errno -2] Name or service not known. Is your advertised.listeners (called advertised.host.name before Kafka 9) correct and resolvable?
[2025-03-21T13:58:40.374+0000] {conn.py:312} ERROR - DNS lookup failed for kafka-broker:9092 (0)
[2025-03-21T13:58:40.574+0000] {conn.py:1506} WARNING - DNS lookup failed for kafka-broker:9092, exception was [Errno -2] Name or service not known. Is your advertised.listeners (called advertised.host.name before Kafka 9) correct and resolvable?
[2025-03-21T13:58:40.577+0000] {conn.py:312} ERROR - DNS lookup failed for kafka-broker:9092 (0)
[2025-03-21T13:58:40.697+0000] {conn.py:1506} WARNING - DNS lookup failed for kafka-broker:9092, exception was [Errno -2] Name or service not known. Is your advertised.listeners (called advertised.host.name before Kafka 9) correct and resolvable?
[2025-03-21T13:58:40.700+0000] {conn.py:312} ERROR - DNS lookup failed for kafka-broker:9092 (0)
[2025-03-21T13:58:40.830+0000] {conn.py:1506} WARNING - DNS lookup failed for kafka-broker:9092, exception was [Errno -2] Name or service not known. Is your advertised.listeners (called advertised.host.name before Kafka 9) correct and resolvable?
[2025-03-21T13:58:40.832+0000] {conn.py:312} ERROR - DNS lookup failed for kafka-broker:9092 (0)
[2025-03-21T13:58:40.950+0000] {conn.py:1506} WARNING - DNS lookup failed for kafka-broker:9092, exception was [Errno -2] Name or service not known. Is your advertised.listeners (called advertised.host.name before Kafka 9) correct and resolvable?
[2025-03-21T13:58:40.951+0000] {conn.py:312} ERROR - DNS lookup failed for kafka-broker:9092 (0)
[2025-03-21T13:58:41.045+0000] {conn.py:1506} WARNING - DNS lookup failed for kafka-broker:9092, exception was [Errno -2] Name or service not known. Is your advertised.listeners (called advertised.host.name before Kafka 9) correct and resolvable?
[2025-03-21T13:58:41.046+0000] {conn.py:312} ERROR - DNS lookup failed for kafka-broker:9092 (0)
[2025-03-21T13:58:41.161+0000] {conn.py:1506} WARNING - DNS lookup failed for kafka-broker:9092, exception was [Errno -2] Name or service not known. Is your advertised.listeners (called advertised.host.name before Kafka 9) correct and resolvable?
[2025-03-21T13:58:41.163+0000] {conn.py:312} ERROR - DNS lookup failed for kafka-broker:9092 (0)
[2025-03-21T13:58:41.287+0000] {conn.py:1506} WARNING - DNS lookup failed for kafka-broker:9092, exception was [Errno -2] Name or service not known. Is your advertised.listeners (called advertised.host.name before Kafka 9) correct and resolvable?
[2025-03-21T13:58:41.289+0000] {conn.py:312} ERROR - DNS lookup failed for kafka-broker:9092 (0)
[2025-03-21T13:58:41.420+0000] {conn.py:1506} WARNING - DNS lookup failed for kafka-broker:9092, exception was [Errno -2] Name or service not known. Is your advertised.listeners (called advertised.host.name before Kafka 9) correct and resolvable?
[2025-03-21T13:58:41.423+0000] {conn.py:312} ERROR - DNS lookup failed for kafka-broker:9092 (0)
[2025-03-21T13:58:41.609+0000] {conn.py:1506} WARNING - DNS lookup failed for kafka-broker:9092, exception was [Errno -2] Name or service not known. Is your advertised.listeners (called advertised.host.name before Kafka 9) correct and resolvable?
[2025-03-21T13:58:41.611+0000] {conn.py:312} ERROR - DNS lookup failed for kafka-broker:9092 (0)
[2025-03-21T13:58:41.726+0000] {conn.py:1506} WARNING - DNS lookup failed for kafka-broker:9092, exception was [Errno -2] Name or service not known. Is your advertised.listeners (called advertised.host.name before Kafka 9) correct and resolvable?
[2025-03-21T13:58:41.728+0000] {conn.py:312} ERROR - DNS lookup failed for kafka-broker:9092 (0)
[2025-03-21T13:58:41.848+0000] {conn.py:1506} WARNING - DNS lookup failed for kafka-broker:9092, exception was [Errno -2] Name or service not known. Is your advertised.listeners (called advertised.host.name before Kafka 9) correct and resolvable?
[2025-03-21T13:58:41.852+0000] {conn.py:312} ERROR - DNS lookup failed for kafka-broker:9092 (0)
[2025-03-21T13:58:41.973+0000] {conn.py:1506} WARNING - DNS lookup failed for kafka-broker:9092, exception was [Errno -2] Name or service not known. Is your advertised.listeners (called advertised.host.name before Kafka 9) correct and resolvable?
[2025-03-21T13:58:41.975+0000] {conn.py:312} ERROR - DNS lookup failed for kafka-broker:9092 (0)
[2025-03-21T13:58:42.089+0000] {conn.py:1506} WARNING - DNS lookup failed for kafka-broker:9092, exception was [Errno -2] Name or service not known. Is your advertised.listeners (called advertised.host.name before Kafka 9) correct and resolvable?
[2025-03-21T13:58:42.090+0000] {conn.py:312} ERROR - DNS lookup failed for kafka-broker:9092 (0)
[2025-03-21T13:58:42.207+0000] {conn.py:1506} WARNING - DNS lookup failed for kafka-broker:9092, exception was [Errno -2] Name or service not known. Is your advertised.listeners (called advertised.host.name before Kafka 9) correct and resolvable?
[2025-03-21T13:58:42.210+0000] {conn.py:312} ERROR - DNS lookup failed for kafka-broker:9092 (0)
[2025-03-21T13:58:42.333+0000] {conn.py:1506} WARNING - DNS lookup failed for kafka-broker:9092, exception was [Errno -2] Name or service not known. Is your advertised.listeners (called advertised.host.name before Kafka 9) correct and resolvable?
[2025-03-21T13:58:42.335+0000] {conn.py:312} ERROR - DNS lookup failed for kafka-broker:9092 (0)
[2025-03-21T13:58:42.444+0000] {conn.py:1506} WARNING - DNS lookup failed for kafka-broker:9092, exception was [Errno -2] Name or service not known. Is your advertised.listeners (called advertised.host.name before Kafka 9) correct and resolvable?
[2025-03-21T13:58:42.446+0000] {conn.py:312} ERROR - DNS lookup failed for kafka-broker:9092 (0)
[2025-03-21T13:58:42.544+0000] {conn.py:1506} WARNING - DNS lookup failed for kafka-broker:9092, exception was [Errno -2] Name or service not known. Is your advertised.listeners (called advertised.host.name before Kafka 9) correct and resolvable?
[2025-03-21T13:58:42.545+0000] {conn.py:312} ERROR - DNS lookup failed for kafka-broker:9092 (0)
[2025-03-21T13:58:42.675+0000] {conn.py:1506} WARNING - DNS lookup failed for kafka-broker:9092, exception was [Errno -2] Name or service not known. Is your advertised.listeners (called advertised.host.name before Kafka 9) correct and resolvable?
[2025-03-21T13:58:42.677+0000] {conn.py:312} ERROR - DNS lookup failed for kafka-broker:9092 (0)
[2025-03-21T13:58:42.793+0000] {conn.py:1506} WARNING - DNS lookup failed for kafka-broker:9092, exception was [Errno -2] Name or service not known. Is your advertised.listeners (called advertised.host.name before Kafka 9) correct and resolvable?
[2025-03-21T13:58:42.795+0000] {conn.py:312} ERROR - DNS lookup failed for kafka-broker:9092 (0)
[2025-03-21T13:58:42.893+0000] {conn.py:1506} WARNING - DNS lookup failed for kafka-broker:9092, exception was [Errno -2] Name or service not known. Is your advertised.listeners (called advertised.host.name before Kafka 9) correct and resolvable?
[2025-03-21T13:58:42.894+0000] {conn.py:312} ERROR - DNS lookup failed for kafka-broker:9092 (0)
[2025-03-21T13:58:43.003+0000] {conn.py:1506} WARNING - DNS lookup failed for kafka-broker:9092, exception was [Errno -2] Name or service not known. Is your advertised.listeners (called advertised.host.name before Kafka 9) correct and resolvable?
[2025-03-21T13:58:43.004+0000] {conn.py:312} ERROR - DNS lookup failed for kafka-broker:9092 (0)
[2025-03-21T13:58:43.104+0000] {conn.py:1506} WARNING - DNS lookup failed for kafka-broker:9092, exception was [Errno -2] Name or service not known. Is your advertised.listeners (called advertised.host.name before Kafka 9) correct and resolvable?
[2025-03-21T13:58:43.106+0000] {conn.py:312} ERROR - DNS lookup failed for kafka-broker:9092 (0)
[2025-03-21T13:58:43.222+0000] {conn.py:1506} WARNING - DNS lookup failed for kafka-broker:9092, exception was [Errno -2] Name or service not known. Is your advertised.listeners (called advertised.host.name before Kafka 9) correct and resolvable?
[2025-03-21T13:58:43.225+0000] {conn.py:312} ERROR - DNS lookup failed for kafka-broker:9092 (0)
[2025-03-21T13:58:43.326+0000] {conn.py:1506} WARNING - DNS lookup failed for kafka-broker:9092, exception was [Errno -2] Name or service not known. Is your advertised.listeners (called advertised.host.name before Kafka 9) correct and resolvable?
[2025-03-21T13:58:43.327+0000] {conn.py:312} ERROR - DNS lookup failed for kafka-broker:9092 (0)
[2025-03-21T13:58:43.447+0000] {conn.py:1506} WARNING - DNS lookup failed for kafka-broker:9092, exception was [Errno -2] Name or service not known. Is your advertised.listeners (called advertised.host.name before Kafka 9) correct and resolvable?
[2025-03-21T13:58:43.448+0000] {conn.py:312} ERROR - DNS lookup failed for kafka-broker:9092 (0)
[2025-03-21T13:58:43.559+0000] {conn.py:1506} WARNING - DNS lookup failed for kafka-broker:9092, exception was [Errno -2] Name or service not known. Is your advertised.listeners (called advertised.host.name before Kafka 9) correct and resolvable?
[2025-03-21T13:58:43.561+0000] {conn.py:312} ERROR - DNS lookup failed for kafka-broker:9092 (0)
[2025-03-21T13:58:43.702+0000] {conn.py:1506} WARNING - DNS lookup failed for kafka-broker:9092, exception was [Errno -2] Name or service not known. Is your advertised.listeners (called advertised.host.name before Kafka 9) correct and resolvable?
[2025-03-21T13:58:43.704+0000] {conn.py:312} ERROR - DNS lookup failed for kafka-broker:9092 (0)
[2025-03-21T13:58:43.822+0000] {conn.py:1506} WARNING - DNS lookup failed for kafka-broker:9092, exception was [Errno -2] Name or service not known. Is your advertised.listeners (called advertised.host.name before Kafka 9) correct and resolvable?
[2025-03-21T13:58:43.823+0000] {conn.py:312} ERROR - DNS lookup failed for kafka-broker:9092 (0)
[2025-03-21T13:58:43.984+0000] {conn.py:1506} WARNING - DNS lookup failed for kafka-broker:9092, exception was [Errno -2] Name or service not known. Is your advertised.listeners (called advertised.host.name before Kafka 9) correct and resolvable?
[2025-03-21T13:58:43.986+0000] {conn.py:312} ERROR - DNS lookup failed for kafka-broker:9092 (0)
[2025-03-21T13:58:44.135+0000] {conn.py:1506} WARNING - DNS lookup failed for kafka-broker:9092, exception was [Errno -2] Name or service not known. Is your advertised.listeners (called advertised.host.name before Kafka 9) correct and resolvable?
[2025-03-21T13:58:44.136+0000] {conn.py:312} ERROR - DNS lookup failed for kafka-broker:9092 (0)
[2025-03-21T13:58:44.285+0000] {conn.py:1506} WARNING - DNS lookup failed for kafka-broker:9092, exception was [Errno -2] Name or service not known. Is your advertised.listeners (called advertised.host.name before Kafka 9) correct and resolvable?
[2025-03-21T13:58:44.289+0000] {conn.py:312} ERROR - DNS lookup failed for kafka-broker:9092 (0)
[2025-03-21T13:58:44.466+0000] {conn.py:1506} WARNING - DNS lookup failed for kafka-broker:9092, exception was [Errno -2] Name or service not known. Is your advertised.listeners (called advertised.host.name before Kafka 9) correct and resolvable?
[2025-03-21T13:58:44.468+0000] {conn.py:312} ERROR - DNS lookup failed for kafka-broker:9092 (0)
[2025-03-21T13:58:44.651+0000] {conn.py:1506} WARNING - DNS lookup failed for kafka-broker:9092, exception was [Errno -2] Name or service not known. Is your advertised.listeners (called advertised.host.name before Kafka 9) correct and resolvable?
[2025-03-21T13:58:44.653+0000] {conn.py:312} ERROR - DNS lookup failed for kafka-broker:9092 (0)
[2025-03-21T13:58:45.047+0000] {conn.py:1506} WARNING - DNS lookup failed for kafka-broker:9092, exception was [Errno -2] Name or service not known. Is your advertised.listeners (called advertised.host.name before Kafka 9) correct and resolvable?
[2025-03-21T13:58:45.048+0000] {conn.py:312} ERROR - DNS lookup failed for kafka-broker:9092 (0)
[2025-03-21T13:58:45.305+0000] {conn.py:1506} WARNING - DNS lookup failed for kafka-broker:9092, exception was [Errno -2] Name or service not known. Is your advertised.listeners (called advertised.host.name before Kafka 9) correct and resolvable?
[2025-03-21T13:58:45.311+0000] {conn.py:312} ERROR - DNS lookup failed for kafka-broker:9092 (0)
[2025-03-21T13:58:45.601+0000] {conn.py:1506} WARNING - DNS lookup failed for kafka-broker:9092, exception was [Errno -2] Name or service not known. Is your advertised.listeners (called advertised.host.name before Kafka 9) correct and resolvable?
[2025-03-21T13:58:45.602+0000] {conn.py:312} ERROR - DNS lookup failed for kafka-broker:9092 (0)
[2025-03-21T13:58:45.799+0000] {conn.py:1506} WARNING - DNS lookup failed for kafka-broker:9092, exception was [Errno -2] Name or service not known. Is your advertised.listeners (called advertised.host.name before Kafka 9) correct and resolvable?
[2025-03-21T13:58:45.801+0000] {conn.py:312} ERROR - DNS lookup failed for kafka-broker:9092 (0)
[2025-03-21T13:58:46.103+0000] {conn.py:1506} WARNING - DNS lookup failed for kafka-broker:9092, exception was [Errno -2] Name or service not known. Is your advertised.listeners (called advertised.host.name before Kafka 9) correct and resolvable?
[2025-03-21T13:58:46.108+0000] {conn.py:312} ERROR - DNS lookup failed for kafka-broker:9092 (0)
[2025-03-21T13:58:46.522+0000] {conn.py:1506} WARNING - DNS lookup failed for kafka-broker:9092, exception was [Errno -2] Name or service not known. Is your advertised.listeners (called advertised.host.name before Kafka 9) correct and resolvable?
[2025-03-21T13:58:46.526+0000] {conn.py:312} ERROR - DNS lookup failed for kafka-broker:9092 (0)
[2025-03-21T13:58:46.915+0000] {conn.py:1506} WARNING - DNS lookup failed for kafka-broker:9092, exception was [Errno -2] Name or service not known. Is your advertised.listeners (called advertised.host.name before Kafka 9) correct and resolvable?
[2025-03-21T13:58:46.927+0000] {conn.py:312} ERROR - DNS lookup failed for kafka-broker:9092 (0)
[2025-03-21T13:58:47.037+0000] {conn.py:1506} WARNING - DNS lookup failed for kafka-broker:9092, exception was [Errno -2] Name or service not known. Is your advertised.listeners (called advertised.host.name before Kafka 9) correct and resolvable?
[2025-03-21T13:58:47.040+0000] {conn.py:312} ERROR - DNS lookup failed for kafka-broker:9092 (0)
[2025-03-21T13:58:47.156+0000] {conn.py:1506} WARNING - DNS lookup failed for kafka-broker:9092, exception was [Errno -2] Name or service not known. Is your advertised.listeners (called advertised.host.name before Kafka 9) correct and resolvable?
[2025-03-21T13:58:47.158+0000] {conn.py:312} ERROR - DNS lookup failed for kafka-broker:9092 (0)
[2025-03-21T13:58:47.270+0000] {conn.py:1506} WARNING - DNS lookup failed for kafka-broker:9092, exception was [Errno -2] Name or service not known. Is your advertised.listeners (called advertised.host.name before Kafka 9) correct and resolvable?
[2025-03-21T13:58:47.271+0000] {conn.py:312} ERROR - DNS lookup failed for kafka-broker:9092 (0)
[2025-03-21T13:58:47.390+0000] {conn.py:1506} WARNING - DNS lookup failed for kafka-broker:9092, exception was [Errno -2] Name or service not known. Is your advertised.listeners (called advertised.host.name before Kafka 9) correct and resolvable?
[2025-03-21T13:58:47.398+0000] {conn.py:312} ERROR - DNS lookup failed for kafka-broker:9092 (0)
[2025-03-21T13:58:47.539+0000] {conn.py:1506} WARNING - DNS lookup failed for kafka-broker:9092, exception was [Errno -2] Name or service not known. Is your advertised.listeners (called advertised.host.name before Kafka 9) correct and resolvable?
[2025-03-21T13:58:47.541+0000] {conn.py:312} ERROR - DNS lookup failed for kafka-broker:9092 (0)
[2025-03-21T13:58:47.647+0000] {conn.py:1506} WARNING - DNS lookup failed for kafka-broker:9092, exception was [Errno -2] Name or service not known. Is your advertised.listeners (called advertised.host.name before Kafka 9) correct and resolvable?
[2025-03-21T13:58:47.648+0000] {conn.py:312} ERROR - DNS lookup failed for kafka-broker:9092 (0)
[2025-03-21T13:58:47.754+0000] {conn.py:1506} WARNING - DNS lookup failed for kafka-broker:9092, exception was [Errno -2] Name or service not known. Is your advertised.listeners (called advertised.host.name before Kafka 9) correct and resolvable?
[2025-03-21T13:58:47.755+0000] {conn.py:312} ERROR - DNS lookup failed for kafka-broker:9092 (0)
[2025-03-21T13:58:47.892+0000] {conn.py:1506} WARNING - DNS lookup failed for kafka-broker:9092, exception was [Errno -2] Name or service not known. Is your advertised.listeners (called advertised.host.name before Kafka 9) correct and resolvable?
[2025-03-21T13:58:47.894+0000] {conn.py:312} ERROR - DNS lookup failed for kafka-broker:9092 (0)
[2025-03-21T13:58:48.036+0000] {conn.py:1506} WARNING - DNS lookup failed for kafka-broker:9092, exception was [Errno -2] Name or service not known. Is your advertised.listeners (called advertised.host.name before Kafka 9) correct and resolvable?
[2025-03-21T13:58:48.037+0000] {conn.py:312} ERROR - DNS lookup failed for kafka-broker:9092 (0)
[2025-03-21T13:58:48.145+0000] {conn.py:1506} WARNING - DNS lookup failed for kafka-broker:9092, exception was [Errno -2] Name or service not known. Is your advertised.listeners (called advertised.host.name before Kafka 9) correct and resolvable?
[2025-03-21T13:58:48.146+0000] {conn.py:312} ERROR - DNS lookup failed for kafka-broker:9092 (0)
[2025-03-21T13:58:48.262+0000] {conn.py:1506} WARNING - DNS lookup failed for kafka-broker:9092, exception was [Errno -2] Name or service not known. Is your advertised.listeners (called advertised.host.name before Kafka 9) correct and resolvable?
[2025-03-21T13:58:48.265+0000] {conn.py:312} ERROR - DNS lookup failed for kafka-broker:9092 (0)
[2025-03-21T13:58:48.376+0000] {conn.py:1506} WARNING - DNS lookup failed for kafka-broker:9092, exception was [Errno -2] Name or service not known. Is your advertised.listeners (called advertised.host.name before Kafka 9) correct and resolvable?
[2025-03-21T13:58:48.377+0000] {conn.py:312} ERROR - DNS lookup failed for kafka-broker:9092 (0)
[2025-03-21T13:58:48.540+0000] {conn.py:1506} WARNING - DNS lookup failed for kafka-broker:9092, exception was [Errno -2] Name or service not known. Is your advertised.listeners (called advertised.host.name before Kafka 9) correct and resolvable?
[2025-03-21T13:58:48.541+0000] {conn.py:312} ERROR - DNS lookup failed for kafka-broker:9092 (0)
[2025-03-21T13:58:48.647+0000] {conn.py:1506} WARNING - DNS lookup failed for kafka-broker:9092, exception was [Errno -2] Name or service not known. Is your advertised.listeners (called advertised.host.name before Kafka 9) correct and resolvable?
[2025-03-21T13:58:48.653+0000] {conn.py:312} ERROR - DNS lookup failed for kafka-broker:9092 (0)
[2025-03-21T13:58:48.758+0000] {conn.py:1506} WARNING - DNS lookup failed for kafka-broker:9092, exception was [Errno -2] Name or service not known. Is your advertised.listeners (called advertised.host.name before Kafka 9) correct and resolvable?
[2025-03-21T13:58:48.761+0000] {conn.py:312} ERROR - DNS lookup failed for kafka-broker:9092 (0)
[2025-03-21T13:58:48.934+0000] {conn.py:1506} WARNING - DNS lookup failed for kafka-broker:9092, exception was [Errno -2] Name or service not known. Is your advertised.listeners (called advertised.host.name before Kafka 9) correct and resolvable?
[2025-03-21T13:58:48.944+0000] {conn.py:312} ERROR - DNS lookup failed for kafka-broker:9092 (0)
[2025-03-21T13:58:49.109+0000] {conn.py:1506} WARNING - DNS lookup failed for kafka-broker:9092, exception was [Errno -2] Name or service not known. Is your advertised.listeners (called advertised.host.name before Kafka 9) correct and resolvable?
[2025-03-21T13:58:49.113+0000] {conn.py:312} ERROR - DNS lookup failed for kafka-broker:9092 (0)
[2025-03-21T13:58:49.240+0000] {conn.py:1506} WARNING - DNS lookup failed for kafka-broker:9092, exception was [Errno -2] Name or service not known. Is your advertised.listeners (called advertised.host.name before Kafka 9) correct and resolvable?
[2025-03-21T13:58:49.243+0000] {conn.py:312} ERROR - DNS lookup failed for kafka-broker:9092 (0)
[2025-03-21T13:58:49.369+0000] {conn.py:1506} WARNING - DNS lookup failed for kafka-broker:9092, exception was [Errno -2] Name or service not known. Is your advertised.listeners (called advertised.host.name before Kafka 9) correct and resolvable?
[2025-03-21T13:58:49.373+0000] {conn.py:312} ERROR - DNS lookup failed for kafka-broker:9092 (0)
[2025-03-21T13:58:49.472+0000] {conn.py:1506} WARNING - DNS lookup failed for kafka-broker:9092, exception was [Errno -2] Name or service not known. Is your advertised.listeners (called advertised.host.name before Kafka 9) correct and resolvable?
[2025-03-21T13:58:49.474+0000] {conn.py:312} ERROR - DNS lookup failed for kafka-broker:9092 (0)
[2025-03-21T13:58:49.577+0000] {conn.py:1506} WARNING - DNS lookup failed for kafka-broker:9092, exception was [Errno -2] Name or service not known. Is your advertised.listeners (called advertised.host.name before Kafka 9) correct and resolvable?
[2025-03-21T13:58:49.578+0000] {conn.py:312} ERROR - DNS lookup failed for kafka-broker:9092 (0)
[2025-03-21T13:58:49.673+0000] {conn.py:1506} WARNING - DNS lookup failed for kafka-broker:9092, exception was [Errno -2] Name or service not known. Is your advertised.listeners (called advertised.host.name before Kafka 9) correct and resolvable?
[2025-03-21T13:58:49.674+0000] {conn.py:312} ERROR - DNS lookup failed for kafka-broker:9092 (0)
[2025-03-21T13:58:49.780+0000] {conn.py:1506} WARNING - DNS lookup failed for kafka-broker:9092, exception was [Errno -2] Name or service not known. Is your advertised.listeners (called advertised.host.name before Kafka 9) correct and resolvable?
[2025-03-21T13:58:49.782+0000] {conn.py:312} ERROR - DNS lookup failed for kafka-broker:9092 (0)
[2025-03-21T13:58:49.936+0000] {conn.py:1506} WARNING - DNS lookup failed for kafka-broker:9092, exception was [Errno -2] Name or service not known. Is your advertised.listeners (called advertised.host.name before Kafka 9) correct and resolvable?
[2025-03-21T13:58:49.937+0000] {conn.py:312} ERROR - DNS lookup failed for kafka-broker:9092 (0)
[2025-03-21T13:58:50.073+0000] {conn.py:1506} WARNING - DNS lookup failed for kafka-broker:9092, exception was [Errno -2] Name or service not known. Is your advertised.listeners (called advertised.host.name before Kafka 9) correct and resolvable?
[2025-03-21T13:58:50.074+0000] {conn.py:312} ERROR - DNS lookup failed for kafka-broker:9092 (0)
[2025-03-21T13:58:50.188+0000] {conn.py:1506} WARNING - DNS lookup failed for kafka-broker:9092, exception was [Errno -2] Name or service not known. Is your advertised.listeners (called advertised.host.name before Kafka 9) correct and resolvable?
[2025-03-21T13:58:50.189+0000] {conn.py:312} ERROR - DNS lookup failed for kafka-broker:9092 (0)
[2025-03-21T13:58:50.308+0000] {conn.py:1506} WARNING - DNS lookup failed for kafka-broker:9092, exception was [Errno -2] Name or service not known. Is your advertised.listeners (called advertised.host.name before Kafka 9) correct and resolvable?
[2025-03-21T13:58:50.309+0000] {conn.py:312} ERROR - DNS lookup failed for kafka-broker:9092 (0)
[2025-03-21T13:58:50.420+0000] {conn.py:1506} WARNING - DNS lookup failed for kafka-broker:9092, exception was [Errno -2] Name or service not known. Is your advertised.listeners (called advertised.host.name before Kafka 9) correct and resolvable?
[2025-03-21T13:58:50.422+0000] {conn.py:312} ERROR - DNS lookup failed for kafka-broker:9092 (0)
[2025-03-21T13:58:50.536+0000] {conn.py:1506} WARNING - DNS lookup failed for kafka-broker:9092, exception was [Errno -2] Name or service not known. Is your advertised.listeners (called advertised.host.name before Kafka 9) correct and resolvable?
[2025-03-21T13:58:50.538+0000] {conn.py:312} ERROR - DNS lookup failed for kafka-broker:9092 (0)
[2025-03-21T13:58:50.649+0000] {conn.py:1506} WARNING - DNS lookup failed for kafka-broker:9092, exception was [Errno -2] Name or service not known. Is your advertised.listeners (called advertised.host.name before Kafka 9) correct and resolvable?
[2025-03-21T13:58:50.657+0000] {conn.py:312} ERROR - DNS lookup failed for kafka-broker:9092 (0)
[2025-03-21T13:58:50.770+0000] {conn.py:1506} WARNING - DNS lookup failed for kafka-broker:9092, exception was [Errno -2] Name or service not known. Is your advertised.listeners (called advertised.host.name before Kafka 9) correct and resolvable?
[2025-03-21T13:58:50.771+0000] {conn.py:312} ERROR - DNS lookup failed for kafka-broker:9092 (0)
[2025-03-21T13:58:50.876+0000] {conn.py:1506} WARNING - DNS lookup failed for kafka-broker:9092, exception was [Errno -2] Name or service not known. Is your advertised.listeners (called advertised.host.name before Kafka 9) correct and resolvable?
[2025-03-21T13:58:50.878+0000] {conn.py:312} ERROR - DNS lookup failed for kafka-broker:9092 (0)
[2025-03-21T13:58:51.030+0000] {conn.py:1506} WARNING - DNS lookup failed for kafka-broker:9092, exception was [Errno -2] Name or service not known. Is your advertised.listeners (called advertised.host.name before Kafka 9) correct and resolvable?
[2025-03-21T13:58:51.033+0000] {conn.py:312} ERROR - DNS lookup failed for kafka-broker:9092 (0)
[2025-03-21T13:58:51.168+0000] {conn.py:1506} WARNING - DNS lookup failed for kafka-broker:9092, exception was [Errno -2] Name or service not known. Is your advertised.listeners (called advertised.host.name before Kafka 9) correct and resolvable?
[2025-03-21T13:58:51.170+0000] {conn.py:312} ERROR - DNS lookup failed for kafka-broker:9092 (0)
[2025-03-21T13:58:51.288+0000] {conn.py:1506} WARNING - DNS lookup failed for kafka-broker:9092, exception was [Errno -2] Name or service not known. Is your advertised.listeners (called advertised.host.name before Kafka 9) correct and resolvable?
[2025-03-21T13:58:51.290+0000] {conn.py:312} ERROR - DNS lookup failed for kafka-broker:9092 (0)
[2025-03-21T13:58:51.406+0000] {conn.py:1506} WARNING - DNS lookup failed for kafka-broker:9092, exception was [Errno -2] Name or service not known. Is your advertised.listeners (called advertised.host.name before Kafka 9) correct and resolvable?
[2025-03-21T13:58:51.408+0000] {conn.py:312} ERROR - DNS lookup failed for kafka-broker:9092 (0)
[2025-03-21T13:58:51.523+0000] {conn.py:1506} WARNING - DNS lookup failed for kafka-broker:9092, exception was [Errno -2] Name or service not known. Is your advertised.listeners (called advertised.host.name before Kafka 9) correct and resolvable?
[2025-03-21T13:58:51.528+0000] {conn.py:312} ERROR - DNS lookup failed for kafka-broker:9092 (0)
[2025-03-21T13:58:51.724+0000] {conn.py:1506} WARNING - DNS lookup failed for kafka-broker:9092, exception was [Errno -2] Name or service not known. Is your advertised.listeners (called advertised.host.name before Kafka 9) correct and resolvable?
[2025-03-21T13:58:51.731+0000] {conn.py:312} ERROR - DNS lookup failed for kafka-broker:9092 (0)
[2025-03-21T13:58:51.840+0000] {conn.py:1506} WARNING - DNS lookup failed for kafka-broker:9092, exception was [Errno -2] Name or service not known. Is your advertised.listeners (called advertised.host.name before Kafka 9) correct and resolvable?
[2025-03-21T13:58:51.842+0000] {conn.py:312} ERROR - DNS lookup failed for kafka-broker:9092 (0)
[2025-03-21T13:58:51.947+0000] {conn.py:1506} WARNING - DNS lookup failed for kafka-broker:9092, exception was [Errno -2] Name or service not known. Is your advertised.listeners (called advertised.host.name before Kafka 9) correct and resolvable?
[2025-03-21T13:58:51.949+0000] {conn.py:312} ERROR - DNS lookup failed for kafka-broker:9092 (0)
[2025-03-21T13:58:52.158+0000] {conn.py:1506} WARNING - DNS lookup failed for kafka-broker:9092, exception was [Errno -2] Name or service not known. Is your advertised.listeners (called advertised.host.name before Kafka 9) correct and resolvable?
[2025-03-21T13:58:52.159+0000] {conn.py:312} ERROR - DNS lookup failed for kafka-broker:9092 (0)
[2025-03-21T13:58:52.361+0000] {conn.py:1506} WARNING - DNS lookup failed for kafka-broker:9092, exception was [Errno -2] Name or service not known. Is your advertised.listeners (called advertised.host.name before Kafka 9) correct and resolvable?
[2025-03-21T13:58:52.363+0000] {conn.py:312} ERROR - DNS lookup failed for kafka-broker:9092 (0)
[2025-03-21T13:58:52.522+0000] {conn.py:1506} WARNING - DNS lookup failed for kafka-broker:9092, exception was [Errno -2] Name or service not known. Is your advertised.listeners (called advertised.host.name before Kafka 9) correct and resolvable?
[2025-03-21T13:58:52.523+0000] {conn.py:312} ERROR - DNS lookup failed for kafka-broker:9092 (0)
[2025-03-21T13:58:52.653+0000] {conn.py:1506} WARNING - DNS lookup failed for kafka-broker:9092, exception was [Errno -2] Name or service not known. Is your advertised.listeners (called advertised.host.name before Kafka 9) correct and resolvable?
[2025-03-21T13:58:52.654+0000] {conn.py:312} ERROR - DNS lookup failed for kafka-broker:9092 (0)
[2025-03-21T13:58:52.809+0000] {conn.py:1506} WARNING - DNS lookup failed for kafka-broker:9092, exception was [Errno -2] Name or service not known. Is your advertised.listeners (called advertised.host.name before Kafka 9) correct and resolvable?
[2025-03-21T13:58:52.812+0000] {conn.py:312} ERROR - DNS lookup failed for kafka-broker:9092 (0)
[2025-03-21T13:58:52.934+0000] {conn.py:1506} WARNING - DNS lookup failed for kafka-broker:9092, exception was [Errno -2] Name or service not known. Is your advertised.listeners (called advertised.host.name before Kafka 9) correct and resolvable?
[2025-03-21T13:58:52.935+0000] {conn.py:312} ERROR - DNS lookup failed for kafka-broker:9092 (0)
[2025-03-21T13:58:53.141+0000] {conn.py:1506} WARNING - DNS lookup failed for kafka-broker:9092, exception was [Errno -2] Name or service not known. Is your advertised.listeners (called advertised.host.name before Kafka 9) correct and resolvable?
[2025-03-21T13:58:53.142+0000] {conn.py:312} ERROR - DNS lookup failed for kafka-broker:9092 (0)
[2025-03-21T13:58:53.368+0000] {conn.py:1506} WARNING - DNS lookup failed for kafka-broker:9092, exception was [Errno -2] Name or service not known. Is your advertised.listeners (called advertised.host.name before Kafka 9) correct and resolvable?
[2025-03-21T13:58:53.369+0000] {conn.py:312} ERROR - DNS lookup failed for kafka-broker:9092 (0)
[2025-03-21T13:58:53.605+0000] {conn.py:1506} WARNING - DNS lookup failed for kafka-broker:9092, exception was [Errno -2] Name or service not known. Is your advertised.listeners (called advertised.host.name before Kafka 9) correct and resolvable?
[2025-03-21T13:58:53.606+0000] {conn.py:312} ERROR - DNS lookup failed for kafka-broker:9092 (0)
[2025-03-21T13:58:53.866+0000] {conn.py:1506} WARNING - DNS lookup failed for kafka-broker:9092, exception was [Errno -2] Name or service not known. Is your advertised.listeners (called advertised.host.name before Kafka 9) correct and resolvable?
[2025-03-21T13:58:53.869+0000] {conn.py:312} ERROR - DNS lookup failed for kafka-broker:9092 (0)
[2025-03-21T13:58:54.113+0000] {conn.py:1506} WARNING - DNS lookup failed for kafka-broker:9092, exception was [Errno -2] Name or service not known. Is your advertised.listeners (called advertised.host.name before Kafka 9) correct and resolvable?
[2025-03-21T13:58:54.114+0000] {conn.py:312} ERROR - DNS lookup failed for kafka-broker:9092 (0)
[2025-03-21T13:58:54.391+0000] {conn.py:1506} WARNING - DNS lookup failed for kafka-broker:9092, exception was [Errno -2] Name or service not known. Is your advertised.listeners (called advertised.host.name before Kafka 9) correct and resolvable?
[2025-03-21T13:58:54.401+0000] {conn.py:312} ERROR - DNS lookup failed for kafka-broker:9092 (0)
[2025-03-21T13:58:54.662+0000] {conn.py:1506} WARNING - DNS lookup failed for kafka-broker:9092, exception was [Errno -2] Name or service not known. Is your advertised.listeners (called advertised.host.name before Kafka 9) correct and resolvable?
[2025-03-21T13:58:54.663+0000] {conn.py:312} ERROR - DNS lookup failed for kafka-broker:9092 (0)
[2025-03-21T13:58:54.960+0000] {conn.py:1506} WARNING - DNS lookup failed for kafka-broker:9092, exception was [Errno -2] Name or service not known. Is your advertised.listeners (called advertised.host.name before Kafka 9) correct and resolvable?
[2025-03-21T13:58:54.962+0000] {conn.py:312} ERROR - DNS lookup failed for kafka-broker:9092 (0)
[2025-03-21T13:58:55.247+0000] {conn.py:1506} WARNING - DNS lookup failed for kafka-broker:9092, exception was [Errno -2] Name or service not known. Is your advertised.listeners (called advertised.host.name before Kafka 9) correct and resolvable?
[2025-03-21T13:58:55.250+0000] {conn.py:312} ERROR - DNS lookup failed for kafka-broker:9092 (0)
[2025-03-21T13:58:55.514+0000] {conn.py:1506} WARNING - DNS lookup failed for kafka-broker:9092, exception was [Errno -2] Name or service not known. Is your advertised.listeners (called advertised.host.name before Kafka 9) correct and resolvable?
[2025-03-21T13:58:55.518+0000] {conn.py:312} ERROR - DNS lookup failed for kafka-broker:9092 (0)
[2025-03-21T13:58:55.846+0000] {conn.py:1506} WARNING - DNS lookup failed for kafka-broker:9092, exception was [Errno -2] Name or service not known. Is your advertised.listeners (called advertised.host.name before Kafka 9) correct and resolvable?
[2025-03-21T13:58:55.848+0000] {conn.py:312} ERROR - DNS lookup failed for kafka-broker:9092 (0)
[2025-03-21T13:58:56.097+0000] {conn.py:1506} WARNING - DNS lookup failed for kafka-broker:9092, exception was [Errno -2] Name or service not known. Is your advertised.listeners (called advertised.host.name before Kafka 9) correct and resolvable?
[2025-03-21T13:58:56.101+0000] {conn.py:312} ERROR - DNS lookup failed for kafka-broker:9092 (0)
[2025-03-21T13:58:56.653+0000] {conn.py:1506} WARNING - DNS lookup failed for kafka-broker:9092, exception was [Errno -2] Name or service not known. Is your advertised.listeners (called advertised.host.name before Kafka 9) correct and resolvable?
[2025-03-21T13:58:56.655+0000] {conn.py:312} ERROR - DNS lookup failed for kafka-broker:9092 (0)
[2025-03-21T13:58:57.179+0000] {conn.py:1506} WARNING - DNS lookup failed for kafka-broker:9092, exception was [Errno -2] Name or service not known. Is your advertised.listeners (called advertised.host.name before Kafka 9) correct and resolvable?
[2025-03-21T13:58:57.180+0000] {conn.py:312} ERROR - DNS lookup failed for kafka-broker:9092 (0)
[2025-03-21T13:58:57.537+0000] {conn.py:1506} WARNING - DNS lookup failed for kafka-broker:9092, exception was [Errno -2] Name or service not known. Is your advertised.listeners (called advertised.host.name before Kafka 9) correct and resolvable?
[2025-03-21T13:58:57.538+0000] {conn.py:312} ERROR - DNS lookup failed for kafka-broker:9092 (0)
[2025-03-21T13:58:57.826+0000] {conn.py:1506} WARNING - DNS lookup failed for kafka-broker:9092, exception was [Errno -2] Name or service not known. Is your advertised.listeners (called advertised.host.name before Kafka 9) correct and resolvable?
[2025-03-21T13:58:57.827+0000] {conn.py:312} ERROR - DNS lookup failed for kafka-broker:9092 (0)
[2025-03-21T13:58:58.098+0000] {conn.py:1506} WARNING - DNS lookup failed for kafka-broker:9092, exception was [Errno -2] Name or service not known. Is your advertised.listeners (called advertised.host.name before Kafka 9) correct and resolvable?
[2025-03-21T13:58:58.110+0000] {conn.py:312} ERROR - DNS lookup failed for kafka-broker:9092 (0)
[2025-03-21T13:58:58.354+0000] {conn.py:1506} WARNING - DNS lookup failed for kafka-broker:9092, exception was [Errno -2] Name or service not known. Is your advertised.listeners (called advertised.host.name before Kafka 9) correct and resolvable?
[2025-03-21T13:58:58.355+0000] {conn.py:312} ERROR - DNS lookup failed for kafka-broker:9092 (0)
[2025-03-21T13:58:58.643+0000] {conn.py:1506} WARNING - DNS lookup failed for kafka-broker:9092, exception was [Errno -2] Name or service not known. Is your advertised.listeners (called advertised.host.name before Kafka 9) correct and resolvable?
[2025-03-21T13:58:58.650+0000] {conn.py:312} ERROR - DNS lookup failed for kafka-broker:9092 (0)
[2025-03-21T13:58:58.904+0000] {conn.py:1506} WARNING - DNS lookup failed for kafka-broker:9092, exception was [Errno -2] Name or service not known. Is your advertised.listeners (called advertised.host.name before Kafka 9) correct and resolvable?
[2025-03-21T13:58:58.907+0000] {conn.py:312} ERROR - DNS lookup failed for kafka-broker:9092 (0)
[2025-03-21T13:58:59.162+0000] {conn.py:1506} WARNING - DNS lookup failed for kafka-broker:9092, exception was [Errno -2] Name or service not known. Is your advertised.listeners (called advertised.host.name before Kafka 9) correct and resolvable?
[2025-03-21T13:58:59.166+0000] {conn.py:312} ERROR - DNS lookup failed for kafka-broker:9092 (0)
[2025-03-21T13:58:59.501+0000] {conn.py:1506} WARNING - DNS lookup failed for kafka-broker:9092, exception was [Errno -2] Name or service not known. Is your advertised.listeners (called advertised.host.name before Kafka 9) correct and resolvable?
[2025-03-21T13:58:59.504+0000] {conn.py:312} ERROR - DNS lookup failed for kafka-broker:9092 (0)
[2025-03-21T13:58:59.704+0000] {conn.py:1506} WARNING - DNS lookup failed for kafka-broker:9092, exception was [Errno -2] Name or service not known. Is your advertised.listeners (called advertised.host.name before Kafka 9) correct and resolvable?
[2025-03-21T13:58:59.705+0000] {conn.py:312} ERROR - DNS lookup failed for kafka-broker:9092 (0)
[2025-03-21T13:58:59.891+0000] {conn.py:1506} WARNING - DNS lookup failed for kafka-broker:9092, exception was [Errno -2] Name or service not known. Is your advertised.listeners (called advertised.host.name before Kafka 9) correct and resolvable?
[2025-03-21T13:58:59.893+0000] {conn.py:312} ERROR - DNS lookup failed for kafka-broker:9092 (0)
[2025-03-21T13:59:00.411+0000] {conn.py:1506} WARNING - DNS lookup failed for kafka-broker:9092, exception was [Errno -2] Name or service not known. Is your advertised.listeners (called advertised.host.name before Kafka 9) correct and resolvable?
[2025-03-21T13:59:00.415+0000] {conn.py:312} ERROR - DNS lookup failed for kafka-broker:9092 (0)
[2025-03-21T13:59:00.952+0000] {conn.py:1506} WARNING - DNS lookup failed for kafka-broker:9092, exception was [Errno -2] Name or service not known. Is your advertised.listeners (called advertised.host.name before Kafka 9) correct and resolvable?
[2025-03-21T13:59:00.968+0000] {conn.py:312} ERROR - DNS lookup failed for kafka-broker:9092 (0)
[2025-03-21T13:59:01.271+0000] {conn.py:1506} WARNING - DNS lookup failed for kafka-broker:9092, exception was [Errno -2] Name or service not known. Is your advertised.listeners (called advertised.host.name before Kafka 9) correct and resolvable?
[2025-03-21T13:59:01.273+0000] {conn.py:312} ERROR - DNS lookup failed for kafka-broker:9092 (0)
[2025-03-21T13:59:01.639+0000] {conn.py:1506} WARNING - DNS lookup failed for kafka-broker:9092, exception was [Errno -2] Name or service not known. Is your advertised.listeners (called advertised.host.name before Kafka 9) correct and resolvable?
[2025-03-21T13:59:01.640+0000] {conn.py:312} ERROR - DNS lookup failed for kafka-broker:9092 (0)
[2025-03-21T13:59:02.066+0000] {conn.py:1506} WARNING - DNS lookup failed for kafka-broker:9092, exception was [Errno -2] Name or service not known. Is your advertised.listeners (called advertised.host.name before Kafka 9) correct and resolvable?
[2025-03-21T13:59:02.067+0000] {conn.py:312} ERROR - DNS lookup failed for kafka-broker:9092 (0)
[2025-03-21T13:59:02.394+0000] {conn.py:1506} WARNING - DNS lookup failed for kafka-broker:9092, exception was [Errno -2] Name or service not known. Is your advertised.listeners (called advertised.host.name before Kafka 9) correct and resolvable?
[2025-03-21T13:59:02.401+0000] {conn.py:312} ERROR - DNS lookup failed for kafka-broker:9092 (0)
[2025-03-21T13:59:02.833+0000] {conn.py:1506} WARNING - DNS lookup failed for kafka-broker:9092, exception was [Errno -2] Name or service not known. Is your advertised.listeners (called advertised.host.name before Kafka 9) correct and resolvable?
[2025-03-21T13:59:02.835+0000] {conn.py:312} ERROR - DNS lookup failed for kafka-broker:9092 (0)
[2025-03-21T13:59:03.073+0000] {conn.py:1506} WARNING - DNS lookup failed for kafka-broker:9092, exception was [Errno -2] Name or service not known. Is your advertised.listeners (called advertised.host.name before Kafka 9) correct and resolvable?
[2025-03-21T13:59:03.078+0000] {conn.py:312} ERROR - DNS lookup failed for kafka-broker:9092 (0)
[2025-03-21T13:59:03.232+0000] {conn.py:1506} WARNING - DNS lookup failed for kafka-broker:9092, exception was [Errno -2] Name or service not known. Is your advertised.listeners (called advertised.host.name before Kafka 9) correct and resolvable?
[2025-03-21T13:59:03.233+0000] {conn.py:312} ERROR - DNS lookup failed for kafka-broker:9092 (0)
[2025-03-21T13:59:03.389+0000] {conn.py:1506} WARNING - DNS lookup failed for kafka-broker:9092, exception was [Errno -2] Name or service not known. Is your advertised.listeners (called advertised.host.name before Kafka 9) correct and resolvable?
[2025-03-21T13:59:03.392+0000] {conn.py:312} ERROR - DNS lookup failed for kafka-broker:9092 (0)
[2025-03-21T13:59:03.631+0000] {conn.py:1506} WARNING - DNS lookup failed for kafka-broker:9092, exception was [Errno -2] Name or service not known. Is your advertised.listeners (called advertised.host.name before Kafka 9) correct and resolvable?
[2025-03-21T13:59:03.633+0000] {conn.py:312} ERROR - DNS lookup failed for kafka-broker:9092 (0)
[2025-03-21T13:59:03.915+0000] {conn.py:1506} WARNING - DNS lookup failed for kafka-broker:9092, exception was [Errno -2] Name or service not known. Is your advertised.listeners (called advertised.host.name before Kafka 9) correct and resolvable?
[2025-03-21T13:59:03.916+0000] {conn.py:312} ERROR - DNS lookup failed for kafka-broker:9092 (0)
[2025-03-21T13:59:04.172+0000] {conn.py:1506} WARNING - DNS lookup failed for kafka-broker:9092, exception was [Errno -2] Name or service not known. Is your advertised.listeners (called advertised.host.name before Kafka 9) correct and resolvable?
[2025-03-21T13:59:04.175+0000] {conn.py:312} ERROR - DNS lookup failed for kafka-broker:9092 (0)
[2025-03-21T13:59:04.466+0000] {conn.py:1506} WARNING - DNS lookup failed for kafka-broker:9092, exception was [Errno -2] Name or service not known. Is your advertised.listeners (called advertised.host.name before Kafka 9) correct and resolvable?
[2025-03-21T13:59:04.471+0000] {conn.py:312} ERROR - DNS lookup failed for kafka-broker:9092 (0)
[2025-03-21T13:59:04.774+0000] {conn.py:1506} WARNING - DNS lookup failed for kafka-broker:9092, exception was [Errno -2] Name or service not known. Is your advertised.listeners (called advertised.host.name before Kafka 9) correct and resolvable?
[2025-03-21T13:59:04.779+0000] {conn.py:312} ERROR - DNS lookup failed for kafka-broker:9092 (0)
[2025-03-21T13:59:05.223+0000] {conn.py:1506} WARNING - DNS lookup failed for kafka-broker:9092, exception was [Errno -2] Name or service not known. Is your advertised.listeners (called advertised.host.name before Kafka 9) correct and resolvable?
[2025-03-21T13:59:05.231+0000] {conn.py:312} ERROR - DNS lookup failed for kafka-broker:9092 (0)
[2025-03-21T13:59:05.431+0000] {conn.py:1506} WARNING - DNS lookup failed for kafka-broker:9092, exception was [Errno -2] Name or service not known. Is your advertised.listeners (called advertised.host.name before Kafka 9) correct and resolvable?
[2025-03-21T13:59:05.433+0000] {conn.py:312} ERROR - DNS lookup failed for kafka-broker:9092 (0)
[2025-03-21T13:59:05.553+0000] {conn.py:1506} WARNING - DNS lookup failed for kafka-broker:9092, exception was [Errno -2] Name or service not known. Is your advertised.listeners (called advertised.host.name before Kafka 9) correct and resolvable?
[2025-03-21T13:59:05.555+0000] {conn.py:312} ERROR - DNS lookup failed for kafka-broker:9092 (0)
[2025-03-21T13:59:05.670+0000] {conn.py:1506} WARNING - DNS lookup failed for kafka-broker:9092, exception was [Errno -2] Name or service not known. Is your advertised.listeners (called advertised.host.name before Kafka 9) correct and resolvable?
[2025-03-21T13:59:05.673+0000] {conn.py:312} ERROR - DNS lookup failed for kafka-broker:9092 (0)
[2025-03-21T13:59:05.789+0000] {conn.py:1506} WARNING - DNS lookup failed for kafka-broker:9092, exception was [Errno -2] Name or service not known. Is your advertised.listeners (called advertised.host.name before Kafka 9) correct and resolvable?
[2025-03-21T13:59:05.799+0000] {conn.py:312} ERROR - DNS lookup failed for kafka-broker:9092 (0)
[2025-03-21T13:59:05.980+0000] {conn.py:1506} WARNING - DNS lookup failed for kafka-broker:9092, exception was [Errno -2] Name or service not known. Is your advertised.listeners (called advertised.host.name before Kafka 9) correct and resolvable?
[2025-03-21T13:59:05.985+0000] {conn.py:312} ERROR - DNS lookup failed for kafka-broker:9092 (0)
[2025-03-21T13:59:06.099+0000] {conn.py:1506} WARNING - DNS lookup failed for kafka-broker:9092, exception was [Errno -2] Name or service not known. Is your advertised.listeners (called advertised.host.name before Kafka 9) correct and resolvable?
[2025-03-21T13:59:06.100+0000] {conn.py:312} ERROR - DNS lookup failed for kafka-broker:9092 (0)
[2025-03-21T13:59:06.206+0000] {conn.py:1506} WARNING - DNS lookup failed for kafka-broker:9092, exception was [Errno -2] Name or service not known. Is your advertised.listeners (called advertised.host.name before Kafka 9) correct and resolvable?
[2025-03-21T13:59:06.213+0000] {conn.py:312} ERROR - DNS lookup failed for kafka-broker:9092 (0)
[2025-03-21T13:59:06.218+0000] {taskinstance.py:1935} ERROR - Task failed with exception
Traceback (most recent call last):
  File "/opt/airflow/plugins/kafka_operator.py", line 58, in execute
    producer.send(self.kafka_topic, value=transaction)
  File "/home/airflow/.local/lib/python3.8/site-packages/kafka/producer/kafka.py", line 609, in send
    self._wait_on_metadata(topic, timeout - elapsed)
  File "/home/airflow/.local/lib/python3.8/site-packages/kafka/producer/kafka.py", line 742, in _wait_on_metadata
    raise Errors.KafkaTimeoutError(
kafka.errors.KafkaTimeoutError: KafkaTimeoutError: Failed to update metadata after 60.0 secs.
[2025-03-21T13:59:06.325+0000] {conn.py:1506} WARNING - DNS lookup failed for kafka-broker:9092, exception was [Errno -2] Name or service not known. Is your advertised.listeners (called advertised.host.name before Kafka 9) correct and resolvable?
[2025-03-21T13:59:06.453+0000] {conn.py:312} ERROR - DNS lookup failed for kafka-broker:9092 (0)
[2025-03-21T13:59:06.623+0000] {conn.py:1506} WARNING - DNS lookup failed for kafka-broker:9092, exception was [Errno -2] Name or service not known. Is your advertised.listeners (called advertised.host.name before Kafka 9) correct and resolvable?
[2025-03-21T13:59:06.632+0000] {conn.py:312} ERROR - DNS lookup failed for kafka-broker:9092 (0)
[2025-03-21T13:59:06.702+0000] {taskinstance.py:1398} INFO - Marking task as FAILED. dag_id=transaction-facts_generator, task_id=generate_txn_fact_data, execution_date=20250320T000000, start_date=20250321T135802, end_date=20250321T135906
[2025-03-21T13:59:06.763+0000] {conn.py:1506} WARNING - DNS lookup failed for kafka-broker:9092, exception was [Errno -2] Name or service not known. Is your advertised.listeners (called advertised.host.name before Kafka 9) correct and resolvable?
[2025-03-21T13:59:06.774+0000] {conn.py:312} ERROR - DNS lookup failed for kafka-broker:9092 (0)
[2025-03-21T13:59:06.938+0000] {conn.py:1506} WARNING - DNS lookup failed for kafka-broker:9092, exception was [Errno -2] Name or service not known. Is your advertised.listeners (called advertised.host.name before Kafka 9) correct and resolvable?
[2025-03-21T13:59:06.939+0000] {conn.py:312} ERROR - DNS lookup failed for kafka-broker:9092 (0)
[2025-03-21T13:59:07.051+0000] {conn.py:1506} WARNING - DNS lookup failed for kafka-broker:9092, exception was [Errno -2] Name or service not known. Is your advertised.listeners (called advertised.host.name before Kafka 9) correct and resolvable?
[2025-03-21T13:59:07.052+0000] {conn.py:312} ERROR - DNS lookup failed for kafka-broker:9092 (0)
[2025-03-21T13:59:07.170+0000] {conn.py:1506} WARNING - DNS lookup failed for kafka-broker:9092, exception was [Errno -2] Name or service not known. Is your advertised.listeners (called advertised.host.name before Kafka 9) correct and resolvable?
[2025-03-21T13:59:07.171+0000] {conn.py:312} ERROR - DNS lookup failed for kafka-broker:9092 (0)
[2025-03-21T13:59:07.308+0000] {conn.py:1506} WARNING - DNS lookup failed for kafka-broker:9092, exception was [Errno -2] Name or service not known. Is your advertised.listeners (called advertised.host.name before Kafka 9) correct and resolvable?
[2025-03-21T13:59:07.310+0000] {conn.py:312} ERROR - DNS lookup failed for kafka-broker:9092 (0)
[2025-03-21T13:59:07.436+0000] {conn.py:1506} WARNING - DNS lookup failed for kafka-broker:9092, exception was [Errno -2] Name or service not known. Is your advertised.listeners (called advertised.host.name before Kafka 9) correct and resolvable?
[2025-03-21T13:59:07.437+0000] {conn.py:312} ERROR - DNS lookup failed for kafka-broker:9092 (0)
[2025-03-21T13:59:07.543+0000] {conn.py:1506} WARNING - DNS lookup failed for kafka-broker:9092, exception was [Errno -2] Name or service not known. Is your advertised.listeners (called advertised.host.name before Kafka 9) correct and resolvable?
[2025-03-21T13:59:07.544+0000] {conn.py:312} ERROR - DNS lookup failed for kafka-broker:9092 (0)
[2025-03-21T13:59:07.656+0000] {conn.py:1506} WARNING - DNS lookup failed for kafka-broker:9092, exception was [Errno -2] Name or service not known. Is your advertised.listeners (called advertised.host.name before Kafka 9) correct and resolvable?
[2025-03-21T13:59:07.657+0000] {conn.py:312} ERROR - DNS lookup failed for kafka-broker:9092 (0)
[2025-03-21T13:59:07.783+0000] {conn.py:1506} WARNING - DNS lookup failed for kafka-broker:9092, exception was [Errno -2] Name or service not known. Is your advertised.listeners (called advertised.host.name before Kafka 9) correct and resolvable?
[2025-03-21T13:59:07.784+0000] {conn.py:312} ERROR - DNS lookup failed for kafka-broker:9092 (0)
[2025-03-21T13:59:07.970+0000] {conn.py:1506} WARNING - DNS lookup failed for kafka-broker:9092, exception was [Errno -2] Name or service not known. Is your advertised.listeners (called advertised.host.name before Kafka 9) correct and resolvable?
[2025-03-21T13:59:07.971+0000] {conn.py:312} ERROR - DNS lookup failed for kafka-broker:9092 (0)
[2025-03-21T13:59:08.136+0000] {conn.py:1506} WARNING - DNS lookup failed for kafka-broker:9092, exception was [Errno -2] Name or service not known. Is your advertised.listeners (called advertised.host.name before Kafka 9) correct and resolvable?
[2025-03-21T13:59:08.137+0000] {conn.py:312} ERROR - DNS lookup failed for kafka-broker:9092 (0)
[2025-03-21T13:59:08.290+0000] {standard_task_runner.py:104} ERROR - Failed to execute job 28 for task generate_txn_fact_data (KafkaTimeoutError: Failed to update metadata after 60.0 secs.; 175)
[2025-03-21T13:59:08.382+0000] {local_task_job_runner.py:228} INFO - Task exited with return code 1
[2025-03-21T13:59:08.599+0000] {taskinstance.py:2776} INFO - 0 downstream tasks scheduled from follow-on schedule check
