[2025-03-20T18:35:09.127+0000] {taskinstance.py:1157} INFO - Dependencies all met for dep_context=non-requeueable deps ti=<TaskInstance: transaction-facts_generator.generate_txn_fact_data scheduled__2025-03-19T00:00:00+00:00 [queued]>
[2025-03-20T18:35:09.152+0000] {taskinstance.py:1157} INFO - Dependencies all met for dep_context=requeueable deps ti=<TaskInstance: transaction-facts_generator.generate_txn_fact_data scheduled__2025-03-19T00:00:00+00:00 [queued]>
[2025-03-20T18:35:09.153+0000] {taskinstance.py:1359} INFO - Starting attempt 1 of 2
[2025-03-20T18:35:09.211+0000] {taskinstance.py:1380} INFO - Executing <Task(KafkaProduceOperator): generate_txn_fact_data> on 2025-03-19 00:00:00+00:00
[2025-03-20T18:35:09.223+0000] {standard_task_runner.py:57} INFO - Started process 239 to run task
[2025-03-20T18:35:09.231+0000] {standard_task_runner.py:84} INFO - Running: ['***', 'tasks', 'run', 'transaction-facts_generator', 'generate_txn_fact_data', 'scheduled__2025-03-19T00:00:00+00:00', '--job-id', '15', '--raw', '--subdir', 'DAGS_FOLDER/transaction_facts_generator.py', '--cfg-path', '/tmp/tmpaf7qz_ai']
[2025-03-20T18:35:09.236+0000] {standard_task_runner.py:85} INFO - Job 15: Subtask generate_txn_fact_data
[2025-03-20T18:35:09.331+0000] {task_command.py:415} INFO - Running <TaskInstance: transaction-facts_generator.generate_txn_fact_data scheduled__2025-03-19T00:00:00+00:00 [running]> on host c601b8b43588
[2025-03-20T18:35:09.698+0000] {taskinstance.py:1660} INFO - Exporting env vars: AIRFLOW_CTX_DAG_OWNER='kebishaa' AIRFLOW_CTX_DAG_ID='transaction-facts_generator' AIRFLOW_CTX_TASK_ID='generate_txn_fact_data' AIRFLOW_CTX_EXECUTION_DATE='2025-03-19T00:00:00+00:00' AIRFLOW_CTX_TRY_NUMBER='1' AIRFLOW_CTX_DAG_RUN_ID='scheduled__2025-03-19T00:00:00+00:00'
[2025-03-20T18:35:09.740+0000] {conn.py:385} INFO - <BrokerConnection client_id=kafka-python-producer-1, node_id=bootstrap-0 host=kafka_broker:9092 <connecting> [IPv4 ('172.18.0.3', 9092)]>: connecting to kafka_broker:9092 [('172.18.0.3', 9092) IPv4]
[2025-03-20T18:35:10.111+0000] {conn.py:593} INFO - Broker version identified as 2.5
[2025-03-20T18:35:10.113+0000] {conn.py:445} INFO - <BrokerConnection client_id=kafka-python-producer-1, node_id=bootstrap-0 host=kafka_broker:9092 <checking_api_versions_recv> [IPv4 ('172.18.0.3', 9092)]>: Connection complete.
[2025-03-20T18:35:10.705+0000] {conn.py:1506} WARNING - DNS lookup failed for kafka-broker:9092, exception was [Errno -2] Name or service not known. Is your advertised.listeners (called advertised.host.name before Kafka 9) correct and resolvable?
[2025-03-20T18:35:10.706+0000] {conn.py:312} ERROR - DNS lookup failed for kafka-broker:9092 (0)
[2025-03-20T18:35:11.110+0000] {conn.py:1506} WARNING - DNS lookup failed for kafka-broker:9092, exception was [Errno -2] Name or service not known. Is your advertised.listeners (called advertised.host.name before Kafka 9) correct and resolvable?
[2025-03-20T18:35:11.116+0000] {conn.py:312} ERROR - DNS lookup failed for kafka-broker:9092 (0)
[2025-03-20T18:35:11.511+0000] {conn.py:1506} WARNING - DNS lookup failed for kafka-broker:9092, exception was [Errno -2] Name or service not known. Is your advertised.listeners (called advertised.host.name before Kafka 9) correct and resolvable?
[2025-03-20T18:35:11.513+0000] {conn.py:312} ERROR - DNS lookup failed for kafka-broker:9092 (0)
[2025-03-20T18:35:11.831+0000] {conn.py:1506} WARNING - DNS lookup failed for kafka-broker:9092, exception was [Errno -2] Name or service not known. Is your advertised.listeners (called advertised.host.name before Kafka 9) correct and resolvable?
[2025-03-20T18:35:11.838+0000] {conn.py:312} ERROR - DNS lookup failed for kafka-broker:9092 (0)
[2025-03-20T18:35:12.124+0000] {conn.py:1506} WARNING - DNS lookup failed for kafka-broker:9092, exception was [Errno -2] Name or service not known. Is your advertised.listeners (called advertised.host.name before Kafka 9) correct and resolvable?
[2025-03-20T18:35:12.125+0000] {conn.py:312} ERROR - DNS lookup failed for kafka-broker:9092 (0)
[2025-03-20T18:35:12.290+0000] {conn.py:1506} WARNING - DNS lookup failed for kafka-broker:9092, exception was [Errno -2] Name or service not known. Is your advertised.listeners (called advertised.host.name before Kafka 9) correct and resolvable?
[2025-03-20T18:35:12.292+0000] {conn.py:312} ERROR - DNS lookup failed for kafka-broker:9092 (0)
[2025-03-20T18:35:12.849+0000] {conn.py:1506} WARNING - DNS lookup failed for kafka-broker:9092, exception was [Errno -2] Name or service not known. Is your advertised.listeners (called advertised.host.name before Kafka 9) correct and resolvable?
[2025-03-20T18:35:12.865+0000] {conn.py:312} ERROR - DNS lookup failed for kafka-broker:9092 (0)
[2025-03-20T18:35:13.198+0000] {conn.py:1506} WARNING - DNS lookup failed for kafka-broker:9092, exception was [Errno -2] Name or service not known. Is your advertised.listeners (called advertised.host.name before Kafka 9) correct and resolvable?
[2025-03-20T18:35:13.202+0000] {conn.py:312} ERROR - DNS lookup failed for kafka-broker:9092 (0)
[2025-03-20T18:35:13.385+0000] {conn.py:1506} WARNING - DNS lookup failed for kafka-broker:9092, exception was [Errno -2] Name or service not known. Is your advertised.listeners (called advertised.host.name before Kafka 9) correct and resolvable?
[2025-03-20T18:35:13.390+0000] {conn.py:312} ERROR - DNS lookup failed for kafka-broker:9092 (0)
[2025-03-20T18:35:13.527+0000] {conn.py:1506} WARNING - DNS lookup failed for kafka-broker:9092, exception was [Errno -2] Name or service not known. Is your advertised.listeners (called advertised.host.name before Kafka 9) correct and resolvable?
[2025-03-20T18:35:13.532+0000] {conn.py:312} ERROR - DNS lookup failed for kafka-broker:9092 (0)
[2025-03-20T18:35:13.802+0000] {conn.py:1506} WARNING - DNS lookup failed for kafka-broker:9092, exception was [Errno -2] Name or service not known. Is your advertised.listeners (called advertised.host.name before Kafka 9) correct and resolvable?
[2025-03-20T18:35:13.816+0000] {conn.py:312} ERROR - DNS lookup failed for kafka-broker:9092 (0)
[2025-03-20T18:35:14.025+0000] {conn.py:1506} WARNING - DNS lookup failed for kafka-broker:9092, exception was [Errno -2] Name or service not known. Is your advertised.listeners (called advertised.host.name before Kafka 9) correct and resolvable?
[2025-03-20T18:35:14.027+0000] {conn.py:312} ERROR - DNS lookup failed for kafka-broker:9092 (0)
[2025-03-20T18:35:14.150+0000] {conn.py:1506} WARNING - DNS lookup failed for kafka-broker:9092, exception was [Errno -2] Name or service not known. Is your advertised.listeners (called advertised.host.name before Kafka 9) correct and resolvable?
[2025-03-20T18:35:14.154+0000] {conn.py:312} ERROR - DNS lookup failed for kafka-broker:9092 (0)
[2025-03-20T18:35:14.284+0000] {conn.py:1506} WARNING - DNS lookup failed for kafka-broker:9092, exception was [Errno -2] Name or service not known. Is your advertised.listeners (called advertised.host.name before Kafka 9) correct and resolvable?
[2025-03-20T18:35:14.288+0000] {conn.py:312} ERROR - DNS lookup failed for kafka-broker:9092 (0)
[2025-03-20T18:35:14.441+0000] {conn.py:1506} WARNING - DNS lookup failed for kafka-broker:9092, exception was [Errno -2] Name or service not known. Is your advertised.listeners (called advertised.host.name before Kafka 9) correct and resolvable?
[2025-03-20T18:35:14.442+0000] {conn.py:312} ERROR - DNS lookup failed for kafka-broker:9092 (0)
[2025-03-20T18:35:14.764+0000] {conn.py:1506} WARNING - DNS lookup failed for kafka-broker:9092, exception was [Errno -2] Name or service not known. Is your advertised.listeners (called advertised.host.name before Kafka 9) correct and resolvable?
[2025-03-20T18:35:14.767+0000] {conn.py:312} ERROR - DNS lookup failed for kafka-broker:9092 (0)
[2025-03-20T18:35:14.880+0000] {conn.py:1506} WARNING - DNS lookup failed for kafka-broker:9092, exception was [Errno -2] Name or service not known. Is your advertised.listeners (called advertised.host.name before Kafka 9) correct and resolvable?
[2025-03-20T18:35:14.882+0000] {conn.py:312} ERROR - DNS lookup failed for kafka-broker:9092 (0)
[2025-03-20T18:35:15.280+0000] {conn.py:1506} WARNING - DNS lookup failed for kafka-broker:9092, exception was [Errno -2] Name or service not known. Is your advertised.listeners (called advertised.host.name before Kafka 9) correct and resolvable?
[2025-03-20T18:35:15.281+0000] {conn.py:312} ERROR - DNS lookup failed for kafka-broker:9092 (0)
[2025-03-20T18:35:15.509+0000] {conn.py:1506} WARNING - DNS lookup failed for kafka-broker:9092, exception was [Errno -2] Name or service not known. Is your advertised.listeners (called advertised.host.name before Kafka 9) correct and resolvable?
[2025-03-20T18:35:15.512+0000] {conn.py:312} ERROR - DNS lookup failed for kafka-broker:9092 (0)
[2025-03-20T18:35:15.915+0000] {conn.py:1506} WARNING - DNS lookup failed for kafka-broker:9092, exception was [Errno -2] Name or service not known. Is your advertised.listeners (called advertised.host.name before Kafka 9) correct and resolvable?
[2025-03-20T18:35:15.917+0000] {conn.py:312} ERROR - DNS lookup failed for kafka-broker:9092 (0)
[2025-03-20T18:35:16.228+0000] {conn.py:1506} WARNING - DNS lookup failed for kafka-broker:9092, exception was [Errno -2] Name or service not known. Is your advertised.listeners (called advertised.host.name before Kafka 9) correct and resolvable?
[2025-03-20T18:35:16.234+0000] {conn.py:312} ERROR - DNS lookup failed for kafka-broker:9092 (0)
[2025-03-20T18:35:16.536+0000] {conn.py:1506} WARNING - DNS lookup failed for kafka-broker:9092, exception was [Errno -2] Name or service not known. Is your advertised.listeners (called advertised.host.name before Kafka 9) correct and resolvable?
[2025-03-20T18:35:16.538+0000] {conn.py:312} ERROR - DNS lookup failed for kafka-broker:9092 (0)
[2025-03-20T18:35:17.122+0000] {conn.py:1506} WARNING - DNS lookup failed for kafka-broker:9092, exception was [Errno -2] Name or service not known. Is your advertised.listeners (called advertised.host.name before Kafka 9) correct and resolvable?
[2025-03-20T18:35:17.124+0000] {conn.py:312} ERROR - DNS lookup failed for kafka-broker:9092 (0)
[2025-03-20T18:35:17.244+0000] {conn.py:1506} WARNING - DNS lookup failed for kafka-broker:9092, exception was [Errno -2] Name or service not known. Is your advertised.listeners (called advertised.host.name before Kafka 9) correct and resolvable?
[2025-03-20T18:35:17.245+0000] {conn.py:312} ERROR - DNS lookup failed for kafka-broker:9092 (0)
[2025-03-20T18:35:17.378+0000] {conn.py:1506} WARNING - DNS lookup failed for kafka-broker:9092, exception was [Errno -2] Name or service not known. Is your advertised.listeners (called advertised.host.name before Kafka 9) correct and resolvable?
[2025-03-20T18:35:17.379+0000] {conn.py:312} ERROR - DNS lookup failed for kafka-broker:9092 (0)
[2025-03-20T18:35:17.503+0000] {conn.py:1506} WARNING - DNS lookup failed for kafka-broker:9092, exception was [Errno -2] Name or service not known. Is your advertised.listeners (called advertised.host.name before Kafka 9) correct and resolvable?
[2025-03-20T18:35:17.507+0000] {conn.py:312} ERROR - DNS lookup failed for kafka-broker:9092 (0)
[2025-03-20T18:35:17.647+0000] {conn.py:1506} WARNING - DNS lookup failed for kafka-broker:9092, exception was [Errno -2] Name or service not known. Is your advertised.listeners (called advertised.host.name before Kafka 9) correct and resolvable?
[2025-03-20T18:35:17.649+0000] {conn.py:312} ERROR - DNS lookup failed for kafka-broker:9092 (0)
[2025-03-20T18:35:17.824+0000] {conn.py:1506} WARNING - DNS lookup failed for kafka-broker:9092, exception was [Errno -2] Name or service not known. Is your advertised.listeners (called advertised.host.name before Kafka 9) correct and resolvable?
[2025-03-20T18:35:17.827+0000] {conn.py:312} ERROR - DNS lookup failed for kafka-broker:9092 (0)
[2025-03-20T18:35:17.978+0000] {conn.py:1506} WARNING - DNS lookup failed for kafka-broker:9092, exception was [Errno -2] Name or service not known. Is your advertised.listeners (called advertised.host.name before Kafka 9) correct and resolvable?
[2025-03-20T18:35:17.979+0000] {conn.py:312} ERROR - DNS lookup failed for kafka-broker:9092 (0)
[2025-03-20T18:35:18.104+0000] {conn.py:1506} WARNING - DNS lookup failed for kafka-broker:9092, exception was [Errno -2] Name or service not known. Is your advertised.listeners (called advertised.host.name before Kafka 9) correct and resolvable?
[2025-03-20T18:35:18.105+0000] {conn.py:312} ERROR - DNS lookup failed for kafka-broker:9092 (0)
[2025-03-20T18:35:18.265+0000] {conn.py:1506} WARNING - DNS lookup failed for kafka-broker:9092, exception was [Errno -2] Name or service not known. Is your advertised.listeners (called advertised.host.name before Kafka 9) correct and resolvable?
[2025-03-20T18:35:18.269+0000] {conn.py:312} ERROR - DNS lookup failed for kafka-broker:9092 (0)
[2025-03-20T18:35:18.579+0000] {conn.py:1506} WARNING - DNS lookup failed for kafka-broker:9092, exception was [Errno -2] Name or service not known. Is your advertised.listeners (called advertised.host.name before Kafka 9) correct and resolvable?
[2025-03-20T18:35:18.585+0000] {conn.py:312} ERROR - DNS lookup failed for kafka-broker:9092 (0)
[2025-03-20T18:35:18.752+0000] {conn.py:1506} WARNING - DNS lookup failed for kafka-broker:9092, exception was [Errno -2] Name or service not known. Is your advertised.listeners (called advertised.host.name before Kafka 9) correct and resolvable?
[2025-03-20T18:35:18.754+0000] {conn.py:312} ERROR - DNS lookup failed for kafka-broker:9092 (0)
[2025-03-20T18:35:19.069+0000] {conn.py:1506} WARNING - DNS lookup failed for kafka-broker:9092, exception was [Errno -2] Name or service not known. Is your advertised.listeners (called advertised.host.name before Kafka 9) correct and resolvable?
[2025-03-20T18:35:19.071+0000] {conn.py:312} ERROR - DNS lookup failed for kafka-broker:9092 (0)
[2025-03-20T18:35:19.349+0000] {conn.py:1506} WARNING - DNS lookup failed for kafka-broker:9092, exception was [Errno -2] Name or service not known. Is your advertised.listeners (called advertised.host.name before Kafka 9) correct and resolvable?
[2025-03-20T18:35:19.351+0000] {conn.py:312} ERROR - DNS lookup failed for kafka-broker:9092 (0)
[2025-03-20T18:35:19.505+0000] {conn.py:1506} WARNING - DNS lookup failed for kafka-broker:9092, exception was [Errno -2] Name or service not known. Is your advertised.listeners (called advertised.host.name before Kafka 9) correct and resolvable?
[2025-03-20T18:35:19.508+0000] {conn.py:312} ERROR - DNS lookup failed for kafka-broker:9092 (0)
[2025-03-20T18:35:19.657+0000] {conn.py:1506} WARNING - DNS lookup failed for kafka-broker:9092, exception was [Errno -2] Name or service not known. Is your advertised.listeners (called advertised.host.name before Kafka 9) correct and resolvable?
[2025-03-20T18:35:19.658+0000] {conn.py:312} ERROR - DNS lookup failed for kafka-broker:9092 (0)
[2025-03-20T18:35:19.819+0000] {conn.py:1506} WARNING - DNS lookup failed for kafka-broker:9092, exception was [Errno -2] Name or service not known. Is your advertised.listeners (called advertised.host.name before Kafka 9) correct and resolvable?
[2025-03-20T18:35:19.820+0000] {conn.py:312} ERROR - DNS lookup failed for kafka-broker:9092 (0)
[2025-03-20T18:35:20.012+0000] {conn.py:1506} WARNING - DNS lookup failed for kafka-broker:9092, exception was [Errno -2] Name or service not known. Is your advertised.listeners (called advertised.host.name before Kafka 9) correct and resolvable?
[2025-03-20T18:35:20.014+0000] {conn.py:312} ERROR - DNS lookup failed for kafka-broker:9092 (0)
[2025-03-20T18:35:20.158+0000] {conn.py:1506} WARNING - DNS lookup failed for kafka-broker:9092, exception was [Errno -2] Name or service not known. Is your advertised.listeners (called advertised.host.name before Kafka 9) correct and resolvable?
[2025-03-20T18:35:20.161+0000] {conn.py:312} ERROR - DNS lookup failed for kafka-broker:9092 (0)
[2025-03-20T18:35:20.275+0000] {conn.py:1506} WARNING - DNS lookup failed for kafka-broker:9092, exception was [Errno -2] Name or service not known. Is your advertised.listeners (called advertised.host.name before Kafka 9) correct and resolvable?
[2025-03-20T18:35:20.276+0000] {conn.py:312} ERROR - DNS lookup failed for kafka-broker:9092 (0)
[2025-03-20T18:35:20.423+0000] {conn.py:1506} WARNING - DNS lookup failed for kafka-broker:9092, exception was [Errno -2] Name or service not known. Is your advertised.listeners (called advertised.host.name before Kafka 9) correct and resolvable?
[2025-03-20T18:35:20.425+0000] {conn.py:312} ERROR - DNS lookup failed for kafka-broker:9092 (0)
[2025-03-20T18:35:20.549+0000] {conn.py:1506} WARNING - DNS lookup failed for kafka-broker:9092, exception was [Errno -2] Name or service not known. Is your advertised.listeners (called advertised.host.name before Kafka 9) correct and resolvable?
[2025-03-20T18:35:20.551+0000] {conn.py:312} ERROR - DNS lookup failed for kafka-broker:9092 (0)
[2025-03-20T18:35:20.744+0000] {conn.py:1506} WARNING - DNS lookup failed for kafka-broker:9092, exception was [Errno -2] Name or service not known. Is your advertised.listeners (called advertised.host.name before Kafka 9) correct and resolvable?
[2025-03-20T18:35:20.746+0000] {conn.py:312} ERROR - DNS lookup failed for kafka-broker:9092 (0)
[2025-03-20T18:35:20.870+0000] {conn.py:1506} WARNING - DNS lookup failed for kafka-broker:9092, exception was [Errno -2] Name or service not known. Is your advertised.listeners (called advertised.host.name before Kafka 9) correct and resolvable?
[2025-03-20T18:35:20.872+0000] {conn.py:312} ERROR - DNS lookup failed for kafka-broker:9092 (0)
[2025-03-20T18:35:21.064+0000] {conn.py:1506} WARNING - DNS lookup failed for kafka-broker:9092, exception was [Errno -2] Name or service not known. Is your advertised.listeners (called advertised.host.name before Kafka 9) correct and resolvable?
[2025-03-20T18:35:21.066+0000] {conn.py:312} ERROR - DNS lookup failed for kafka-broker:9092 (0)
[2025-03-20T18:35:21.226+0000] {conn.py:1506} WARNING - DNS lookup failed for kafka-broker:9092, exception was [Errno -2] Name or service not known. Is your advertised.listeners (called advertised.host.name before Kafka 9) correct and resolvable?
[2025-03-20T18:35:21.230+0000] {conn.py:312} ERROR - DNS lookup failed for kafka-broker:9092 (0)
[2025-03-20T18:35:21.381+0000] {conn.py:1506} WARNING - DNS lookup failed for kafka-broker:9092, exception was [Errno -2] Name or service not known. Is your advertised.listeners (called advertised.host.name before Kafka 9) correct and resolvable?
[2025-03-20T18:35:21.383+0000] {conn.py:312} ERROR - DNS lookup failed for kafka-broker:9092 (0)
[2025-03-20T18:35:21.517+0000] {conn.py:1506} WARNING - DNS lookup failed for kafka-broker:9092, exception was [Errno -2] Name or service not known. Is your advertised.listeners (called advertised.host.name before Kafka 9) correct and resolvable?
[2025-03-20T18:35:21.524+0000] {conn.py:312} ERROR - DNS lookup failed for kafka-broker:9092 (0)
[2025-03-20T18:35:21.630+0000] {conn.py:1506} WARNING - DNS lookup failed for kafka-broker:9092, exception was [Errno -2] Name or service not known. Is your advertised.listeners (called advertised.host.name before Kafka 9) correct and resolvable?
[2025-03-20T18:35:21.631+0000] {conn.py:312} ERROR - DNS lookup failed for kafka-broker:9092 (0)
[2025-03-20T18:35:21.764+0000] {conn.py:1506} WARNING - DNS lookup failed for kafka-broker:9092, exception was [Errno -2] Name or service not known. Is your advertised.listeners (called advertised.host.name before Kafka 9) correct and resolvable?
[2025-03-20T18:35:21.765+0000] {conn.py:312} ERROR - DNS lookup failed for kafka-broker:9092 (0)
[2025-03-20T18:35:22.350+0000] {conn.py:1506} WARNING - DNS lookup failed for kafka-broker:9092, exception was [Errno -2] Name or service not known. Is your advertised.listeners (called advertised.host.name before Kafka 9) correct and resolvable?
[2025-03-20T18:35:22.354+0000] {conn.py:312} ERROR - DNS lookup failed for kafka-broker:9092 (0)
[2025-03-20T18:35:22.472+0000] {conn.py:1506} WARNING - DNS lookup failed for kafka-broker:9092, exception was [Errno -2] Name or service not known. Is your advertised.listeners (called advertised.host.name before Kafka 9) correct and resolvable?
[2025-03-20T18:35:22.474+0000] {conn.py:312} ERROR - DNS lookup failed for kafka-broker:9092 (0)
[2025-03-20T18:35:22.616+0000] {conn.py:1506} WARNING - DNS lookup failed for kafka-broker:9092, exception was [Errno -2] Name or service not known. Is your advertised.listeners (called advertised.host.name before Kafka 9) correct and resolvable?
[2025-03-20T18:35:22.619+0000] {conn.py:312} ERROR - DNS lookup failed for kafka-broker:9092 (0)
[2025-03-20T18:35:22.742+0000] {conn.py:1506} WARNING - DNS lookup failed for kafka-broker:9092, exception was [Errno -2] Name or service not known. Is your advertised.listeners (called advertised.host.name before Kafka 9) correct and resolvable?
[2025-03-20T18:35:22.746+0000] {conn.py:312} ERROR - DNS lookup failed for kafka-broker:9092 (0)
[2025-03-20T18:35:22.880+0000] {conn.py:1506} WARNING - DNS lookup failed for kafka-broker:9092, exception was [Errno -2] Name or service not known. Is your advertised.listeners (called advertised.host.name before Kafka 9) correct and resolvable?
[2025-03-20T18:35:22.881+0000] {conn.py:312} ERROR - DNS lookup failed for kafka-broker:9092 (0)
[2025-03-20T18:35:22.992+0000] {conn.py:1506} WARNING - DNS lookup failed for kafka-broker:9092, exception was [Errno -2] Name or service not known. Is your advertised.listeners (called advertised.host.name before Kafka 9) correct and resolvable?
[2025-03-20T18:35:22.994+0000] {conn.py:312} ERROR - DNS lookup failed for kafka-broker:9092 (0)
[2025-03-20T18:35:23.132+0000] {conn.py:1506} WARNING - DNS lookup failed for kafka-broker:9092, exception was [Errno -2] Name or service not known. Is your advertised.listeners (called advertised.host.name before Kafka 9) correct and resolvable?
[2025-03-20T18:35:23.133+0000] {conn.py:312} ERROR - DNS lookup failed for kafka-broker:9092 (0)
[2025-03-20T18:35:23.259+0000] {conn.py:1506} WARNING - DNS lookup failed for kafka-broker:9092, exception was [Errno -2] Name or service not known. Is your advertised.listeners (called advertised.host.name before Kafka 9) correct and resolvable?
[2025-03-20T18:35:23.262+0000] {conn.py:312} ERROR - DNS lookup failed for kafka-broker:9092 (0)
[2025-03-20T18:35:23.407+0000] {conn.py:1506} WARNING - DNS lookup failed for kafka-broker:9092, exception was [Errno -2] Name or service not known. Is your advertised.listeners (called advertised.host.name before Kafka 9) correct and resolvable?
[2025-03-20T18:35:23.410+0000] {conn.py:312} ERROR - DNS lookup failed for kafka-broker:9092 (0)
[2025-03-20T18:35:23.563+0000] {conn.py:1506} WARNING - DNS lookup failed for kafka-broker:9092, exception was [Errno -2] Name or service not known. Is your advertised.listeners (called advertised.host.name before Kafka 9) correct and resolvable?
[2025-03-20T18:35:23.564+0000] {conn.py:312} ERROR - DNS lookup failed for kafka-broker:9092 (0)
[2025-03-20T18:35:23.720+0000] {conn.py:1506} WARNING - DNS lookup failed for kafka-broker:9092, exception was [Errno -2] Name or service not known. Is your advertised.listeners (called advertised.host.name before Kafka 9) correct and resolvable?
[2025-03-20T18:35:23.721+0000] {conn.py:312} ERROR - DNS lookup failed for kafka-broker:9092 (0)
[2025-03-20T18:35:23.848+0000] {conn.py:1506} WARNING - DNS lookup failed for kafka-broker:9092, exception was [Errno -2] Name or service not known. Is your advertised.listeners (called advertised.host.name before Kafka 9) correct and resolvable?
[2025-03-20T18:35:23.851+0000] {conn.py:312} ERROR - DNS lookup failed for kafka-broker:9092 (0)
[2025-03-20T18:35:24.000+0000] {conn.py:1506} WARNING - DNS lookup failed for kafka-broker:9092, exception was [Errno -2] Name or service not known. Is your advertised.listeners (called advertised.host.name before Kafka 9) correct and resolvable?
[2025-03-20T18:35:24.002+0000] {conn.py:312} ERROR - DNS lookup failed for kafka-broker:9092 (0)
[2025-03-20T18:35:24.145+0000] {conn.py:1506} WARNING - DNS lookup failed for kafka-broker:9092, exception was [Errno -2] Name or service not known. Is your advertised.listeners (called advertised.host.name before Kafka 9) correct and resolvable?
[2025-03-20T18:35:24.149+0000] {conn.py:312} ERROR - DNS lookup failed for kafka-broker:9092 (0)
[2025-03-20T18:35:24.304+0000] {conn.py:1506} WARNING - DNS lookup failed for kafka-broker:9092, exception was [Errno -2] Name or service not known. Is your advertised.listeners (called advertised.host.name before Kafka 9) correct and resolvable?
[2025-03-20T18:35:24.306+0000] {conn.py:312} ERROR - DNS lookup failed for kafka-broker:9092 (0)
[2025-03-20T18:35:24.441+0000] {conn.py:1506} WARNING - DNS lookup failed for kafka-broker:9092, exception was [Errno -2] Name or service not known. Is your advertised.listeners (called advertised.host.name before Kafka 9) correct and resolvable?
[2025-03-20T18:35:24.443+0000] {conn.py:312} ERROR - DNS lookup failed for kafka-broker:9092 (0)
[2025-03-20T18:35:29.644+0000] {conn.py:1506} WARNING - DNS lookup failed for kafka-broker:9092, exception was [Errno -2] Name or service not known. Is your advertised.listeners (called advertised.host.name before Kafka 9) correct and resolvable?
[2025-03-20T18:35:29.647+0000] {conn.py:312} ERROR - DNS lookup failed for kafka-broker:9092 (0)
[2025-03-20T18:35:29.766+0000] {conn.py:1506} WARNING - DNS lookup failed for kafka-broker:9092, exception was [Errno -2] Name or service not known. Is your advertised.listeners (called advertised.host.name before Kafka 9) correct and resolvable?
[2025-03-20T18:35:29.770+0000] {conn.py:312} ERROR - DNS lookup failed for kafka-broker:9092 (0)
[2025-03-20T18:35:29.918+0000] {conn.py:1506} WARNING - DNS lookup failed for kafka-broker:9092, exception was [Errno -2] Name or service not known. Is your advertised.listeners (called advertised.host.name before Kafka 9) correct and resolvable?
[2025-03-20T18:35:29.921+0000] {conn.py:312} ERROR - DNS lookup failed for kafka-broker:9092 (0)
[2025-03-20T18:35:30.258+0000] {conn.py:1506} WARNING - DNS lookup failed for kafka-broker:9092, exception was [Errno -2] Name or service not known. Is your advertised.listeners (called advertised.host.name before Kafka 9) correct and resolvable?
[2025-03-20T18:35:30.260+0000] {conn.py:312} ERROR - DNS lookup failed for kafka-broker:9092 (0)
[2025-03-20T18:35:30.445+0000] {conn.py:1506} WARNING - DNS lookup failed for kafka-broker:9092, exception was [Errno -2] Name or service not known. Is your advertised.listeners (called advertised.host.name before Kafka 9) correct and resolvable?
[2025-03-20T18:35:30.449+0000] {conn.py:312} ERROR - DNS lookup failed for kafka-broker:9092 (0)
[2025-03-20T18:35:30.785+0000] {conn.py:1506} WARNING - DNS lookup failed for kafka-broker:9092, exception was [Errno -2] Name or service not known. Is your advertised.listeners (called advertised.host.name before Kafka 9) correct and resolvable?
[2025-03-20T18:35:30.789+0000] {conn.py:312} ERROR - DNS lookup failed for kafka-broker:9092 (0)
[2025-03-20T18:35:30.968+0000] {conn.py:1506} WARNING - DNS lookup failed for kafka-broker:9092, exception was [Errno -2] Name or service not known. Is your advertised.listeners (called advertised.host.name before Kafka 9) correct and resolvable?
[2025-03-20T18:35:30.972+0000] {conn.py:312} ERROR - DNS lookup failed for kafka-broker:9092 (0)
[2025-03-20T18:35:31.087+0000] {conn.py:1506} WARNING - DNS lookup failed for kafka-broker:9092, exception was [Errno -2] Name or service not known. Is your advertised.listeners (called advertised.host.name before Kafka 9) correct and resolvable?
[2025-03-20T18:35:31.090+0000] {conn.py:312} ERROR - DNS lookup failed for kafka-broker:9092 (0)
[2025-03-20T18:35:31.205+0000] {conn.py:1506} WARNING - DNS lookup failed for kafka-broker:9092, exception was [Errno -2] Name or service not known. Is your advertised.listeners (called advertised.host.name before Kafka 9) correct and resolvable?
[2025-03-20T18:35:31.208+0000] {conn.py:312} ERROR - DNS lookup failed for kafka-broker:9092 (0)
[2025-03-20T18:35:31.302+0000] {conn.py:1506} WARNING - DNS lookup failed for kafka-broker:9092, exception was [Errno -2] Name or service not known. Is your advertised.listeners (called advertised.host.name before Kafka 9) correct and resolvable?
[2025-03-20T18:35:31.305+0000] {conn.py:312} ERROR - DNS lookup failed for kafka-broker:9092 (0)
[2025-03-20T18:35:31.485+0000] {conn.py:1506} WARNING - DNS lookup failed for kafka-broker:9092, exception was [Errno -2] Name or service not known. Is your advertised.listeners (called advertised.host.name before Kafka 9) correct and resolvable?
[2025-03-20T18:35:31.488+0000] {conn.py:312} ERROR - DNS lookup failed for kafka-broker:9092 (0)
[2025-03-20T18:35:31.620+0000] {conn.py:1506} WARNING - DNS lookup failed for kafka-broker:9092, exception was [Errno -2] Name or service not known. Is your advertised.listeners (called advertised.host.name before Kafka 9) correct and resolvable?
[2025-03-20T18:35:31.623+0000] {conn.py:312} ERROR - DNS lookup failed for kafka-broker:9092 (0)
[2025-03-20T18:35:31.735+0000] {conn.py:1506} WARNING - DNS lookup failed for kafka-broker:9092, exception was [Errno -2] Name or service not known. Is your advertised.listeners (called advertised.host.name before Kafka 9) correct and resolvable?
[2025-03-20T18:35:31.739+0000] {conn.py:312} ERROR - DNS lookup failed for kafka-broker:9092 (0)
[2025-03-20T18:35:31.870+0000] {conn.py:1506} WARNING - DNS lookup failed for kafka-broker:9092, exception was [Errno -2] Name or service not known. Is your advertised.listeners (called advertised.host.name before Kafka 9) correct and resolvable?
[2025-03-20T18:35:31.877+0000] {conn.py:312} ERROR - DNS lookup failed for kafka-broker:9092 (0)
[2025-03-20T18:35:31.999+0000] {conn.py:1506} WARNING - DNS lookup failed for kafka-broker:9092, exception was [Errno -2] Name or service not known. Is your advertised.listeners (called advertised.host.name before Kafka 9) correct and resolvable?
[2025-03-20T18:35:32.002+0000] {conn.py:312} ERROR - DNS lookup failed for kafka-broker:9092 (0)
[2025-03-20T18:35:32.130+0000] {conn.py:1506} WARNING - DNS lookup failed for kafka-broker:9092, exception was [Errno -2] Name or service not known. Is your advertised.listeners (called advertised.host.name before Kafka 9) correct and resolvable?
[2025-03-20T18:35:32.133+0000] {conn.py:312} ERROR - DNS lookup failed for kafka-broker:9092 (0)
[2025-03-20T18:35:32.259+0000] {conn.py:1506} WARNING - DNS lookup failed for kafka-broker:9092, exception was [Errno -2] Name or service not known. Is your advertised.listeners (called advertised.host.name before Kafka 9) correct and resolvable?
[2025-03-20T18:35:32.261+0000] {conn.py:312} ERROR - DNS lookup failed for kafka-broker:9092 (0)
[2025-03-20T18:35:32.379+0000] {conn.py:1506} WARNING - DNS lookup failed for kafka-broker:9092, exception was [Errno -2] Name or service not known. Is your advertised.listeners (called advertised.host.name before Kafka 9) correct and resolvable?
[2025-03-20T18:35:32.382+0000] {conn.py:312} ERROR - DNS lookup failed for kafka-broker:9092 (0)
[2025-03-20T18:35:32.528+0000] {conn.py:1506} WARNING - DNS lookup failed for kafka-broker:9092, exception was [Errno -2] Name or service not known. Is your advertised.listeners (called advertised.host.name before Kafka 9) correct and resolvable?
[2025-03-20T18:35:32.529+0000] {conn.py:312} ERROR - DNS lookup failed for kafka-broker:9092 (0)
[2025-03-20T18:35:32.649+0000] {conn.py:1506} WARNING - DNS lookup failed for kafka-broker:9092, exception was [Errno -2] Name or service not known. Is your advertised.listeners (called advertised.host.name before Kafka 9) correct and resolvable?
[2025-03-20T18:35:32.652+0000] {conn.py:312} ERROR - DNS lookup failed for kafka-broker:9092 (0)
[2025-03-20T18:35:32.771+0000] {conn.py:1506} WARNING - DNS lookup failed for kafka-broker:9092, exception was [Errno -2] Name or service not known. Is your advertised.listeners (called advertised.host.name before Kafka 9) correct and resolvable?
[2025-03-20T18:35:32.773+0000] {conn.py:312} ERROR - DNS lookup failed for kafka-broker:9092 (0)
[2025-03-20T18:35:32.892+0000] {conn.py:1506} WARNING - DNS lookup failed for kafka-broker:9092, exception was [Errno -2] Name or service not known. Is your advertised.listeners (called advertised.host.name before Kafka 9) correct and resolvable?
[2025-03-20T18:35:32.895+0000] {conn.py:312} ERROR - DNS lookup failed for kafka-broker:9092 (0)
[2025-03-20T18:35:33.001+0000] {conn.py:1506} WARNING - DNS lookup failed for kafka-broker:9092, exception was [Errno -2] Name or service not known. Is your advertised.listeners (called advertised.host.name before Kafka 9) correct and resolvable?
[2025-03-20T18:35:33.002+0000] {conn.py:312} ERROR - DNS lookup failed for kafka-broker:9092 (0)
[2025-03-20T18:35:33.111+0000] {conn.py:1506} WARNING - DNS lookup failed for kafka-broker:9092, exception was [Errno -2] Name or service not known. Is your advertised.listeners (called advertised.host.name before Kafka 9) correct and resolvable?
[2025-03-20T18:35:33.112+0000] {conn.py:312} ERROR - DNS lookup failed for kafka-broker:9092 (0)
[2025-03-20T18:35:33.232+0000] {conn.py:1506} WARNING - DNS lookup failed for kafka-broker:9092, exception was [Errno -2] Name or service not known. Is your advertised.listeners (called advertised.host.name before Kafka 9) correct and resolvable?
[2025-03-20T18:35:33.233+0000] {conn.py:312} ERROR - DNS lookup failed for kafka-broker:9092 (0)
[2025-03-20T18:35:33.348+0000] {conn.py:1506} WARNING - DNS lookup failed for kafka-broker:9092, exception was [Errno -2] Name or service not known. Is your advertised.listeners (called advertised.host.name before Kafka 9) correct and resolvable?
[2025-03-20T18:35:33.352+0000] {conn.py:312} ERROR - DNS lookup failed for kafka-broker:9092 (0)
[2025-03-20T18:35:33.488+0000] {conn.py:1506} WARNING - DNS lookup failed for kafka-broker:9092, exception was [Errno -2] Name or service not known. Is your advertised.listeners (called advertised.host.name before Kafka 9) correct and resolvable?
[2025-03-20T18:35:33.490+0000] {conn.py:312} ERROR - DNS lookup failed for kafka-broker:9092 (0)
[2025-03-20T18:35:33.622+0000] {conn.py:1506} WARNING - DNS lookup failed for kafka-broker:9092, exception was [Errno -2] Name or service not known. Is your advertised.listeners (called advertised.host.name before Kafka 9) correct and resolvable?
[2025-03-20T18:35:33.625+0000] {conn.py:312} ERROR - DNS lookup failed for kafka-broker:9092 (0)
[2025-03-20T18:35:33.755+0000] {conn.py:1506} WARNING - DNS lookup failed for kafka-broker:9092, exception was [Errno -2] Name or service not known. Is your advertised.listeners (called advertised.host.name before Kafka 9) correct and resolvable?
[2025-03-20T18:35:33.761+0000] {conn.py:312} ERROR - DNS lookup failed for kafka-broker:9092 (0)
[2025-03-20T18:35:33.899+0000] {conn.py:1506} WARNING - DNS lookup failed for kafka-broker:9092, exception was [Errno -2] Name or service not known. Is your advertised.listeners (called advertised.host.name before Kafka 9) correct and resolvable?
[2025-03-20T18:35:33.900+0000] {conn.py:312} ERROR - DNS lookup failed for kafka-broker:9092 (0)
[2025-03-20T18:35:34.017+0000] {conn.py:1506} WARNING - DNS lookup failed for kafka-broker:9092, exception was [Errno -2] Name or service not known. Is your advertised.listeners (called advertised.host.name before Kafka 9) correct and resolvable?
[2025-03-20T18:35:34.018+0000] {conn.py:312} ERROR - DNS lookup failed for kafka-broker:9092 (0)
[2025-03-20T18:35:34.141+0000] {conn.py:1506} WARNING - DNS lookup failed for kafka-broker:9092, exception was [Errno -2] Name or service not known. Is your advertised.listeners (called advertised.host.name before Kafka 9) correct and resolvable?
[2025-03-20T18:35:34.144+0000] {conn.py:312} ERROR - DNS lookup failed for kafka-broker:9092 (0)
[2025-03-20T18:35:34.268+0000] {conn.py:1506} WARNING - DNS lookup failed for kafka-broker:9092, exception was [Errno -2] Name or service not known. Is your advertised.listeners (called advertised.host.name before Kafka 9) correct and resolvable?
[2025-03-20T18:35:34.272+0000] {conn.py:312} ERROR - DNS lookup failed for kafka-broker:9092 (0)
[2025-03-20T18:35:34.398+0000] {conn.py:1506} WARNING - DNS lookup failed for kafka-broker:9092, exception was [Errno -2] Name or service not known. Is your advertised.listeners (called advertised.host.name before Kafka 9) correct and resolvable?
[2025-03-20T18:35:34.404+0000] {conn.py:312} ERROR - DNS lookup failed for kafka-broker:9092 (0)
[2025-03-20T18:35:34.525+0000] {conn.py:1506} WARNING - DNS lookup failed for kafka-broker:9092, exception was [Errno -2] Name or service not known. Is your advertised.listeners (called advertised.host.name before Kafka 9) correct and resolvable?
[2025-03-20T18:35:34.531+0000] {conn.py:312} ERROR - DNS lookup failed for kafka-broker:9092 (0)
[2025-03-20T18:35:34.651+0000] {conn.py:1506} WARNING - DNS lookup failed for kafka-broker:9092, exception was [Errno -2] Name or service not known. Is your advertised.listeners (called advertised.host.name before Kafka 9) correct and resolvable?
[2025-03-20T18:35:34.654+0000] {conn.py:312} ERROR - DNS lookup failed for kafka-broker:9092 (0)
[2025-03-20T18:35:34.780+0000] {conn.py:1506} WARNING - DNS lookup failed for kafka-broker:9092, exception was [Errno -2] Name or service not known. Is your advertised.listeners (called advertised.host.name before Kafka 9) correct and resolvable?
[2025-03-20T18:35:34.783+0000] {conn.py:312} ERROR - DNS lookup failed for kafka-broker:9092 (0)
[2025-03-20T18:35:34.924+0000] {conn.py:1506} WARNING - DNS lookup failed for kafka-broker:9092, exception was [Errno -2] Name or service not known. Is your advertised.listeners (called advertised.host.name before Kafka 9) correct and resolvable?
[2025-03-20T18:35:34.927+0000] {conn.py:312} ERROR - DNS lookup failed for kafka-broker:9092 (0)
[2025-03-20T18:35:35.326+0000] {conn.py:1506} WARNING - DNS lookup failed for kafka-broker:9092, exception was [Errno -2] Name or service not known. Is your advertised.listeners (called advertised.host.name before Kafka 9) correct and resolvable?
[2025-03-20T18:35:35.329+0000] {conn.py:312} ERROR - DNS lookup failed for kafka-broker:9092 (0)
[2025-03-20T18:35:35.449+0000] {conn.py:1506} WARNING - DNS lookup failed for kafka-broker:9092, exception was [Errno -2] Name or service not known. Is your advertised.listeners (called advertised.host.name before Kafka 9) correct and resolvable?
[2025-03-20T18:35:35.453+0000] {conn.py:312} ERROR - DNS lookup failed for kafka-broker:9092 (0)
[2025-03-20T18:35:35.580+0000] {conn.py:1506} WARNING - DNS lookup failed for kafka-broker:9092, exception was [Errno -2] Name or service not known. Is your advertised.listeners (called advertised.host.name before Kafka 9) correct and resolvable?
[2025-03-20T18:35:35.585+0000] {conn.py:312} ERROR - DNS lookup failed for kafka-broker:9092 (0)
[2025-03-20T18:35:35.700+0000] {conn.py:1506} WARNING - DNS lookup failed for kafka-broker:9092, exception was [Errno -2] Name or service not known. Is your advertised.listeners (called advertised.host.name before Kafka 9) correct and resolvable?
[2025-03-20T18:35:35.702+0000] {conn.py:312} ERROR - DNS lookup failed for kafka-broker:9092 (0)
[2025-03-20T18:35:35.816+0000] {conn.py:1506} WARNING - DNS lookup failed for kafka-broker:9092, exception was [Errno -2] Name or service not known. Is your advertised.listeners (called advertised.host.name before Kafka 9) correct and resolvable?
[2025-03-20T18:35:35.818+0000] {conn.py:312} ERROR - DNS lookup failed for kafka-broker:9092 (0)
[2025-03-20T18:35:35.939+0000] {conn.py:1506} WARNING - DNS lookup failed for kafka-broker:9092, exception was [Errno -2] Name or service not known. Is your advertised.listeners (called advertised.host.name before Kafka 9) correct and resolvable?
[2025-03-20T18:35:35.943+0000] {conn.py:312} ERROR - DNS lookup failed for kafka-broker:9092 (0)
[2025-03-20T18:35:36.136+0000] {conn.py:1506} WARNING - DNS lookup failed for kafka-broker:9092, exception was [Errno -2] Name or service not known. Is your advertised.listeners (called advertised.host.name before Kafka 9) correct and resolvable?
[2025-03-20T18:35:36.139+0000] {conn.py:312} ERROR - DNS lookup failed for kafka-broker:9092 (0)
[2025-03-20T18:35:36.260+0000] {conn.py:1506} WARNING - DNS lookup failed for kafka-broker:9092, exception was [Errno -2] Name or service not known. Is your advertised.listeners (called advertised.host.name before Kafka 9) correct and resolvable?
[2025-03-20T18:35:36.264+0000] {conn.py:312} ERROR - DNS lookup failed for kafka-broker:9092 (0)
[2025-03-20T18:35:36.394+0000] {conn.py:1506} WARNING - DNS lookup failed for kafka-broker:9092, exception was [Errno -2] Name or service not known. Is your advertised.listeners (called advertised.host.name before Kafka 9) correct and resolvable?
[2025-03-20T18:35:36.397+0000] {conn.py:312} ERROR - DNS lookup failed for kafka-broker:9092 (0)
[2025-03-20T18:35:36.539+0000] {conn.py:1506} WARNING - DNS lookup failed for kafka-broker:9092, exception was [Errno -2] Name or service not known. Is your advertised.listeners (called advertised.host.name before Kafka 9) correct and resolvable?
[2025-03-20T18:35:36.546+0000] {conn.py:312} ERROR - DNS lookup failed for kafka-broker:9092 (0)
[2025-03-20T18:35:36.681+0000] {conn.py:1506} WARNING - DNS lookup failed for kafka-broker:9092, exception was [Errno -2] Name or service not known. Is your advertised.listeners (called advertised.host.name before Kafka 9) correct and resolvable?
[2025-03-20T18:35:36.684+0000] {conn.py:312} ERROR - DNS lookup failed for kafka-broker:9092 (0)
[2025-03-20T18:35:36.807+0000] {conn.py:1506} WARNING - DNS lookup failed for kafka-broker:9092, exception was [Errno -2] Name or service not known. Is your advertised.listeners (called advertised.host.name before Kafka 9) correct and resolvable?
[2025-03-20T18:35:36.808+0000] {conn.py:312} ERROR - DNS lookup failed for kafka-broker:9092 (0)
[2025-03-20T18:35:36.928+0000] {conn.py:1506} WARNING - DNS lookup failed for kafka-broker:9092, exception was [Errno -2] Name or service not known. Is your advertised.listeners (called advertised.host.name before Kafka 9) correct and resolvable?
[2025-03-20T18:35:36.930+0000] {conn.py:312} ERROR - DNS lookup failed for kafka-broker:9092 (0)
[2025-03-20T18:35:37.065+0000] {conn.py:1506} WARNING - DNS lookup failed for kafka-broker:9092, exception was [Errno -2] Name or service not known. Is your advertised.listeners (called advertised.host.name before Kafka 9) correct and resolvable?
[2025-03-20T18:35:37.074+0000] {conn.py:312} ERROR - DNS lookup failed for kafka-broker:9092 (0)
[2025-03-20T18:35:42.358+0000] {conn.py:1506} WARNING - DNS lookup failed for kafka-broker:9092, exception was [Errno -2] Name or service not known. Is your advertised.listeners (called advertised.host.name before Kafka 9) correct and resolvable?
[2025-03-20T18:35:42.364+0000] {conn.py:312} ERROR - DNS lookup failed for kafka-broker:9092 (0)
[2025-03-20T18:35:42.736+0000] {conn.py:1506} WARNING - DNS lookup failed for kafka-broker:9092, exception was [Errno -2] Name or service not known. Is your advertised.listeners (called advertised.host.name before Kafka 9) correct and resolvable?
[2025-03-20T18:35:42.739+0000] {conn.py:312} ERROR - DNS lookup failed for kafka-broker:9092 (0)
[2025-03-20T18:35:42.846+0000] {conn.py:1506} WARNING - DNS lookup failed for kafka-broker:9092, exception was [Errno -2] Name or service not known. Is your advertised.listeners (called advertised.host.name before Kafka 9) correct and resolvable?
[2025-03-20T18:35:42.848+0000] {conn.py:312} ERROR - DNS lookup failed for kafka-broker:9092 (0)
[2025-03-20T18:35:42.989+0000] {conn.py:1506} WARNING - DNS lookup failed for kafka-broker:9092, exception was [Errno -2] Name or service not known. Is your advertised.listeners (called advertised.host.name before Kafka 9) correct and resolvable?
[2025-03-20T18:35:42.990+0000] {conn.py:312} ERROR - DNS lookup failed for kafka-broker:9092 (0)
[2025-03-20T18:35:43.099+0000] {conn.py:1506} WARNING - DNS lookup failed for kafka-broker:9092, exception was [Errno -2] Name or service not known. Is your advertised.listeners (called advertised.host.name before Kafka 9) correct and resolvable?
[2025-03-20T18:35:43.101+0000] {conn.py:312} ERROR - DNS lookup failed for kafka-broker:9092 (0)
[2025-03-20T18:35:43.213+0000] {conn.py:1506} WARNING - DNS lookup failed for kafka-broker:9092, exception was [Errno -2] Name or service not known. Is your advertised.listeners (called advertised.host.name before Kafka 9) correct and resolvable?
[2025-03-20T18:35:43.214+0000] {conn.py:312} ERROR - DNS lookup failed for kafka-broker:9092 (0)
[2025-03-20T18:35:43.333+0000] {conn.py:1506} WARNING - DNS lookup failed for kafka-broker:9092, exception was [Errno -2] Name or service not known. Is your advertised.listeners (called advertised.host.name before Kafka 9) correct and resolvable?
[2025-03-20T18:35:43.335+0000] {conn.py:312} ERROR - DNS lookup failed for kafka-broker:9092 (0)
[2025-03-20T18:35:43.466+0000] {conn.py:1506} WARNING - DNS lookup failed for kafka-broker:9092, exception was [Errno -2] Name or service not known. Is your advertised.listeners (called advertised.host.name before Kafka 9) correct and resolvable?
[2025-03-20T18:35:43.470+0000] {conn.py:312} ERROR - DNS lookup failed for kafka-broker:9092 (0)
[2025-03-20T18:35:43.606+0000] {conn.py:1506} WARNING - DNS lookup failed for kafka-broker:9092, exception was [Errno -2] Name or service not known. Is your advertised.listeners (called advertised.host.name before Kafka 9) correct and resolvable?
[2025-03-20T18:35:43.609+0000] {conn.py:312} ERROR - DNS lookup failed for kafka-broker:9092 (0)
[2025-03-20T18:35:43.728+0000] {conn.py:1506} WARNING - DNS lookup failed for kafka-broker:9092, exception was [Errno -2] Name or service not known. Is your advertised.listeners (called advertised.host.name before Kafka 9) correct and resolvable?
[2025-03-20T18:35:43.731+0000] {conn.py:312} ERROR - DNS lookup failed for kafka-broker:9092 (0)
[2025-03-20T18:35:43.856+0000] {conn.py:1506} WARNING - DNS lookup failed for kafka-broker:9092, exception was [Errno -2] Name or service not known. Is your advertised.listeners (called advertised.host.name before Kafka 9) correct and resolvable?
[2025-03-20T18:35:43.858+0000] {conn.py:312} ERROR - DNS lookup failed for kafka-broker:9092 (0)
[2025-03-20T18:35:44.045+0000] {conn.py:1506} WARNING - DNS lookup failed for kafka-broker:9092, exception was [Errno -2] Name or service not known. Is your advertised.listeners (called advertised.host.name before Kafka 9) correct and resolvable?
[2025-03-20T18:35:44.050+0000] {conn.py:312} ERROR - DNS lookup failed for kafka-broker:9092 (0)
[2025-03-20T18:35:44.174+0000] {conn.py:1506} WARNING - DNS lookup failed for kafka-broker:9092, exception was [Errno -2] Name or service not known. Is your advertised.listeners (called advertised.host.name before Kafka 9) correct and resolvable?
[2025-03-20T18:35:44.176+0000] {conn.py:312} ERROR - DNS lookup failed for kafka-broker:9092 (0)
[2025-03-20T18:35:44.411+0000] {conn.py:1506} WARNING - DNS lookup failed for kafka-broker:9092, exception was [Errno -2] Name or service not known. Is your advertised.listeners (called advertised.host.name before Kafka 9) correct and resolvable?
[2025-03-20T18:35:44.414+0000] {conn.py:312} ERROR - DNS lookup failed for kafka-broker:9092 (0)
[2025-03-20T18:35:44.533+0000] {conn.py:1506} WARNING - DNS lookup failed for kafka-broker:9092, exception was [Errno -2] Name or service not known. Is your advertised.listeners (called advertised.host.name before Kafka 9) correct and resolvable?
[2025-03-20T18:35:44.537+0000] {conn.py:312} ERROR - DNS lookup failed for kafka-broker:9092 (0)
[2025-03-20T18:35:44.745+0000] {conn.py:1506} WARNING - DNS lookup failed for kafka-broker:9092, exception was [Errno -2] Name or service not known. Is your advertised.listeners (called advertised.host.name before Kafka 9) correct and resolvable?
[2025-03-20T18:35:44.746+0000] {conn.py:312} ERROR - DNS lookup failed for kafka-broker:9092 (0)
[2025-03-20T18:35:44.840+0000] {conn.py:1506} WARNING - DNS lookup failed for kafka-broker:9092, exception was [Errno -2] Name or service not known. Is your advertised.listeners (called advertised.host.name before Kafka 9) correct and resolvable?
[2025-03-20T18:35:44.841+0000] {conn.py:312} ERROR - DNS lookup failed for kafka-broker:9092 (0)
[2025-03-20T18:35:44.953+0000] {conn.py:1506} WARNING - DNS lookup failed for kafka-broker:9092, exception was [Errno -2] Name or service not known. Is your advertised.listeners (called advertised.host.name before Kafka 9) correct and resolvable?
[2025-03-20T18:35:44.956+0000] {conn.py:312} ERROR - DNS lookup failed for kafka-broker:9092 (0)
[2025-03-20T18:35:45.080+0000] {conn.py:1506} WARNING - DNS lookup failed for kafka-broker:9092, exception was [Errno -2] Name or service not known. Is your advertised.listeners (called advertised.host.name before Kafka 9) correct and resolvable?
[2025-03-20T18:35:45.082+0000] {conn.py:312} ERROR - DNS lookup failed for kafka-broker:9092 (0)
[2025-03-20T18:35:45.298+0000] {conn.py:1506} WARNING - DNS lookup failed for kafka-broker:9092, exception was [Errno -2] Name or service not known. Is your advertised.listeners (called advertised.host.name before Kafka 9) correct and resolvable?
[2025-03-20T18:35:45.302+0000] {conn.py:312} ERROR - DNS lookup failed for kafka-broker:9092 (0)
[2025-03-20T18:35:45.608+0000] {conn.py:1506} WARNING - DNS lookup failed for kafka-broker:9092, exception was [Errno -2] Name or service not known. Is your advertised.listeners (called advertised.host.name before Kafka 9) correct and resolvable?
[2025-03-20T18:35:45.610+0000] {conn.py:312} ERROR - DNS lookup failed for kafka-broker:9092 (0)
[2025-03-20T18:35:46.023+0000] {conn.py:1506} WARNING - DNS lookup failed for kafka-broker:9092, exception was [Errno -2] Name or service not known. Is your advertised.listeners (called advertised.host.name before Kafka 9) correct and resolvable?
[2025-03-20T18:35:46.026+0000] {conn.py:312} ERROR - DNS lookup failed for kafka-broker:9092 (0)
[2025-03-20T18:35:46.343+0000] {conn.py:1506} WARNING - DNS lookup failed for kafka-broker:9092, exception was [Errno -2] Name or service not known. Is your advertised.listeners (called advertised.host.name before Kafka 9) correct and resolvable?
[2025-03-20T18:35:46.347+0000] {conn.py:312} ERROR - DNS lookup failed for kafka-broker:9092 (0)
[2025-03-20T18:35:46.456+0000] {conn.py:1506} WARNING - DNS lookup failed for kafka-broker:9092, exception was [Errno -2] Name or service not known. Is your advertised.listeners (called advertised.host.name before Kafka 9) correct and resolvable?
[2025-03-20T18:35:46.457+0000] {conn.py:312} ERROR - DNS lookup failed for kafka-broker:9092 (0)
[2025-03-20T18:35:46.584+0000] {conn.py:1506} WARNING - DNS lookup failed for kafka-broker:9092, exception was [Errno -2] Name or service not known. Is your advertised.listeners (called advertised.host.name before Kafka 9) correct and resolvable?
[2025-03-20T18:35:46.587+0000] {conn.py:312} ERROR - DNS lookup failed for kafka-broker:9092 (0)
[2025-03-20T18:35:46.696+0000] {conn.py:1506} WARNING - DNS lookup failed for kafka-broker:9092, exception was [Errno -2] Name or service not known. Is your advertised.listeners (called advertised.host.name before Kafka 9) correct and resolvable?
[2025-03-20T18:35:46.697+0000] {conn.py:312} ERROR - DNS lookup failed for kafka-broker:9092 (0)
[2025-03-20T18:35:46.819+0000] {conn.py:1506} WARNING - DNS lookup failed for kafka-broker:9092, exception was [Errno -2] Name or service not known. Is your advertised.listeners (called advertised.host.name before Kafka 9) correct and resolvable?
[2025-03-20T18:35:46.820+0000] {conn.py:312} ERROR - DNS lookup failed for kafka-broker:9092 (0)
[2025-03-20T18:35:46.937+0000] {conn.py:1506} WARNING - DNS lookup failed for kafka-broker:9092, exception was [Errno -2] Name or service not known. Is your advertised.listeners (called advertised.host.name before Kafka 9) correct and resolvable?
[2025-03-20T18:35:46.938+0000] {conn.py:312} ERROR - DNS lookup failed for kafka-broker:9092 (0)
[2025-03-20T18:35:47.048+0000] {conn.py:1506} WARNING - DNS lookup failed for kafka-broker:9092, exception was [Errno -2] Name or service not known. Is your advertised.listeners (called advertised.host.name before Kafka 9) correct and resolvable?
[2025-03-20T18:35:47.050+0000] {conn.py:312} ERROR - DNS lookup failed for kafka-broker:9092 (0)
[2025-03-20T18:35:47.185+0000] {conn.py:1506} WARNING - DNS lookup failed for kafka-broker:9092, exception was [Errno -2] Name or service not known. Is your advertised.listeners (called advertised.host.name before Kafka 9) correct and resolvable?
[2025-03-20T18:35:47.186+0000] {conn.py:312} ERROR - DNS lookup failed for kafka-broker:9092 (0)
[2025-03-20T18:35:47.315+0000] {conn.py:1506} WARNING - DNS lookup failed for kafka-broker:9092, exception was [Errno -2] Name or service not known. Is your advertised.listeners (called advertised.host.name before Kafka 9) correct and resolvable?
[2025-03-20T18:35:47.318+0000] {conn.py:312} ERROR - DNS lookup failed for kafka-broker:9092 (0)
[2025-03-20T18:35:47.430+0000] {conn.py:1506} WARNING - DNS lookup failed for kafka-broker:9092, exception was [Errno -2] Name or service not known. Is your advertised.listeners (called advertised.host.name before Kafka 9) correct and resolvable?
[2025-03-20T18:35:47.435+0000] {conn.py:312} ERROR - DNS lookup failed for kafka-broker:9092 (0)
[2025-03-20T18:35:47.553+0000] {conn.py:1506} WARNING - DNS lookup failed for kafka-broker:9092, exception was [Errno -2] Name or service not known. Is your advertised.listeners (called advertised.host.name before Kafka 9) correct and resolvable?
[2025-03-20T18:35:47.556+0000] {conn.py:312} ERROR - DNS lookup failed for kafka-broker:9092 (0)
[2025-03-20T18:35:47.676+0000] {conn.py:1506} WARNING - DNS lookup failed for kafka-broker:9092, exception was [Errno -2] Name or service not known. Is your advertised.listeners (called advertised.host.name before Kafka 9) correct and resolvable?
[2025-03-20T18:35:47.677+0000] {conn.py:312} ERROR - DNS lookup failed for kafka-broker:9092 (0)
[2025-03-20T18:35:47.800+0000] {conn.py:1506} WARNING - DNS lookup failed for kafka-broker:9092, exception was [Errno -2] Name or service not known. Is your advertised.listeners (called advertised.host.name before Kafka 9) correct and resolvable?
[2025-03-20T18:35:47.802+0000] {conn.py:312} ERROR - DNS lookup failed for kafka-broker:9092 (0)
[2025-03-20T18:35:47.913+0000] {conn.py:1506} WARNING - DNS lookup failed for kafka-broker:9092, exception was [Errno -2] Name or service not known. Is your advertised.listeners (called advertised.host.name before Kafka 9) correct and resolvable?
[2025-03-20T18:35:47.916+0000] {conn.py:312} ERROR - DNS lookup failed for kafka-broker:9092 (0)
[2025-03-20T18:35:48.061+0000] {conn.py:1506} WARNING - DNS lookup failed for kafka-broker:9092, exception was [Errno -2] Name or service not known. Is your advertised.listeners (called advertised.host.name before Kafka 9) correct and resolvable?
[2025-03-20T18:35:48.064+0000] {conn.py:312} ERROR - DNS lookup failed for kafka-broker:9092 (0)
[2025-03-20T18:35:48.198+0000] {conn.py:1506} WARNING - DNS lookup failed for kafka-broker:9092, exception was [Errno -2] Name or service not known. Is your advertised.listeners (called advertised.host.name before Kafka 9) correct and resolvable?
[2025-03-20T18:35:48.200+0000] {conn.py:312} ERROR - DNS lookup failed for kafka-broker:9092 (0)
[2025-03-20T18:35:48.315+0000] {conn.py:1506} WARNING - DNS lookup failed for kafka-broker:9092, exception was [Errno -2] Name or service not known. Is your advertised.listeners (called advertised.host.name before Kafka 9) correct and resolvable?
[2025-03-20T18:35:48.315+0000] {conn.py:312} ERROR - DNS lookup failed for kafka-broker:9092 (0)
[2025-03-20T18:35:48.445+0000] {conn.py:1506} WARNING - DNS lookup failed for kafka-broker:9092, exception was [Errno -2] Name or service not known. Is your advertised.listeners (called advertised.host.name before Kafka 9) correct and resolvable?
[2025-03-20T18:35:48.447+0000] {conn.py:312} ERROR - DNS lookup failed for kafka-broker:9092 (0)
[2025-03-20T18:35:48.567+0000] {conn.py:1506} WARNING - DNS lookup failed for kafka-broker:9092, exception was [Errno -2] Name or service not known. Is your advertised.listeners (called advertised.host.name before Kafka 9) correct and resolvable?
[2025-03-20T18:35:48.572+0000] {conn.py:312} ERROR - DNS lookup failed for kafka-broker:9092 (0)
[2025-03-20T18:35:48.707+0000] {conn.py:1506} WARNING - DNS lookup failed for kafka-broker:9092, exception was [Errno -2] Name or service not known. Is your advertised.listeners (called advertised.host.name before Kafka 9) correct and resolvable?
[2025-03-20T18:35:48.710+0000] {conn.py:312} ERROR - DNS lookup failed for kafka-broker:9092 (0)
[2025-03-20T18:35:48.876+0000] {conn.py:1506} WARNING - DNS lookup failed for kafka-broker:9092, exception was [Errno -2] Name or service not known. Is your advertised.listeners (called advertised.host.name before Kafka 9) correct and resolvable?
[2025-03-20T18:35:48.877+0000] {conn.py:312} ERROR - DNS lookup failed for kafka-broker:9092 (0)
[2025-03-20T18:35:48.991+0000] {conn.py:1506} WARNING - DNS lookup failed for kafka-broker:9092, exception was [Errno -2] Name or service not known. Is your advertised.listeners (called advertised.host.name before Kafka 9) correct and resolvable?
[2025-03-20T18:35:48.994+0000] {conn.py:312} ERROR - DNS lookup failed for kafka-broker:9092 (0)
[2025-03-20T18:35:49.131+0000] {conn.py:1506} WARNING - DNS lookup failed for kafka-broker:9092, exception was [Errno -2] Name or service not known. Is your advertised.listeners (called advertised.host.name before Kafka 9) correct and resolvable?
[2025-03-20T18:35:49.134+0000] {conn.py:312} ERROR - DNS lookup failed for kafka-broker:9092 (0)
[2025-03-20T18:35:49.252+0000] {conn.py:1506} WARNING - DNS lookup failed for kafka-broker:9092, exception was [Errno -2] Name or service not known. Is your advertised.listeners (called advertised.host.name before Kafka 9) correct and resolvable?
[2025-03-20T18:35:49.258+0000] {conn.py:312} ERROR - DNS lookup failed for kafka-broker:9092 (0)
[2025-03-20T18:35:49.391+0000] {conn.py:1506} WARNING - DNS lookup failed for kafka-broker:9092, exception was [Errno -2] Name or service not known. Is your advertised.listeners (called advertised.host.name before Kafka 9) correct and resolvable?
[2025-03-20T18:35:49.393+0000] {conn.py:312} ERROR - DNS lookup failed for kafka-broker:9092 (0)
[2025-03-20T18:35:49.533+0000] {conn.py:1506} WARNING - DNS lookup failed for kafka-broker:9092, exception was [Errno -2] Name or service not known. Is your advertised.listeners (called advertised.host.name before Kafka 9) correct and resolvable?
[2025-03-20T18:35:49.536+0000] {conn.py:312} ERROR - DNS lookup failed for kafka-broker:9092 (0)
[2025-03-20T18:35:49.651+0000] {conn.py:1506} WARNING - DNS lookup failed for kafka-broker:9092, exception was [Errno -2] Name or service not known. Is your advertised.listeners (called advertised.host.name before Kafka 9) correct and resolvable?
[2025-03-20T18:35:49.655+0000] {conn.py:312} ERROR - DNS lookup failed for kafka-broker:9092 (0)
[2025-03-20T18:35:49.849+0000] {conn.py:1506} WARNING - DNS lookup failed for kafka-broker:9092, exception was [Errno -2] Name or service not known. Is your advertised.listeners (called advertised.host.name before Kafka 9) correct and resolvable?
[2025-03-20T18:35:49.852+0000] {conn.py:312} ERROR - DNS lookup failed for kafka-broker:9092 (0)
[2025-03-20T18:35:49.974+0000] {conn.py:1506} WARNING - DNS lookup failed for kafka-broker:9092, exception was [Errno -2] Name or service not known. Is your advertised.listeners (called advertised.host.name before Kafka 9) correct and resolvable?
[2025-03-20T18:35:49.978+0000] {conn.py:312} ERROR - DNS lookup failed for kafka-broker:9092 (0)
[2025-03-20T18:35:50.106+0000] {conn.py:1506} WARNING - DNS lookup failed for kafka-broker:9092, exception was [Errno -2] Name or service not known. Is your advertised.listeners (called advertised.host.name before Kafka 9) correct and resolvable?
[2025-03-20T18:35:50.108+0000] {conn.py:312} ERROR - DNS lookup failed for kafka-broker:9092 (0)
[2025-03-20T18:35:50.254+0000] {conn.py:1506} WARNING - DNS lookup failed for kafka-broker:9092, exception was [Errno -2] Name or service not known. Is your advertised.listeners (called advertised.host.name before Kafka 9) correct and resolvable?
[2025-03-20T18:35:50.258+0000] {conn.py:312} ERROR - DNS lookup failed for kafka-broker:9092 (0)
[2025-03-20T18:35:50.387+0000] {conn.py:1506} WARNING - DNS lookup failed for kafka-broker:9092, exception was [Errno -2] Name or service not known. Is your advertised.listeners (called advertised.host.name before Kafka 9) correct and resolvable?
[2025-03-20T18:35:50.390+0000] {conn.py:312} ERROR - DNS lookup failed for kafka-broker:9092 (0)
[2025-03-20T18:35:50.518+0000] {conn.py:1506} WARNING - DNS lookup failed for kafka-broker:9092, exception was [Errno -2] Name or service not known. Is your advertised.listeners (called advertised.host.name before Kafka 9) correct and resolvable?
[2025-03-20T18:35:50.521+0000] {conn.py:312} ERROR - DNS lookup failed for kafka-broker:9092 (0)
[2025-03-20T18:35:50.649+0000] {conn.py:1506} WARNING - DNS lookup failed for kafka-broker:9092, exception was [Errno -2] Name or service not known. Is your advertised.listeners (called advertised.host.name before Kafka 9) correct and resolvable?
[2025-03-20T18:35:50.657+0000] {conn.py:312} ERROR - DNS lookup failed for kafka-broker:9092 (0)
[2025-03-20T18:35:50.782+0000] {conn.py:1506} WARNING - DNS lookup failed for kafka-broker:9092, exception was [Errno -2] Name or service not known. Is your advertised.listeners (called advertised.host.name before Kafka 9) correct and resolvable?
[2025-03-20T18:35:50.787+0000] {conn.py:312} ERROR - DNS lookup failed for kafka-broker:9092 (0)
[2025-03-20T18:35:50.940+0000] {conn.py:1506} WARNING - DNS lookup failed for kafka-broker:9092, exception was [Errno -2] Name or service not known. Is your advertised.listeners (called advertised.host.name before Kafka 9) correct and resolvable?
[2025-03-20T18:35:50.943+0000] {conn.py:312} ERROR - DNS lookup failed for kafka-broker:9092 (0)
[2025-03-20T18:35:51.063+0000] {conn.py:1506} WARNING - DNS lookup failed for kafka-broker:9092, exception was [Errno -2] Name or service not known. Is your advertised.listeners (called advertised.host.name before Kafka 9) correct and resolvable?
[2025-03-20T18:35:51.070+0000] {conn.py:312} ERROR - DNS lookup failed for kafka-broker:9092 (0)
[2025-03-20T18:35:51.202+0000] {conn.py:1506} WARNING - DNS lookup failed for kafka-broker:9092, exception was [Errno -2] Name or service not known. Is your advertised.listeners (called advertised.host.name before Kafka 9) correct and resolvable?
[2025-03-20T18:35:51.205+0000] {conn.py:312} ERROR - DNS lookup failed for kafka-broker:9092 (0)
[2025-03-20T18:35:51.318+0000] {conn.py:1506} WARNING - DNS lookup failed for kafka-broker:9092, exception was [Errno -2] Name or service not known. Is your advertised.listeners (called advertised.host.name before Kafka 9) correct and resolvable?
[2025-03-20T18:35:51.322+0000] {conn.py:312} ERROR - DNS lookup failed for kafka-broker:9092 (0)
[2025-03-20T18:35:51.442+0000] {conn.py:1506} WARNING - DNS lookup failed for kafka-broker:9092, exception was [Errno -2] Name or service not known. Is your advertised.listeners (called advertised.host.name before Kafka 9) correct and resolvable?
[2025-03-20T18:35:51.447+0000] {conn.py:312} ERROR - DNS lookup failed for kafka-broker:9092 (0)
[2025-03-20T18:35:51.590+0000] {conn.py:1506} WARNING - DNS lookup failed for kafka-broker:9092, exception was [Errno -2] Name or service not known. Is your advertised.listeners (called advertised.host.name before Kafka 9) correct and resolvable?
[2025-03-20T18:35:51.591+0000] {conn.py:312} ERROR - DNS lookup failed for kafka-broker:9092 (0)
[2025-03-20T18:35:51.710+0000] {conn.py:1506} WARNING - DNS lookup failed for kafka-broker:9092, exception was [Errno -2] Name or service not known. Is your advertised.listeners (called advertised.host.name before Kafka 9) correct and resolvable?
[2025-03-20T18:35:51.713+0000] {conn.py:312} ERROR - DNS lookup failed for kafka-broker:9092 (0)
[2025-03-20T18:35:51.839+0000] {conn.py:1506} WARNING - DNS lookup failed for kafka-broker:9092, exception was [Errno -2] Name or service not known. Is your advertised.listeners (called advertised.host.name before Kafka 9) correct and resolvable?
[2025-03-20T18:35:51.841+0000] {conn.py:312} ERROR - DNS lookup failed for kafka-broker:9092 (0)
[2025-03-20T18:35:52.038+0000] {conn.py:1506} WARNING - DNS lookup failed for kafka-broker:9092, exception was [Errno -2] Name or service not known. Is your advertised.listeners (called advertised.host.name before Kafka 9) correct and resolvable?
[2025-03-20T18:35:52.040+0000] {conn.py:312} ERROR - DNS lookup failed for kafka-broker:9092 (0)
[2025-03-20T18:35:52.161+0000] {conn.py:1506} WARNING - DNS lookup failed for kafka-broker:9092, exception was [Errno -2] Name or service not known. Is your advertised.listeners (called advertised.host.name before Kafka 9) correct and resolvable?
[2025-03-20T18:35:52.163+0000] {conn.py:312} ERROR - DNS lookup failed for kafka-broker:9092 (0)
[2025-03-20T18:35:52.262+0000] {conn.py:1506} WARNING - DNS lookup failed for kafka-broker:9092, exception was [Errno -2] Name or service not known. Is your advertised.listeners (called advertised.host.name before Kafka 9) correct and resolvable?
[2025-03-20T18:35:52.263+0000] {conn.py:312} ERROR - DNS lookup failed for kafka-broker:9092 (0)
[2025-03-20T18:35:52.384+0000] {conn.py:1506} WARNING - DNS lookup failed for kafka-broker:9092, exception was [Errno -2] Name or service not known. Is your advertised.listeners (called advertised.host.name before Kafka 9) correct and resolvable?
[2025-03-20T18:35:52.386+0000] {conn.py:312} ERROR - DNS lookup failed for kafka-broker:9092 (0)
[2025-03-20T18:35:52.520+0000] {conn.py:1506} WARNING - DNS lookup failed for kafka-broker:9092, exception was [Errno -2] Name or service not known. Is your advertised.listeners (called advertised.host.name before Kafka 9) correct and resolvable?
[2025-03-20T18:35:52.522+0000] {conn.py:312} ERROR - DNS lookup failed for kafka-broker:9092 (0)
[2025-03-20T18:35:52.641+0000] {conn.py:1506} WARNING - DNS lookup failed for kafka-broker:9092, exception was [Errno -2] Name or service not known. Is your advertised.listeners (called advertised.host.name before Kafka 9) correct and resolvable?
[2025-03-20T18:35:52.644+0000] {conn.py:312} ERROR - DNS lookup failed for kafka-broker:9092 (0)
[2025-03-20T18:35:52.763+0000] {conn.py:1506} WARNING - DNS lookup failed for kafka-broker:9092, exception was [Errno -2] Name or service not known. Is your advertised.listeners (called advertised.host.name before Kafka 9) correct and resolvable?
[2025-03-20T18:35:52.765+0000] {conn.py:312} ERROR - DNS lookup failed for kafka-broker:9092 (0)
[2025-03-20T18:35:53.085+0000] {conn.py:1506} WARNING - DNS lookup failed for kafka-broker:9092, exception was [Errno -2] Name or service not known. Is your advertised.listeners (called advertised.host.name before Kafka 9) correct and resolvable?
[2025-03-20T18:35:53.089+0000] {conn.py:312} ERROR - DNS lookup failed for kafka-broker:9092 (0)
[2025-03-20T18:35:53.265+0000] {conn.py:1506} WARNING - DNS lookup failed for kafka-broker:9092, exception was [Errno -2] Name or service not known. Is your advertised.listeners (called advertised.host.name before Kafka 9) correct and resolvable?
[2025-03-20T18:35:53.266+0000] {conn.py:312} ERROR - DNS lookup failed for kafka-broker:9092 (0)
[2025-03-20T18:35:53.694+0000] {conn.py:1506} WARNING - DNS lookup failed for kafka-broker:9092, exception was [Errno -2] Name or service not known. Is your advertised.listeners (called advertised.host.name before Kafka 9) correct and resolvable?
[2025-03-20T18:35:53.696+0000] {conn.py:312} ERROR - DNS lookup failed for kafka-broker:9092 (0)
[2025-03-20T18:35:53.881+0000] {conn.py:1506} WARNING - DNS lookup failed for kafka-broker:9092, exception was [Errno -2] Name or service not known. Is your advertised.listeners (called advertised.host.name before Kafka 9) correct and resolvable?
[2025-03-20T18:35:53.886+0000] {conn.py:312} ERROR - DNS lookup failed for kafka-broker:9092 (0)
[2025-03-20T18:35:54.112+0000] {conn.py:1506} WARNING - DNS lookup failed for kafka-broker:9092, exception was [Errno -2] Name or service not known. Is your advertised.listeners (called advertised.host.name before Kafka 9) correct and resolvable?
[2025-03-20T18:35:54.118+0000] {conn.py:312} ERROR - DNS lookup failed for kafka-broker:9092 (0)
[2025-03-20T18:35:54.315+0000] {conn.py:1506} WARNING - DNS lookup failed for kafka-broker:9092, exception was [Errno -2] Name or service not known. Is your advertised.listeners (called advertised.host.name before Kafka 9) correct and resolvable?
[2025-03-20T18:35:54.317+0000] {conn.py:312} ERROR - DNS lookup failed for kafka-broker:9092 (0)
[2025-03-20T18:35:54.620+0000] {conn.py:1506} WARNING - DNS lookup failed for kafka-broker:9092, exception was [Errno -2] Name or service not known. Is your advertised.listeners (called advertised.host.name before Kafka 9) correct and resolvable?
[2025-03-20T18:35:54.626+0000] {conn.py:312} ERROR - DNS lookup failed for kafka-broker:9092 (0)
[2025-03-20T18:35:54.929+0000] {conn.py:1506} WARNING - DNS lookup failed for kafka-broker:9092, exception was [Errno -2] Name or service not known. Is your advertised.listeners (called advertised.host.name before Kafka 9) correct and resolvable?
[2025-03-20T18:35:54.933+0000] {conn.py:312} ERROR - DNS lookup failed for kafka-broker:9092 (0)
[2025-03-20T18:35:55.136+0000] {conn.py:1506} WARNING - DNS lookup failed for kafka-broker:9092, exception was [Errno -2] Name or service not known. Is your advertised.listeners (called advertised.host.name before Kafka 9) correct and resolvable?
[2025-03-20T18:35:55.140+0000] {conn.py:312} ERROR - DNS lookup failed for kafka-broker:9092 (0)
[2025-03-20T18:35:55.254+0000] {conn.py:1506} WARNING - DNS lookup failed for kafka-broker:9092, exception was [Errno -2] Name or service not known. Is your advertised.listeners (called advertised.host.name before Kafka 9) correct and resolvable?
[2025-03-20T18:35:55.256+0000] {conn.py:312} ERROR - DNS lookup failed for kafka-broker:9092 (0)
[2025-03-20T18:35:55.391+0000] {conn.py:1506} WARNING - DNS lookup failed for kafka-broker:9092, exception was [Errno -2] Name or service not known. Is your advertised.listeners (called advertised.host.name before Kafka 9) correct and resolvable?
[2025-03-20T18:35:55.394+0000] {conn.py:312} ERROR - DNS lookup failed for kafka-broker:9092 (0)
[2025-03-20T18:36:00.701+0000] {conn.py:1506} WARNING - DNS lookup failed for kafka-broker:9092, exception was [Errno -2] Name or service not known. Is your advertised.listeners (called advertised.host.name before Kafka 9) correct and resolvable?
[2025-03-20T18:36:00.702+0000] {conn.py:312} ERROR - DNS lookup failed for kafka-broker:9092 (0)
[2025-03-20T18:36:00.804+0000] {conn.py:1506} WARNING - DNS lookup failed for kafka-broker:9092, exception was [Errno -2] Name or service not known. Is your advertised.listeners (called advertised.host.name before Kafka 9) correct and resolvable?
[2025-03-20T18:36:00.806+0000] {conn.py:312} ERROR - DNS lookup failed for kafka-broker:9092 (0)
[2025-03-20T18:36:00.930+0000] {conn.py:1506} WARNING - DNS lookup failed for kafka-broker:9092, exception was [Errno -2] Name or service not known. Is your advertised.listeners (called advertised.host.name before Kafka 9) correct and resolvable?
[2025-03-20T18:36:00.933+0000] {conn.py:312} ERROR - DNS lookup failed for kafka-broker:9092 (0)
[2025-03-20T18:36:01.045+0000] {conn.py:1506} WARNING - DNS lookup failed for kafka-broker:9092, exception was [Errno -2] Name or service not known. Is your advertised.listeners (called advertised.host.name before Kafka 9) correct and resolvable?
[2025-03-20T18:36:01.047+0000] {conn.py:312} ERROR - DNS lookup failed for kafka-broker:9092 (0)
[2025-03-20T18:36:01.161+0000] {conn.py:1506} WARNING - DNS lookup failed for kafka-broker:9092, exception was [Errno -2] Name or service not known. Is your advertised.listeners (called advertised.host.name before Kafka 9) correct and resolvable?
[2025-03-20T18:36:01.162+0000] {conn.py:312} ERROR - DNS lookup failed for kafka-broker:9092 (0)
[2025-03-20T18:36:01.275+0000] {conn.py:1506} WARNING - DNS lookup failed for kafka-broker:9092, exception was [Errno -2] Name or service not known. Is your advertised.listeners (called advertised.host.name before Kafka 9) correct and resolvable?
[2025-03-20T18:36:01.276+0000] {conn.py:312} ERROR - DNS lookup failed for kafka-broker:9092 (0)
[2025-03-20T18:36:01.393+0000] {conn.py:1506} WARNING - DNS lookup failed for kafka-broker:9092, exception was [Errno -2] Name or service not known. Is your advertised.listeners (called advertised.host.name before Kafka 9) correct and resolvable?
[2025-03-20T18:36:01.395+0000] {conn.py:312} ERROR - DNS lookup failed for kafka-broker:9092 (0)
[2025-03-20T18:36:01.509+0000] {conn.py:1506} WARNING - DNS lookup failed for kafka-broker:9092, exception was [Errno -2] Name or service not known. Is your advertised.listeners (called advertised.host.name before Kafka 9) correct and resolvable?
[2025-03-20T18:36:01.511+0000] {conn.py:312} ERROR - DNS lookup failed for kafka-broker:9092 (0)
[2025-03-20T18:36:01.633+0000] {conn.py:1506} WARNING - DNS lookup failed for kafka-broker:9092, exception was [Errno -2] Name or service not known. Is your advertised.listeners (called advertised.host.name before Kafka 9) correct and resolvable?
[2025-03-20T18:36:01.636+0000] {conn.py:312} ERROR - DNS lookup failed for kafka-broker:9092 (0)
[2025-03-20T18:36:01.813+0000] {conn.py:1506} WARNING - DNS lookup failed for kafka-broker:9092, exception was [Errno -2] Name or service not known. Is your advertised.listeners (called advertised.host.name before Kafka 9) correct and resolvable?
[2025-03-20T18:36:01.816+0000] {conn.py:312} ERROR - DNS lookup failed for kafka-broker:9092 (0)
[2025-03-20T18:36:01.949+0000] {conn.py:1506} WARNING - DNS lookup failed for kafka-broker:9092, exception was [Errno -2] Name or service not known. Is your advertised.listeners (called advertised.host.name before Kafka 9) correct and resolvable?
[2025-03-20T18:36:01.950+0000] {conn.py:312} ERROR - DNS lookup failed for kafka-broker:9092 (0)
[2025-03-20T18:36:02.057+0000] {conn.py:1506} WARNING - DNS lookup failed for kafka-broker:9092, exception was [Errno -2] Name or service not known. Is your advertised.listeners (called advertised.host.name before Kafka 9) correct and resolvable?
[2025-03-20T18:36:02.062+0000] {conn.py:312} ERROR - DNS lookup failed for kafka-broker:9092 (0)
[2025-03-20T18:36:02.183+0000] {conn.py:1506} WARNING - DNS lookup failed for kafka-broker:9092, exception was [Errno -2] Name or service not known. Is your advertised.listeners (called advertised.host.name before Kafka 9) correct and resolvable?
[2025-03-20T18:36:02.185+0000] {conn.py:312} ERROR - DNS lookup failed for kafka-broker:9092 (0)
[2025-03-20T18:36:02.299+0000] {conn.py:1506} WARNING - DNS lookup failed for kafka-broker:9092, exception was [Errno -2] Name or service not known. Is your advertised.listeners (called advertised.host.name before Kafka 9) correct and resolvable?
[2025-03-20T18:36:02.303+0000] {conn.py:312} ERROR - DNS lookup failed for kafka-broker:9092 (0)
[2025-03-20T18:36:02.417+0000] {conn.py:1506} WARNING - DNS lookup failed for kafka-broker:9092, exception was [Errno -2] Name or service not known. Is your advertised.listeners (called advertised.host.name before Kafka 9) correct and resolvable?
[2025-03-20T18:36:02.419+0000] {conn.py:312} ERROR - DNS lookup failed for kafka-broker:9092 (0)
[2025-03-20T18:36:02.523+0000] {conn.py:1506} WARNING - DNS lookup failed for kafka-broker:9092, exception was [Errno -2] Name or service not known. Is your advertised.listeners (called advertised.host.name before Kafka 9) correct and resolvable?
[2025-03-20T18:36:02.524+0000] {conn.py:312} ERROR - DNS lookup failed for kafka-broker:9092 (0)
[2025-03-20T18:36:02.647+0000] {conn.py:1506} WARNING - DNS lookup failed for kafka-broker:9092, exception was [Errno -2] Name or service not known. Is your advertised.listeners (called advertised.host.name before Kafka 9) correct and resolvable?
[2025-03-20T18:36:02.649+0000] {conn.py:312} ERROR - DNS lookup failed for kafka-broker:9092 (0)
[2025-03-20T18:36:02.852+0000] {conn.py:1506} WARNING - DNS lookup failed for kafka-broker:9092, exception was [Errno -2] Name or service not known. Is your advertised.listeners (called advertised.host.name before Kafka 9) correct and resolvable?
[2025-03-20T18:36:02.854+0000] {conn.py:312} ERROR - DNS lookup failed for kafka-broker:9092 (0)
[2025-03-20T18:36:02.960+0000] {conn.py:1506} WARNING - DNS lookup failed for kafka-broker:9092, exception was [Errno -2] Name or service not known. Is your advertised.listeners (called advertised.host.name before Kafka 9) correct and resolvable?
[2025-03-20T18:36:02.962+0000] {conn.py:312} ERROR - DNS lookup failed for kafka-broker:9092 (0)
[2025-03-20T18:36:03.075+0000] {conn.py:1506} WARNING - DNS lookup failed for kafka-broker:9092, exception was [Errno -2] Name or service not known. Is your advertised.listeners (called advertised.host.name before Kafka 9) correct and resolvable?
[2025-03-20T18:36:03.078+0000] {conn.py:312} ERROR - DNS lookup failed for kafka-broker:9092 (0)
[2025-03-20T18:36:03.213+0000] {conn.py:1506} WARNING - DNS lookup failed for kafka-broker:9092, exception was [Errno -2] Name or service not known. Is your advertised.listeners (called advertised.host.name before Kafka 9) correct and resolvable?
[2025-03-20T18:36:03.218+0000] {conn.py:312} ERROR - DNS lookup failed for kafka-broker:9092 (0)
[2025-03-20T18:36:03.328+0000] {conn.py:1506} WARNING - DNS lookup failed for kafka-broker:9092, exception was [Errno -2] Name or service not known. Is your advertised.listeners (called advertised.host.name before Kafka 9) correct and resolvable?
[2025-03-20T18:36:03.336+0000] {conn.py:312} ERROR - DNS lookup failed for kafka-broker:9092 (0)
[2025-03-20T18:36:03.461+0000] {conn.py:1506} WARNING - DNS lookup failed for kafka-broker:9092, exception was [Errno -2] Name or service not known. Is your advertised.listeners (called advertised.host.name before Kafka 9) correct and resolvable?
[2025-03-20T18:36:03.464+0000] {conn.py:312} ERROR - DNS lookup failed for kafka-broker:9092 (0)
[2025-03-20T18:36:03.870+0000] {conn.py:1506} WARNING - DNS lookup failed for kafka-broker:9092, exception was [Errno -2] Name or service not known. Is your advertised.listeners (called advertised.host.name before Kafka 9) correct and resolvable?
[2025-03-20T18:36:03.880+0000] {conn.py:312} ERROR - DNS lookup failed for kafka-broker:9092 (0)
[2025-03-20T18:36:04.014+0000] {conn.py:1506} WARNING - DNS lookup failed for kafka-broker:9092, exception was [Errno -2] Name or service not known. Is your advertised.listeners (called advertised.host.name before Kafka 9) correct and resolvable?
[2025-03-20T18:36:04.019+0000] {conn.py:312} ERROR - DNS lookup failed for kafka-broker:9092 (0)
[2025-03-20T18:36:04.141+0000] {conn.py:1506} WARNING - DNS lookup failed for kafka-broker:9092, exception was [Errno -2] Name or service not known. Is your advertised.listeners (called advertised.host.name before Kafka 9) correct and resolvable?
[2025-03-20T18:36:04.144+0000] {conn.py:312} ERROR - DNS lookup failed for kafka-broker:9092 (0)
[2025-03-20T18:36:04.279+0000] {conn.py:1506} WARNING - DNS lookup failed for kafka-broker:9092, exception was [Errno -2] Name or service not known. Is your advertised.listeners (called advertised.host.name before Kafka 9) correct and resolvable?
[2025-03-20T18:36:04.280+0000] {conn.py:312} ERROR - DNS lookup failed for kafka-broker:9092 (0)
[2025-03-20T18:36:04.403+0000] {conn.py:1506} WARNING - DNS lookup failed for kafka-broker:9092, exception was [Errno -2] Name or service not known. Is your advertised.listeners (called advertised.host.name before Kafka 9) correct and resolvable?
[2025-03-20T18:36:04.404+0000] {conn.py:312} ERROR - DNS lookup failed for kafka-broker:9092 (0)
[2025-03-20T18:36:04.519+0000] {conn.py:1506} WARNING - DNS lookup failed for kafka-broker:9092, exception was [Errno -2] Name or service not known. Is your advertised.listeners (called advertised.host.name before Kafka 9) correct and resolvable?
[2025-03-20T18:36:04.521+0000] {conn.py:312} ERROR - DNS lookup failed for kafka-broker:9092 (0)
[2025-03-20T18:36:04.700+0000] {conn.py:1506} WARNING - DNS lookup failed for kafka-broker:9092, exception was [Errno -2] Name or service not known. Is your advertised.listeners (called advertised.host.name before Kafka 9) correct and resolvable?
[2025-03-20T18:36:04.703+0000] {conn.py:312} ERROR - DNS lookup failed for kafka-broker:9092 (0)
[2025-03-20T18:36:04.829+0000] {conn.py:1506} WARNING - DNS lookup failed for kafka-broker:9092, exception was [Errno -2] Name or service not known. Is your advertised.listeners (called advertised.host.name before Kafka 9) correct and resolvable?
[2025-03-20T18:36:04.832+0000] {conn.py:312} ERROR - DNS lookup failed for kafka-broker:9092 (0)
[2025-03-20T18:36:04.966+0000] {conn.py:1506} WARNING - DNS lookup failed for kafka-broker:9092, exception was [Errno -2] Name or service not known. Is your advertised.listeners (called advertised.host.name before Kafka 9) correct and resolvable?
[2025-03-20T18:36:04.967+0000] {conn.py:312} ERROR - DNS lookup failed for kafka-broker:9092 (0)
[2025-03-20T18:36:05.078+0000] {conn.py:1506} WARNING - DNS lookup failed for kafka-broker:9092, exception was [Errno -2] Name or service not known. Is your advertised.listeners (called advertised.host.name before Kafka 9) correct and resolvable?
[2025-03-20T18:36:05.079+0000] {conn.py:312} ERROR - DNS lookup failed for kafka-broker:9092 (0)
[2025-03-20T18:36:05.202+0000] {conn.py:1506} WARNING - DNS lookup failed for kafka-broker:9092, exception was [Errno -2] Name or service not known. Is your advertised.listeners (called advertised.host.name before Kafka 9) correct and resolvable?
[2025-03-20T18:36:05.204+0000] {conn.py:312} ERROR - DNS lookup failed for kafka-broker:9092 (0)
[2025-03-20T18:36:05.345+0000] {conn.py:1506} WARNING - DNS lookup failed for kafka-broker:9092, exception was [Errno -2] Name or service not known. Is your advertised.listeners (called advertised.host.name before Kafka 9) correct and resolvable?
[2025-03-20T18:36:05.349+0000] {conn.py:312} ERROR - DNS lookup failed for kafka-broker:9092 (0)
[2025-03-20T18:36:10.143+0000] {taskinstance.py:1935} ERROR - Task failed with exception
Traceback (most recent call last):
  File "/opt/airflow/plugins/kafka_operator.py", line 58, in execute
    producer.send(self.kafka_topic, value=transaction)
  File "/home/airflow/.local/lib/python3.8/site-packages/kafka/producer/kafka.py", line 609, in send
    self._wait_on_metadata(topic, timeout - elapsed)
  File "/home/airflow/.local/lib/python3.8/site-packages/kafka/producer/kafka.py", line 742, in _wait_on_metadata
    raise Errors.KafkaTimeoutError(
kafka.errors.KafkaTimeoutError: KafkaTimeoutError: Failed to update metadata after 60.0 secs.
[2025-03-20T18:36:10.314+0000] {taskinstance.py:1398} INFO - Marking task as UP_FOR_RETRY. dag_id=transaction-facts_generator, task_id=generate_txn_fact_data, execution_date=20250319T000000, start_date=20250320T183509, end_date=20250320T183610
[2025-03-20T18:36:10.430+0000] {standard_task_runner.py:104} ERROR - Failed to execute job 15 for task generate_txn_fact_data (KafkaTimeoutError: Failed to update metadata after 60.0 secs.; 239)
[2025-03-20T18:36:10.468+0000] {local_task_job_runner.py:228} INFO - Task exited with return code 1
[2025-03-20T18:36:10.547+0000] {taskinstance.py:2776} INFO - 0 downstream tasks scheduled from follow-on schedule check
